SF:lib/features/planner/data/adapters.dart
DA:6,2
DA:7,4
DA:8,6
DA:9,6
DA:10,6
DA:11,6
DA:12,6
DA:14,4
DA:15,6
DA:17,4
DA:18,6
LF:11
LH:11
end_of_record
SF:lib/features/planner/data/models/pending_action_model.dart
DA:29,7
DA:38,7
DA:40,5
DA:50,5
DA:51,5
DA:52,5
DA:53,5
DA:54,5
DA:55,5
DA:56,5
DA:57,5
DA:58,1
LF:12
LH:12
end_of_record
SF:lib/features/planner/data/models/personal_learning_plan_model.dart
DA:32,7
DA:44,1
DA:55,1
DA:56,1
DA:57,1
DA:58,1
DA:59,1
DA:60,1
DA:61,1
DA:62,1
DA:63,1
DA:64,1
DA:68,2
DA:69,8
DA:70,2
DA:71,4
DA:72,1
DA:75,1
DA:76,4
DA:77,2
DA:78,3
DA:80,5
DA:84,2
DA:85,1
DA:86,2
DA:87,5
DA:88,2
DA:89,3
DA:90,1
DA:91,1
DA:92,1
DA:93,1
DA:96,2
DA:97,1
DA:98,2
DA:99,5
DA:100,2
DA:101,3
DA:102,1
DA:103,2
DA:104,1
DA:105,1
DA:116,2
DA:124,2
DA:125,1
DA:126,1
DA:127,1
DA:128,1
DA:129,1
DA:132,2
DA:133,1
DA:134,1
DA:135,1
DA:136,1
DA:137,1
DA:170,8
DA:182,1
DA:193,1
DA:194,1
DA:195,1
DA:196,1
DA:197,1
DA:198,1
DA:199,0
DA:200,1
DA:201,1
DA:202,0
DA:206,2
DA:207,2
DA:208,1
DA:209,3
DA:210,1
DA:211,1
DA:212,1
DA:213,1
DA:214,1
DA:215,1
DA:218,2
DA:219,2
DA:220,1
DA:221,3
DA:222,3
DA:223,3
DA:224,1
DA:225,1
DA:226,1
DA:227,1
DA:263,8
DA:276,2
DA:277,1
DA:278,1
DA:279,1
DA:280,1
DA:281,1
DA:282,1
DA:283,1
DA:284,1
DA:285,1
DA:286,1
DA:289,2
DA:290,1
DA:291,1
DA:292,2
DA:293,1
DA:294,2
DA:295,2
DA:296,1
DA:297,1
DA:298,3
DA:299,1
DA:326,8
DA:336,2
DA:337,1
DA:338,1
DA:339,1
DA:340,1
DA:341,1
DA:342,1
DA:343,1
DA:346,2
DA:347,1
DA:348,1
DA:349,1
DA:350,1
DA:351,2
DA:352,3
DA:353,1
DA:354,2
DA:385,4
DA:396,2
DA:397,1
DA:398,1
DA:399,1
DA:400,1
DA:401,1
DA:402,1
DA:403,1
DA:404,1
DA:407,2
DA:408,1
DA:409,1
DA:410,1
DA:411,2
DA:412,3
DA:413,1
DA:414,1
DA:415,1
LF:147
LH:145
end_of_record
SF:lib/features/planner/data/repositories/plan_adherence_repository.dart
DA:7,4
DA:8,4
DA:11,2
DA:12,4
DA:15,2
DA:16,6
DA:17,10
DA:21,0
DA:23,0
DA:25,0
DA:26,0
DA:27,0
DA:30,0
DA:31,0
DA:32,0
DA:33,0
DA:36,0
DA:37,0
DA:38,0
DA:39,0
DA:40,0
DA:43,0
DA:45,0
DA:47,0
DA:48,0
DA:49,0
DA:57,0
DA:58,0
DA:59,0
DA:60,0
DA:61,0
DA:62,0
DA:63,0
DA:66,0
DA:67,0
DA:68,0
DA:69,0
LF:37
LH:7
end_of_record
SF:lib/features/planner/data/repositories/plan_repository.dart
DA:6,3
DA:7,3
DA:10,1
DA:11,2
DA:14,1
DA:15,1
DA:18,4
DA:19,4
DA:22,1
DA:23,1
DA:26,1
DA:27,2
DA:30,1
DA:31,1
LF:14
LH:14
end_of_record
SF:lib/features/planner/data/repositories/roadmap_repository.dart
DA:6,3
DA:7,3
DA:10,1
DA:11,2
DA:14,1
DA:15,1
DA:18,1
DA:19,1
DA:22,3
DA:23,5
DA:24,7
DA:28,0
DA:29,0
DA:32,1
DA:33,1
DA:36,0
DA:37,0
LF:17
LH:13
end_of_record
SF:lib/core/services/mastery_graph_service.dart
DA:20,5
DA:27,5
DA:28,5
DA:29,5
DA:30,5
DA:31,5
DA:33,5
DA:34,5
DA:35,5
DA:36,5
DA:37,5
DA:39,0
DA:41,0
DA:51,0
DA:52,0
DA:53,0
DA:56,0
DA:57,0
DA:65,0
DA:66,0
DA:71,0
DA:73,0
DA:74,0
DA:77,0
DA:78,0
DA:82,0
DA:85,0
DA:88,0
DA:90,0
DA:93,0
DA:95,0
DA:98,0
DA:102,0
DA:105,0
DA:109,0
DA:113,0
DA:115,0
DA:118,0
DA:119,0
DA:122,0
DA:123,0
DA:126,0
DA:133,0
DA:142,0
DA:143,0
DA:146,0
DA:147,0
DA:150,0
DA:153,0
DA:154,0
DA:155,0
DA:158,0
DA:161,0
DA:162,0
DA:163,0
LF:55
LH:11
end_of_record
SF:lib/core/services/plan_adapter.dart
DA:16,0
DA:28,0
DA:34,5
DA:40,5
DA:41,5
DA:42,5
DA:43,5
DA:46,0
DA:48,0
DA:49,0
DA:51,0
DA:52,0
DA:55,0
DA:56,0
DA:61,0
DA:62,0
DA:65,0
DA:66,0
DA:71,0
DA:72,0
DA:76,0
DA:85,0
DA:87,0
DA:91,1
DA:96,2
DA:100,0
DA:102,0
DA:103,0
DA:104,0
DA:105,0
DA:112,0
DA:113,0
DA:117,0
DA:119,2
DA:123,0
DA:125,0
DA:126,0
DA:127,0
DA:128,0
DA:132,0
DA:136,0
DA:137,0
DA:138,0
DA:139,0
DA:141,0
DA:142,0
DA:148,0
DA:155,0
DA:157,0
DA:158,0
DA:161,0
DA:162,0
DA:163,0
DA:167,0
DA:168,0
DA:169,0
DA:170,0
DA:171,0
DA:176,0
DA:179,0
DA:180,0
DA:181,0
DA:182,0
DA:183,0
DA:187,0
DA:189,0
DA:190,0
DA:192,0
DA:193,0
DA:195,0
DA:197,0
DA:198,0
DA:199,0
DA:201,0
DA:202,0
DA:203,0
DA:205,0
DA:206,0
DA:207,0
DA:215,0
DA:220,0
DA:228,0
DA:234,0
DA:242,0
DA:247,0
DA:255,0
DA:257,0
DA:258,0
DA:259,0
DA:260,0
LF:90
LH:8
end_of_record
SF:lib/core/data/models/session_model.dart
DA:13,3
DA:23,0
DA:24,0
DA:25,0
DA:26,0
DA:27,0
DA:28,0
DA:29,0
DA:30,0
DA:33,0
DA:34,0
DA:35,0
DA:36,0
DA:37,0
DA:38,0
DA:39,0
DA:41,0
DA:42,0
DA:45,0
DA:57,0
DA:58,0
DA:59,0
DA:60,0
DA:61,0
DA:62,0
DA:63,0
DA:64,0
DA:68,0
DA:71,0
DA:72,0
DA:73,0
DA:74,0
DA:75,0
DA:76,0
DA:77,0
DA:78,0
DA:79,0
DA:81,0
DA:82,0
DA:83,0
DA:84,0
DA:85,0
DA:86,0
DA:87,0
DA:88,0
DA:89,0
DA:115,3
DA:136,3
DA:138,0
DA:139,0
DA:140,0
DA:141,0
DA:142,0
DA:145,0
DA:146,0
DA:147,0
DA:148,0
DA:149,0
DA:150,0
DA:151,0
DA:152,0
DA:153,0
DA:154,0
DA:155,0
DA:156,0
DA:157,0
DA:158,0
DA:159,0
DA:160,0
DA:161,0
DA:162,0
DA:163,0
DA:164,0
DA:165,0
DA:168,0
DA:169,0
DA:170,0
DA:171,0
DA:172,0
DA:173,0
DA:174,0
DA:175,0
DA:176,0
DA:178,0
DA:179,0
DA:180,0
DA:181,0
DA:182,0
DA:183,0
DA:184,0
DA:185,0
DA:186,0
DA:187,0
DA:188,0
DA:189,0
DA:190,0
DA:192,0
DA:193,0
DA:194,0
DA:195,0
DA:196,0
DA:197,0
DA:198,0
DA:199,0
DA:203,3
DA:232,3
DA:233,3
DA:234,3
DA:235,3
DA:236,3
DA:237,3
DA:238,3
DA:239,3
DA:242,3
DA:243,3
DA:244,3
DA:245,3
DA:246,2
DA:247,3
DA:248,3
DA:249,3
DA:250,3
DA:251,3
DA:252,3
DA:253,3
DA:254,3
DA:258,0
DA:261,0
DA:262,0
DA:263,0
DA:265,0
DA:266,0
LF:132
LH:25
end_of_record
SF:lib/features/practice/data/repositories/mastery_graph_repository.dart
DA:24,6
DA:29,6
DA:30,6
DA:31,6
DA:32,6
DA:34,0
DA:43,0
DA:44,0
DA:45,0
DA:46,0
DA:47,0
DA:48,0
DA:49,0
DA:50,0
DA:51,0
DA:54,0
DA:56,0
DA:59,0
DA:61,0
DA:62,0
DA:63,0
DA:64,0
DA:65,0
DA:67,0
DA:74,0
DA:78,0
DA:81,0
DA:82,0
DA:85,0
DA:87,0
DA:90,0
DA:92,0
DA:95,0
DA:96,0
DA:99,0
DA:101,0
DA:106,0
DA:110,0
DA:113,0
DA:115,0
DA:118,0
DA:122,0
DA:125,0
DA:129,0
DA:134,0
DA:135,0
DA:138,0
DA:140,0
DA:143,0
DA:144,0
DA:149,0
DA:150,0
DA:153,0
DA:154,0
DA:157,0
DA:164,0
LF:56
LH:5
end_of_record
SF:lib/features/planner/data/models/plan_adherence_model.dart
DA:35,5
DA:48,2
DA:49,1
DA:50,1
DA:51,2
DA:52,1
DA:53,1
DA:54,1
DA:55,1
DA:56,1
DA:57,1
DA:58,1
DA:61,0
DA:62,0
DA:63,0
DA:64,0
DA:65,0
DA:66,0
DA:67,0
DA:68,0
DA:69,0
DA:70,0
DA:71,0
DA:74,1
DA:86,1
DA:87,1
DA:88,1
DA:89,1
DA:90,1
DA:91,1
DA:92,1
DA:93,1
DA:94,1
DA:95,1
DA:96,1
LF:35
LH:24
end_of_record
SF:lib/features/sessions/data/repositories/session_repository.dart
DA:12,0
DA:13,0
DA:16,0
DA:18,0
DA:20,0
DA:21,0
DA:23,0
DA:24,0
DA:28,0
DA:30,0
DA:31,0
DA:33,0
DA:34,0
DA:38,0
DA:40,0
DA:41,0
DA:42,0
DA:44,0
DA:45,0
DA:49,0
DA:51,0
DA:52,0
DA:53,0
DA:54,0
DA:55,0
DA:56,0
DA:57,0
DA:59,0
DA:60,0
DA:64,0
DA:66,0
DA:67,0
DA:69,0
DA:70,0
DA:74,0
DA:76,0
DA:77,0
DA:79,0
DA:80,0
DA:84,0
DA:86,0
DA:87,0
DA:89,0
DA:90,0
DA:94,0
DA:97,0
DA:98,0
DA:99,0
DA:100,0
DA:102,0
DA:103,0
DA:107,0
DA:110,0
DA:111,0
DA:112,0
DA:113,0
DA:114,0
DA:115,0
DA:117,0
DA:118,0
DA:122,0
DA:124,0
DA:125,0
DA:126,0
DA:127,0
DA:129,0
DA:130,0
DA:134,0
DA:136,0
DA:137,0
DA:139,0
DA:140,0
DA:144,0
DA:146,0
DA:147,0
DA:149,0
DA:150,0
DA:154,0
DA:156,0
DA:157,0
DA:159,0
DA:160,0
DA:164,0
DA:166,0
DA:167,0
DA:168,0
DA:169,0
DA:171,0
DA:172,0
DA:176,0
DA:178,0
DA:179,0
DA:180,0
DA:182,0
DA:183,0
DA:187,0
DA:189,0
DA:190,0
DA:191,0
DA:193,0
DA:194,0
DA:198,0
DA:200,0
DA:201,0
DA:202,0
DA:203,0
DA:204,0
DA:205,0
DA:207,0
DA:208,0
DA:212,0
DA:214,0
DA:215,0
DA:216,0
DA:217,0
DA:218,0
DA:219,0
DA:220,0
DA:221,0
DA:223,0
DA:225,0
DA:227,0
DA:231,0
DA:232,0
DA:236,0
DA:238,0
DA:239,0
DA:240,0
DA:241,0
DA:242,0
DA:243,0
DA:244,0
DA:245,0
DA:249,0
DA:252,0
DA:253,0
LF:136
LH:0
end_of_record
SF:lib/features/subjects/data/repositories/topic_repository.dart
DA:6,1
DA:7,1
DA:10,0
DA:11,0
DA:14,1
DA:15,1
DA:18,0
DA:19,0
DA:22,0
DA:23,0
DA:24,0
DA:27,0
DA:28,0
DA:31,0
DA:32,0
LF:15
LH:4
end_of_record
SF:lib/features/planner/data/repositories/pending_action_repository.dart
DA:6,1
DA:7,1
DA:10,1
DA:11,2
DA:14,1
DA:15,3
DA:16,5
DA:17,1
DA:20,1
DA:21,2
DA:23,2
DA:27,0
DA:28,0
DA:30,0
DA:34,0
DA:35,0
DA:36,0
DA:37,0
DA:41,0
DA:42,0
DA:43,0
LF:21
LH:11
end_of_record
SF:lib/features/planner/services/action_executor.dart
DA:7,4
DA:9,0
DA:11,4
DA:12,4
DA:13,4
DA:14,4
DA:15,1
DA:16,1
DA:17,1
DA:18,1
DA:24,4
DA:25,8
DA:26,8
DA:27,4
DA:28,8
DA:34,4
DA:37,12
DA:39,8
DA:48,1
DA:49,2
DA:50,2
DA:51,2
DA:52,1
DA:53,2
DA:56,2
DA:63,1
DA:66,3
DA:68,2
DA:77,1
DA:78,3
DA:81,1
DA:82,3
DA:86,1
LF:33
LH:32
end_of_record
SF:lib/features/planner/services/planner_service.dart
DA:38,3
DA:39,6
DA:40,3
DA:43,5
DA:57,3
DA:58,3
DA:59,3
DA:60,3
DA:62,5
DA:63,3
DA:65,3
DA:66,3
DA:67,3
DA:68,5
DA:69,5
DA:72,3
DA:73,3
DA:75,3
DA:76,6
DA:77,9
DA:80,3
DA:81,6
DA:82,9
DA:85,3
DA:86,6
DA:87,9
DA:90,3
DA:95,6
DA:96,6
DA:98,3
DA:99,3
DA:100,3
DA:101,3
DA:102,3
DA:103,3
DA:104,3
DA:106,6
DA:111,3
DA:112,3
DA:115,6
DA:118,3
DA:123,6
DA:124,6
DA:126,3
DA:127,3
DA:128,3
DA:129,3
DA:130,3
DA:131,3
DA:132,3
DA:134,6
DA:139,3
DA:140,3
DA:143,2
DA:146,3
DA:152,3
DA:153,6
DA:154,9
DA:155,3
DA:157,3
DA:159,4
DA:161,2
DA:164,2
DA:165,6
DA:169,6
DA:170,12
DA:171,15
DA:172,3
DA:173,6
DA:174,6
DA:177,6
DA:178,3
DA:179,6
DA:181,4
DA:182,6
DA:183,6
DA:184,12
DA:186,3
DA:189,4
DA:190,3
DA:194,3
DA:195,3
DA:196,3
DA:205,6
DA:206,6
DA:210,1
DA:216,1
DA:219,2
DA:224,4
DA:225,4
DA:228,6
DA:229,4
DA:230,2
DA:233,2
DA:235,8
DA:236,6
DA:237,2
DA:240,4
DA:243,4
DA:247,3
DA:255,6
DA:256,3
DA:257,3
DA:258,3
DA:265,3
DA:267,6
DA:268,3
DA:270,1
DA:275,3
DA:277,6
DA:278,6
DA:279,6
DA:280,6
DA:281,6
DA:282,3
DA:284,1
DA:289,2
DA:295,4
DA:296,4
DA:297,4
DA:298,4
DA:302,4
DA:303,2
DA:305,1
DA:310,3
DA:312,6
DA:313,6
DA:314,3
DA:315,3
DA:316,12
DA:317,3
DA:318,7
DA:320,2
DA:321,2
DA:325,3
DA:327,6
DA:328,6
DA:330,6
DA:332,6
DA:336,0
DA:341,3
DA:343,6
DA:344,6
DA:347,1
DA:352,1
DA:353,3
DA:354,3
DA:357,3
DA:358,9
DA:359,6
DA:362,2
DA:363,6
DA:364,4
DA:367,2
DA:372,4
DA:373,4
DA:374,2
DA:375,2
DA:376,4
DA:377,4
DA:378,4
DA:379,4
DA:380,2
DA:381,2
DA:382,4
DA:383,6
DA:390,3
DA:391,6
DA:392,6
DA:393,2
DA:394,8
DA:398,4
DA:399,14
DA:400,2
DA:401,4
DA:402,4
DA:405,2
DA:411,2
DA:412,6
DA:415,2
DA:416,6
LF:181
LH:180
end_of_record
SF:lib/core/extensions/build_context_extensions.dart
DA:5,0
DA:7,0
DA:9,0
DA:11,0
DA:13,0
DA:15,0
DA:17,0
DA:19,0
DA:21,0
DA:23,0
LF:10
LH:0
end_of_record
SF:lib/l10n/generated/app_localizations.dart
DA:65,10
DA:66,20
DA:70,9
DA:71,9
DA:6300,1
DA:6302,8
DA:6304,16
DA:6307,8
DA:6309,24
DA:6311,0
DA:6315,8
DA:6317,8
DA:6318,8
DA:6319,8
DA:6320,1
DA:6321,1
DA:6324,0
LF:17
LH:15
end_of_record
SF:lib/l10n/generated/app_localizations_en.dart
DA:9,20
DA:11,0
DA:14,1
DA:17,0
DA:20,0
DA:23,1
DA:26,1
DA:29,1
DA:32,1
DA:35,1
DA:38,1
DA:41,1
DA:44,1
DA:47,1
DA:50,0
DA:52,0
DA:55,0
DA:57,0
DA:60,1
DA:63,0
DA:65,0
DA:68,0
DA:70,0
DA:72,0
DA:73,0
DA:77,0
DA:80,0
DA:82,0
DA:84,0
DA:85,0
DA:88,0
DA:91,1
DA:94,0
DA:97,0
DA:100,0
DA:102,0
DA:104,0
DA:105,0
DA:108,0
DA:111,0
DA:113,0
DA:115,0
DA:116,0
DA:119,0
DA:122,0
DA:124,0
DA:126,0
DA:127,0
DA:130,0
DA:133,0
DA:135,0
DA:137,0
DA:138,0
DA:141,0
DA:144,0
DA:147,0
DA:150,0
DA:153,0
DA:156,0
DA:160,0
DA:163,0
DA:166,0
DA:169,0
DA:172,0
DA:174,0
DA:176,0
DA:177,0
DA:180,0
DA:183,0
DA:186,0
DA:189,0
DA:192,0
DA:195,0
DA:198,0
DA:201,0
DA:204,0
DA:207,0
DA:210,0
DA:213,0
DA:216,0
DA:219,0
DA:222,0
DA:225,0
DA:228,0
DA:231,0
DA:234,0
DA:238,0
DA:241,0
DA:245,1
DA:248,0
DA:251,0
DA:254,0
DA:257,0
DA:259,0
DA:262,0
DA:265,0
DA:268,0
DA:271,1
DA:274,1
DA:277,0
DA:280,0
DA:283,0
DA:286,0
DA:289,0
DA:292,0
DA:295,0
DA:298,0
DA:301,0
DA:304,0
DA:307,0
DA:310,0
DA:313,0
DA:316,0
DA:318,0
DA:321,0
DA:324,0
DA:327,0
DA:330,0
DA:334,0
DA:337,0
DA:340,0
DA:343,0
DA:345,0
DA:348,0
DA:351,0
DA:354,0
DA:357,0
DA:360,0
DA:363,0
DA:366,0
DA:369,0
DA:372,0
DA:375,0
DA:378,0
DA:381,0
DA:384,0
DA:387,0
DA:390,0
DA:393,0
DA:396,0
DA:399,0
DA:402,0
DA:404,0
DA:407,0
DA:410,1
DA:413,0
DA:415,0
DA:418,0
DA:421,0
DA:424,1
DA:427,0
DA:430,0
DA:433,0
DA:436,0
DA:439,0
DA:442,0
DA:445,0
DA:448,0
DA:451,0
DA:454,0
DA:457,0
DA:461,0
DA:464,0
DA:467,0
DA:471,0
DA:474,0
DA:477,0
DA:480,0
DA:483,0
DA:486,0
DA:489,0
DA:492,0
DA:495,0
DA:498,0
DA:501,0
DA:504,0
DA:507,0
DA:510,0
DA:513,0
DA:516,0
DA:519,0
DA:522,0
DA:525,0
DA:528,0
DA:531,0
DA:534,0
DA:537,0
DA:540,0
DA:543,0
DA:545,0
DA:548,0
DA:551,0
DA:554,0
DA:557,0
DA:560,1
DA:562,1
DA:565,0
DA:568,0
DA:571,0
DA:573,0
DA:575,0
DA:576,0
DA:579,0
DA:582,0
DA:585,0
DA:588,0
DA:591,0
DA:594,0
DA:597,0
DA:600,0
DA:603,0
DA:606,0
DA:609,0
DA:612,0
DA:616,0
DA:620,0
DA:622,0
DA:625,0
DA:628,0
DA:632,0
DA:634,0
DA:637,0
DA:640,0
DA:643,0
DA:646,0
DA:649,0
DA:652,0
DA:655,0
DA:658,0
DA:661,0
DA:664,0
DA:667,0
DA:670,0
DA:673,0
DA:676,0
DA:679,0
DA:682,0
DA:685,0
DA:688,0
DA:691,0
DA:694,0
DA:697,0
DA:700,0
DA:703,0
DA:706,0
DA:708,0
DA:711,0
DA:714,0
DA:717,0
DA:720,0
DA:723,0
DA:726,0
DA:729,0
DA:732,0
DA:734,0
DA:737,1
DA:740,0
DA:742,0
DA:745,0
DA:748,0
DA:751,0
DA:754,0
DA:757,0
DA:760,0
DA:763,0
DA:766,0
DA:769,0
DA:772,0
DA:775,0
DA:778,0
DA:781,0
DA:784,0
DA:787,0
DA:790,0
DA:793,0
DA:796,0
DA:800,0
DA:803,0
DA:806,1
DA:809,1
DA:812,0
DA:815,0
DA:818,0
DA:821,0
DA:824,0
DA:827,0
DA:830,0
DA:834,0
DA:837,0
DA:840,0
DA:842,0
DA:844,0
DA:845,0
DA:849,0
DA:852,0
DA:854,0
DA:857,0
DA:860,0
DA:863,0
DA:866,0
DA:868,0
DA:871,0
DA:874,0
DA:877,0
DA:880,0
DA:883,0
DA:886,0
DA:889,0
DA:892,0
DA:895,0
DA:898,0
DA:901,0
DA:904,0
DA:907,0
DA:910,0
DA:913,0
DA:916,0
DA:919,0
DA:922,0
DA:925,0
DA:928,0
DA:931,0
DA:934,0
DA:937,0
DA:940,0
DA:943,0
DA:946,0
DA:949,0
DA:952,0
DA:955,0
DA:958,0
DA:961,0
DA:963,0
DA:966,0
DA:968,0
DA:971,0
DA:973,0
DA:976,0
DA:979,0
DA:983,0
DA:986,0
DA:988,0
DA:991,0
DA:995,0
DA:999,0
DA:1002,0
DA:1005,0
DA:1008,0
DA:1011,0
DA:1013,0
DA:1016,0
DA:1019,0
DA:1023,0
DA:1025,0
DA:1028,0
DA:1031,0
DA:1034,0
DA:1037,0
DA:1040,0
DA:1043,0
DA:1045,0
DA:1048,3
DA:1051,0
DA:1054,0
DA:1057,0
DA:1060,0
DA:1063,0
DA:1066,0
DA:1069,0
DA:1072,0
DA:1075,0
DA:1078,0
DA:1081,0
DA:1084,0
DA:1087,0
DA:1090,0
DA:1093,0
DA:1096,0
DA:1099,0
DA:1102,0
DA:1105,0
DA:1108,0
DA:1111,0
DA:1115,0
DA:1118,0
DA:1121,0
DA:1124,0
DA:1127,0
DA:1130,0
DA:1133,0
DA:1136,0
DA:1139,0
DA:1141,0
DA:1144,0
DA:1147,0
DA:1150,0
DA:1153,0
DA:1156,0
DA:1159,0
DA:1162,0
DA:1165,0
DA:1168,0
DA:1171,0
DA:1174,0
DA:1176,0
DA:1178,0
DA:1179,0
DA:1182,0
DA:1185,0
DA:1188,0
DA:1191,0
DA:1194,0
DA:1197,0
DA:1201,0
DA:1204,0
DA:1207,0
DA:1211,0
DA:1214,0
DA:1217,0
DA:1220,0
DA:1223,0
DA:1227,0
DA:1230,0
DA:1233,0
DA:1236,0
DA:1239,0
DA:1243,0
DA:1246,0
DA:1249,0
DA:1252,0
DA:1255,0
DA:1257,0
DA:1260,0
DA:1263,0
DA:1266,0
DA:1269,0
DA:1272,0
DA:1275,0
DA:1278,0
DA:1281,2
DA:1284,0
DA:1287,0
DA:1291,0
DA:1294,0
DA:1297,2
DA:1300,0
DA:1303,0
DA:1305,0
DA:1308,0
DA:1311,0
DA:1315,0
DA:1318,0
DA:1320,0
DA:1322,0
DA:1323,0
DA:1326,0
DA:1329,0
DA:1331,0
DA:1334,0
DA:1337,0
DA:1340,0
DA:1343,0
DA:1346,0
DA:1349,0
DA:1352,0
DA:1355,0
DA:1358,0
DA:1361,0
DA:1364,0
DA:1367,0
DA:1370,0
DA:1373,0
DA:1376,0
DA:1379,0
DA:1382,2
DA:1385,0
DA:1388,0
DA:1391,0
DA:1395,0
DA:1398,0
DA:1401,0
DA:1404,0
DA:1407,0
DA:1410,0
DA:1412,0
DA:1415,0
DA:1417,0
DA:1420,0
DA:1423,0
DA:1425,0
DA:1428,0
DA:1431,0
DA:1434,0
DA:1437,0
DA:1440,0
DA:1443,0
DA:1446,0
DA:1449,0
DA:1452,0
DA:1455,0
DA:1458,0
DA:1461,0
DA:1464,0
DA:1467,0
DA:1470,0
DA:1473,0
DA:1476,0
DA:1478,0
DA:1481,2
DA:1484,2
DA:1487,2
DA:1490,2
DA:1493,2
DA:1496,2
DA:1498,2
DA:1501,2
DA:1504,2
DA:1507,2
DA:1510,2
DA:1512,2
DA:1515,2
DA:1517,2
DA:1520,2
DA:1523,0
DA:1526,0
DA:1528,0
DA:1531,0
DA:1534,0
DA:1536,0
DA:1539,0
DA:1541,0
DA:1544,0
DA:1546,0
DA:1549,0
DA:1551,0
DA:1554,0
DA:1557,0
DA:1560,0
DA:1563,0
DA:1565,0
DA:1568,0
DA:1570,0
DA:1573,0
DA:1575,0
DA:1578,0
DA:1580,0
DA:1583,0
DA:1586,0
DA:1588,0
DA:1591,0
DA:1594,2
DA:1597,0
DA:1600,0
DA:1603,0
DA:1606,0
DA:1608,0
DA:1611,0
DA:1613,0
DA:1616,0
DA:1619,0
DA:1622,0
DA:1625,0
DA:1628,0
DA:1631,0
DA:1633,0
DA:1635,0
DA:1636,0
DA:1639,0
DA:1642,0
DA:1645,0
DA:1648,0
DA:1651,0
DA:1654,0
DA:1657,0
DA:1660,0
DA:1663,0
DA:1666,0
DA:1669,0
DA:1672,0
DA:1675,0
DA:1678,0
DA:1682,0
DA:1685,0
DA:1688,2
DA:1691,2
DA:1694,1
DA:1697,0
DA:1699,0
DA:1701,0
DA:1702,0
DA:1705,0
DA:1708,0
DA:1711,0
DA:1714,0
DA:1717,0
DA:1720,0
DA:1723,0
DA:1726,0
DA:1728,0
DA:1731,0
DA:1734,0
DA:1737,0
DA:1740,0
DA:1743,0
DA:1746,0
DA:1749,0
DA:1752,0
DA:1755,0
DA:1758,0
DA:1761,0
DA:1764,0
DA:1767,0
DA:1770,0
DA:1772,0
DA:1775,0
DA:1778,0
DA:1781,0
DA:1784,0
DA:1787,0
DA:1790,0
DA:1794,0
DA:1796,0
DA:1799,0
DA:1802,0
DA:1804,0
DA:1807,0
DA:1810,0
DA:1813,0
DA:1815,0
DA:1817,0
DA:1818,0
DA:1821,0
DA:1824,2
DA:1826,2
DA:1829,3
DA:1831,3
DA:1834,0
DA:1837,0
DA:1840,0
DA:1842,0
DA:1845,0
DA:1848,0
DA:1852,0
DA:1855,0
DA:1858,0
DA:1861,0
DA:1863,0
DA:1866,0
DA:1868,0
DA:1871,0
DA:1873,0
DA:1876,0
DA:1880,0
DA:1883,0
DA:1886,0
DA:1889,0
DA:1893,0
DA:1895,0
DA:1898,0
DA:1900,0
DA:1903,0
DA:1905,0
DA:1908,0
DA:1911,0
DA:1915,0
DA:1919,0
DA:1923,0
DA:1927,0
DA:1931,0
DA:1935,0
DA:1938,0
DA:1941,0
DA:1944,0
DA:1947,0
DA:1950,0
DA:1953,0
DA:1956,2
DA:1958,2
DA:1961,0
DA:1964,0
DA:1967,0
DA:1970,0
DA:1973,0
DA:1977,0
DA:1980,0
DA:1983,0
DA:1986,0
DA:1989,0
DA:1993,0
DA:1997,0
DA:2001,0
DA:2005,0
DA:2008,0
DA:2012,0
DA:2015,0
DA:2019,0
DA:2023,0
DA:2027,0
DA:2031,0
DA:2035,0
DA:2038,0
DA:2041,0
DA:2044,0
DA:2047,0
DA:2050,0
DA:2053,0
DA:2056,0
DA:2059,0
DA:2062,0
DA:2065,0
DA:2068,0
DA:2071,0
DA:2074,0
DA:2077,0
DA:2080,0
DA:2083,0
DA:2087,0
DA:2090,0
DA:2093,0
DA:2097,0
DA:2101,0
DA:2104,0
DA:2107,0
DA:2110,0
DA:2113,0
DA:2116,0
DA:2118,0
DA:2120,0
DA:2121,0
DA:2124,0
DA:2127,0
DA:2129,0
DA:2131,0
DA:2132,0
DA:2135,0
DA:2138,0
DA:2142,0
DA:2144,0
DA:2147,0
DA:2149,0
DA:2151,0
DA:2152,0
DA:2155,0
DA:2158,0
DA:2160,0
DA:2163,0
DA:2167,0
DA:2171,0
DA:2175,0
DA:2178,0
DA:2180,0
DA:2183,0
DA:2187,0
DA:2189,0
DA:2192,0
DA:2196,0
DA:2200,0
DA:2204,0
DA:2208,0
DA:2211,0
DA:2213,0
DA:2215,0
DA:2216,0
DA:2219,0
DA:2222,0
DA:2224,0
DA:2227,0
DA:2229,0
DA:2232,0
DA:2236,0
DA:2240,0
DA:2242,0
DA:2245,0
DA:2249,0
DA:2253,0
DA:2256,0
DA:2259,0
DA:2262,0
DA:2265,0
DA:2267,0
DA:2270,0
DA:2272,0
DA:2275,0
DA:2277,0
DA:2280,0
DA:2282,0
DA:2285,0
DA:2287,0
DA:2290,0
DA:2293,0
DA:2295,0
DA:2298,0
DA:2301,0
DA:2303,0
DA:2306,0
DA:2309,0
DA:2311,0
DA:2314,0
DA:2318,0
DA:2322,0
DA:2326,1
DA:2329,1
DA:2332,2
DA:2335,1
DA:2338,1
DA:2341,0
DA:2344,2
DA:2347,0
DA:2350,3
DA:2352,3
DA:2355,2
DA:2358,1
DA:2361,0
DA:2364,3
DA:2367,2
DA:2369,2
DA:2372,3
DA:2374,3
DA:2377,0
DA:2380,0
DA:2383,0
DA:2386,0
DA:2389,0
DA:2392,0
DA:2395,0
DA:2398,0
DA:2401,0
DA:2404,0
DA:2407,0
DA:2410,0
DA:2413,0
DA:2416,0
DA:2420,0
DA:2423,0
DA:2426,0
DA:2429,3
DA:2431,3
DA:2434,3
DA:2436,3
DA:2439,0
DA:2442,0
DA:2446,0
DA:2449,0
DA:2452,0
DA:2455,0
DA:2458,0
DA:2461,0
DA:2465,0
DA:2468,0
DA:2470,0
DA:2473,0
DA:2475,0
DA:2478,0
DA:2480,0
DA:2483,0
DA:2485,0
DA:2488,0
DA:2491,0
DA:2494,0
DA:2497,0
DA:2500,0
DA:2502,0
DA:2505,0
DA:2508,0
DA:2512,0
DA:2515,0
DA:2517,0
DA:2520,0
DA:2523,0
DA:2525,0
DA:2528,0
DA:2531,0
DA:2534,0
DA:2537,0
DA:2540,0
DA:2543,0
DA:2546,0
DA:2549,0
DA:2552,0
DA:2555,0
DA:2558,0
DA:2561,0
DA:2564,0
DA:2567,0
DA:2570,0
DA:2573,0
DA:2576,0
DA:2579,0
DA:2582,0
DA:2585,0
DA:2588,0
DA:2591,0
DA:2594,0
DA:2597,0
DA:2600,0
DA:2603,0
DA:2606,0
DA:2609,0
DA:2612,0
DA:2615,0
DA:2618,0
DA:2621,0
DA:2624,0
DA:2627,0
DA:2630,0
DA:2633,0
DA:2635,0
DA:2638,0
DA:2640,0
DA:2643,0
DA:2646,0
DA:2649,0
DA:2652,0
DA:2655,0
DA:2658,0
DA:2661,0
DA:2664,0
DA:2667,0
DA:2670,0
DA:2673,0
DA:2676,0
DA:2678,0
DA:2681,0
DA:2683,0
DA:2686,0
DA:2688,0
DA:2691,0
DA:2694,0
DA:2698,0
DA:2702,0
DA:2705,0
DA:2708,0
DA:2712,0
DA:2715,0
DA:2719,0
DA:2722,0
DA:2726,0
DA:2729,0
DA:2732,0
DA:2735,0
DA:2738,0
DA:2741,1
DA:2744,1
DA:2747,1
DA:2750,0
DA:2753,1
DA:2756,1
DA:2759,2
DA:2762,2
DA:2765,2
DA:2768,1
DA:2771,1
DA:2774,0
DA:2777,0
DA:2780,0
DA:2783,1
DA:2785,1
DA:2788,0
DA:2791,0
DA:2794,0
DA:2797,0
DA:2800,0
DA:2803,0
DA:2806,0
DA:2809,0
DA:2812,0
DA:2815,0
DA:2818,0
DA:2821,0
DA:2824,0
DA:2827,0
DA:2830,0
DA:2833,0
DA:2836,0
DA:2839,0
DA:2842,0
DA:2845,0
DA:2848,0
DA:2851,0
DA:2853,0
DA:2856,0
DA:2859,0
DA:2861,0
DA:2864,0
DA:2867,0
DA:2869,0
DA:2872,0
DA:2875,0
DA:2877,0
DA:2880,0
DA:2883,0
DA:2885,0
DA:2888,0
DA:2891,0
DA:2893,0
DA:2896,0
DA:2900,0
DA:2903,0
DA:2907,0
DA:2911,0
DA:2915,0
DA:2918,0
DA:2922,0
DA:2926,0
DA:2928,0
DA:2931,0
DA:2934,0
DA:2936,0
DA:2939,0
DA:2941,0
DA:2944,0
DA:2946,0
DA:2949,0
DA:2952,0
DA:2955,0
DA:2958,0
DA:2961,0
DA:2964,0
DA:2967,0
DA:2970,0
DA:2973,0
DA:2976,0
DA:2979,0
DA:2983,0
DA:2986,0
DA:2989,0
DA:2992,0
DA:3000,0
DA:3003,0
DA:3005,0
DA:3008,0
DA:3010,0
DA:3013,0
DA:3015,0
DA:3018,0
DA:3022,0
DA:3026,0
DA:3030,0
DA:3033,0
DA:3037,0
DA:3041,0
DA:3045,0
DA:3048,0
DA:3051,0
DA:3055,0
DA:3057,0
DA:3060,0
DA:3063,0
DA:3066,0
DA:3069,0
DA:3072,0
DA:3075,0
DA:3078,0
DA:3081,0
DA:3084,0
DA:3087,0
DA:3090,0
DA:3093,0
DA:3096,0
DA:3099,0
DA:3101,0
DA:3104,0
DA:3106,0
DA:3109,0
DA:3112,0
DA:3115,0
DA:3118,0
DA:3121,0
DA:3124,0
DA:3127,0
DA:3130,0
DA:3133,0
DA:3136,1
DA:3139,0
DA:3141,0
DA:3144,0
DA:3146,0
DA:3149,0
DA:3151,0
DA:3154,0
DA:3156,0
DA:3159,0
DA:3163,0
DA:3167,0
DA:3171,2
DA:3174,2
DA:3177,0
DA:3181,1
DA:3184,2
DA:3187,1
DA:3190,2
DA:3193,1
DA:3197,1
DA:3200,1
DA:3203,1
DA:3206,1
DA:3209,1
DA:3213,1
DA:3216,1
DA:3220,1
DA:3223,0
DA:3226,0
DA:3229,0
DA:3232,0
DA:3235,0
DA:3238,1
DA:3241,1
DA:3244,1
DA:3247,1
DA:3249,1
DA:3251,1
DA:3252,1
DA:3255,1
DA:3258,2
DA:3260,2
DA:3263,2
DA:3266,1
DA:3268,1
DA:3271,0
DA:3273,0
DA:3276,0
DA:3278,0
DA:3281,0
DA:3283,0
DA:3286,0
DA:3288,0
DA:3291,0
DA:3294,0
DA:3296,0
DA:3299,0
DA:3301,0
DA:3304,0
DA:3307,0
DA:3310,0
DA:3312,0
DA:3315,0
DA:3317,0
DA:3320,0
DA:3322,0
DA:3325,0
DA:3327,0
DA:3330,0
DA:3333,0
DA:3336,0
DA:3339,0
DA:3342,0
DA:3345,0
DA:3348,0
DA:3351,0
DA:3353,0
DA:3356,0
DA:3359,0
DA:3362,0
DA:3365,0
DA:3368,0
DA:3371,0
DA:3374,0
DA:3378,0
DA:3382,0
DA:3386,0
DA:3390,0
DA:3394,0
DA:3398,0
DA:3401,0
DA:3405,0
DA:3408,0
DA:3412,0
DA:3415,0
DA:3418,0
DA:3422,0
DA:3425,0
DA:3429,0
DA:3432,0
DA:3436,0
DA:3440,0
DA:3443,0
DA:3446,0
DA:3449,0
DA:3452,0
DA:3455,1
DA:3459,0
DA:3461,0
DA:3464,0
DA:3466,0
DA:3469,1
DA:3472,1
DA:3475,0
DA:3477,0
DA:3480,0
DA:3482,0
DA:3485,0
DA:3487,0
DA:3490,0
DA:3492,0
DA:3495,0
DA:3499,0
DA:3501,0
DA:3504,0
DA:3506,0
DA:3509,0
DA:3513,0
DA:3515,0
DA:3518,0
DA:3520,0
DA:3523,0
DA:3525,0
DA:3528,0
DA:3532,0
DA:3538,0
DA:3541,0
DA:3543,0
DA:3546,0
DA:3548,0
DA:3551,0
DA:3554,0
DA:3562,0
DA:3565,0
DA:3569,0
DA:3573,0
DA:3577,0
DA:3579,0
DA:3582,0
DA:3586,0
DA:3588,0
DA:3591,0
DA:3595,0
DA:3597,0
DA:3600,0
DA:3604,0
DA:3608,0
DA:3610,0
DA:3613,0
DA:3617,0
DA:3619,0
DA:3622,0
DA:3626,0
DA:3630,0
DA:3634,0
DA:3638,0
DA:3642,0
DA:3645,0
DA:3648,0
DA:3651,0
DA:3654,0
DA:3658,0
DA:3662,0
DA:3665,0
DA:3669,0
DA:3672,0
DA:3675,0
DA:3679,0
DA:3682,0
DA:3686,0
DA:3689,0
DA:3693,0
LF:1255
LH:115
end_of_record
SF:lib/l10n/generated/app_localizations_es.dart
DA:9,2
DA:11,0
DA:14,0
DA:17,0
DA:20,0
DA:23,0
DA:26,0
DA:29,0
DA:32,0
DA:35,0
DA:38,0
DA:41,0
DA:44,0
DA:47,0
DA:50,0
DA:52,0
DA:55,0
DA:57,0
DA:60,0
DA:64,0
DA:66,0
DA:69,0
DA:71,0
DA:73,0
DA:74,0
DA:78,0
DA:81,0
DA:83,0
DA:85,0
DA:86,0
DA:89,0
DA:92,0
DA:95,0
DA:98,0
DA:101,0
DA:103,0
DA:105,0
DA:106,0
DA:109,0
DA:112,0
DA:114,0
DA:116,0
DA:117,0
DA:120,0
DA:123,0
DA:125,0
DA:127,0
DA:128,0
DA:131,0
DA:134,0
DA:136,0
DA:138,0
DA:139,0
DA:142,0
DA:145,0
DA:148,0
DA:151,0
DA:154,0
DA:157,0
DA:161,0
DA:165,0
DA:168,0
DA:171,0
DA:174,0
DA:176,0
DA:178,0
DA:179,0
DA:182,0
DA:185,0
DA:188,0
DA:191,0
DA:194,0
DA:197,0
DA:200,0
DA:203,0
DA:206,0
DA:209,0
DA:212,0
DA:215,0
DA:218,0
DA:221,0
DA:224,0
DA:227,0
DA:230,0
DA:233,0
DA:237,0
DA:241,0
DA:244,0
DA:248,0
DA:251,0
DA:254,0
DA:257,0
DA:260,0
DA:262,0
DA:265,0
DA:268,0
DA:271,0
DA:274,0
DA:277,0
DA:280,0
DA:283,0
DA:286,0
DA:289,0
DA:292,0
DA:295,0
DA:298,0
DA:301,0
DA:304,0
DA:307,0
DA:310,0
DA:313,0
DA:317,0
DA:320,0
DA:322,0
DA:325,0
DA:328,0
DA:331,0
DA:334,0
DA:338,0
DA:341,0
DA:344,0
DA:347,0
DA:349,0
DA:352,0
DA:355,0
DA:358,0
DA:361,0
DA:364,0
DA:367,0
DA:370,0
DA:373,0
DA:376,0
DA:379,0
DA:382,0
DA:385,0
DA:388,0
DA:391,0
DA:394,0
DA:397,0
DA:400,0
DA:403,0
DA:406,0
DA:408,0
DA:411,0
DA:414,0
DA:417,0
DA:419,0
DA:422,0
DA:425,0
DA:428,0
DA:431,0
DA:434,0
DA:437,0
DA:440,0
DA:443,0
DA:446,0
DA:449,0
DA:452,0
DA:455,0
DA:458,0
DA:461,0
DA:465,0
DA:468,0
DA:471,0
DA:475,0
DA:478,0
DA:481,0
DA:484,0
DA:487,0
DA:490,0
DA:493,0
DA:496,0
DA:499,0
DA:502,0
DA:505,0
DA:508,0
DA:511,0
DA:514,0
DA:517,0
DA:520,0
DA:523,0
DA:526,0
DA:529,0
DA:532,0
DA:535,0
DA:538,0
DA:541,0
DA:544,0
DA:547,0
DA:549,0
DA:552,0
DA:555,0
DA:558,0
DA:561,0
DA:564,0
DA:566,0
DA:569,0
DA:572,0
DA:575,0
DA:577,0
DA:579,0
DA:580,0
DA:583,0
DA:586,0
DA:589,0
DA:592,0
DA:595,0
DA:598,0
DA:601,0
DA:604,0
DA:608,0
DA:611,0
DA:615,0
DA:618,0
DA:622,0
DA:626,0
DA:628,0
DA:631,0
DA:635,0
DA:639,0
DA:641,0
DA:644,0
DA:647,0
DA:650,0
DA:653,0
DA:656,0
DA:659,0
DA:662,0
DA:665,0
DA:668,0
DA:671,0
DA:674,0
DA:677,0
DA:680,0
DA:683,0
DA:686,0
DA:689,0
DA:692,0
DA:695,0
DA:698,0
DA:701,0
DA:704,0
DA:707,0
DA:710,0
DA:713,0
DA:715,0
DA:718,0
DA:721,0
DA:724,0
DA:727,0
DA:730,0
DA:733,0
DA:736,0
DA:739,0
DA:741,0
DA:744,0
DA:747,0
DA:749,0
DA:752,0
DA:756,0
DA:759,0
DA:762,0
DA:765,0
DA:768,0
DA:771,0
DA:774,0
DA:777,0
DA:781,0
DA:784,0
DA:788,0
DA:791,0
DA:794,0
DA:797,0
DA:800,0
DA:803,0
DA:806,0
DA:810,0
DA:813,0
DA:816,0
DA:819,0
DA:822,0
DA:825,0
DA:828,0
DA:831,0
DA:834,0
DA:837,0
DA:840,0
DA:844,0
DA:847,0
DA:850,0
DA:852,0
DA:854,0
DA:855,0
DA:859,0
DA:862,0
DA:864,0
DA:867,0
DA:870,0
DA:873,0
DA:876,0
DA:878,0
DA:881,0
DA:884,0
DA:887,0
DA:890,0
DA:893,0
DA:896,0
DA:899,0
DA:902,0
DA:905,0
DA:908,0
DA:911,0
DA:914,0
DA:917,0
DA:920,0
DA:923,0
DA:926,0
DA:929,0
DA:932,0
DA:935,0
DA:938,0
DA:941,0
DA:944,0
DA:947,0
DA:950,0
DA:953,0
DA:956,0
DA:959,0
DA:962,0
DA:965,0
DA:968,0
DA:971,0
DA:973,0
DA:976,0
DA:978,0
DA:981,0
DA:983,0
DA:986,0
DA:989,0
DA:993,0
DA:996,0
DA:998,0
DA:1001,0
DA:1005,0
DA:1009,0
DA:1013,0
DA:1016,0
DA:1020,0
DA:1023,0
DA:1025,0
DA:1028,0
DA:1031,0
DA:1035,0
DA:1037,0
DA:1040,0
DA:1043,0
DA:1046,0
DA:1049,0
DA:1052,0
DA:1055,0
DA:1057,0
DA:1060,0
DA:1063,0
DA:1067,0
DA:1070,0
DA:1073,0
DA:1076,0
DA:1079,0
DA:1082,0
DA:1085,0
DA:1088,0
DA:1091,0
DA:1094,0
DA:1097,0
DA:1100,0
DA:1103,0
DA:1106,0
DA:1109,0
DA:1112,0
DA:1116,0
DA:1119,0
DA:1122,0
DA:1125,0
DA:1129,0
DA:1132,0
DA:1135,0
DA:1138,0
DA:1141,0
DA:1144,0
DA:1147,0
DA:1150,0
DA:1153,0
DA:1155,0
DA:1158,0
DA:1161,0
DA:1164,0
DA:1167,0
DA:1170,0
DA:1173,0
DA:1176,0
DA:1179,0
DA:1182,0
DA:1185,0
DA:1188,0
DA:1190,0
DA:1192,0
DA:1193,0
DA:1196,0
DA:1199,0
DA:1202,0
DA:1205,0
DA:1208,0
DA:1211,0
DA:1215,0
DA:1218,0
DA:1221,0
DA:1225,0
DA:1228,0
DA:1231,0
DA:1234,0
DA:1237,0
DA:1241,0
DA:1245,0
DA:1248,0
DA:1251,0
DA:1254,0
DA:1258,0
DA:1261,0
DA:1264,0
DA:1267,0
DA:1270,0
DA:1272,0
DA:1275,0
DA:1278,0
DA:1281,0
DA:1284,0
DA:1287,0
DA:1290,0
DA:1293,0
DA:1296,1
DA:1299,0
DA:1302,0
DA:1306,0
DA:1309,0
DA:1313,0
DA:1316,0
DA:1319,0
DA:1321,0
DA:1324,0
DA:1327,0
DA:1331,0
DA:1334,0
DA:1336,0
DA:1338,0
DA:1339,0
DA:1342,0
DA:1345,0
DA:1347,0
DA:1350,0
DA:1353,0
DA:1356,0
DA:1359,0
DA:1362,0
DA:1365,0
DA:1368,0
DA:1371,0
DA:1374,0
DA:1377,0
DA:1380,0
DA:1383,0
DA:1386,0
DA:1389,0
DA:1392,0
DA:1395,0
DA:1398,1
DA:1401,0
DA:1404,0
DA:1407,0
DA:1411,0
DA:1414,0
DA:1417,0
DA:1420,0
DA:1423,0
DA:1426,0
DA:1428,0
DA:1431,0
DA:1433,0
DA:1436,0
DA:1440,0
DA:1442,0
DA:1445,0
DA:1448,0
DA:1451,0
DA:1455,0
DA:1458,0
DA:1461,0
DA:1464,0
DA:1467,0
DA:1470,0
DA:1473,0
DA:1476,0
DA:1479,0
DA:1482,0
DA:1485,0
DA:1488,0
DA:1492,0
DA:1495,0
DA:1497,0
DA:1500,1
DA:1503,1
DA:1506,1
DA:1509,1
DA:1512,1
DA:1515,0
DA:1517,0
DA:1520,0
DA:1523,0
DA:1526,0
DA:1529,0
DA:1531,0
DA:1534,0
DA:1536,0
DA:1539,0
DA:1542,0
DA:1545,0
DA:1547,0
DA:1550,0
DA:1553,0
DA:1555,0
DA:1558,0
DA:1560,0
DA:1563,0
DA:1565,0
DA:1568,0
DA:1570,0
DA:1573,0
DA:1576,0
DA:1579,0
DA:1582,0
DA:1584,0
DA:1587,0
DA:1589,0
DA:1592,0
DA:1594,0
DA:1597,0
DA:1599,0
DA:1602,0
DA:1605,0
DA:1607,0
DA:1610,0
DA:1613,0
DA:1616,0
DA:1619,0
DA:1622,0
DA:1625,0
DA:1627,0
DA:1630,0
DA:1632,0
DA:1635,0
DA:1638,0
DA:1641,0
DA:1644,0
DA:1647,0
DA:1650,0
DA:1652,0
DA:1654,0
DA:1655,0
DA:1658,0
DA:1661,0
DA:1664,0
DA:1668,0
DA:1671,0
DA:1674,0
DA:1677,0
DA:1680,0
DA:1683,0
DA:1686,0
DA:1689,0
DA:1692,0
DA:1695,0
DA:1698,0
DA:1702,0
DA:1705,0
DA:1708,0
DA:1711,0
DA:1714,0
DA:1717,0
DA:1719,0
DA:1721,0
DA:1722,0
DA:1725,0
DA:1728,0
DA:1731,0
DA:1734,0
DA:1737,0
DA:1740,0
DA:1743,0
DA:1746,0
DA:1748,0
DA:1751,0
DA:1754,0
DA:1757,0
DA:1760,0
DA:1763,0
DA:1766,0
DA:1769,0
DA:1772,0
DA:1775,0
DA:1778,0
DA:1781,0
DA:1784,0
DA:1787,0
DA:1790,0
DA:1792,0
DA:1795,0
DA:1798,0
DA:1801,0
DA:1804,0
DA:1807,0
DA:1810,0
DA:1814,0
DA:1816,0
DA:1819,0
DA:1822,0
DA:1824,0
DA:1827,0
DA:1830,0
DA:1833,0
DA:1835,0
DA:1837,0
DA:1838,0
DA:1841,0
DA:1844,1
DA:1846,1
DA:1849,1
DA:1851,1
DA:1854,0
DA:1857,0
DA:1860,0
DA:1862,0
DA:1865,0
DA:1868,0
DA:1872,0
DA:1875,0
DA:1878,0
DA:1881,0
DA:1883,0
DA:1886,0
DA:1888,0
DA:1891,0
DA:1893,0
DA:1896,0
DA:1900,0
DA:1903,0
DA:1906,0
DA:1909,0
DA:1913,0
DA:1915,0
DA:1918,0
DA:1920,0
DA:1923,0
DA:1925,0
DA:1928,0
DA:1931,0
DA:1935,0
DA:1939,0
DA:1943,0
DA:1947,0
DA:1951,0
DA:1955,0
DA:1958,0
DA:1961,0
DA:1964,0
DA:1967,0
DA:1970,0
DA:1973,0
DA:1976,0
DA:1978,0
DA:1981,0
DA:1984,0
DA:1987,0
DA:1990,0
DA:1993,0
DA:1997,0
DA:2000,0
DA:2004,0
DA:2007,0
DA:2011,0
DA:2015,0
DA:2019,0
DA:2023,0
DA:2027,0
DA:2030,0
DA:2034,0
DA:2038,0
DA:2042,0
DA:2046,0
DA:2050,0
DA:2054,0
DA:2058,0
DA:2061,0
DA:2064,0
DA:2067,0
DA:2070,0
DA:2073,0
DA:2076,0
DA:2079,0
DA:2082,0
DA:2085,0
DA:2088,0
DA:2092,0
DA:2095,0
DA:2099,0
DA:2103,0
DA:2106,0
DA:2109,0
DA:2113,0
DA:2116,0
DA:2119,0
DA:2123,0
DA:2127,0
DA:2130,0
DA:2133,0
DA:2136,0
DA:2139,0
DA:2142,0
DA:2144,0
DA:2146,0
DA:2147,0
DA:2150,0
DA:2153,0
DA:2155,0
DA:2157,0
DA:2158,0
DA:2161,0
DA:2164,0
DA:2168,0
DA:2170,0
DA:2173,0
DA:2175,0
DA:2177,0
DA:2178,0
DA:2181,0
DA:2184,0
DA:2186,0
DA:2189,0
DA:2193,0
DA:2197,0
DA:2201,0
DA:2205,0
DA:2207,0
DA:2210,0
DA:2214,0
DA:2216,0
DA:2219,0
DA:2223,0
DA:2227,0
DA:2231,0
DA:2235,0
DA:2238,0
DA:2240,0
DA:2242,0
DA:2243,0
DA:2246,0
DA:2249,0
DA:2251,0
DA:2254,0
DA:2256,0
DA:2259,0
DA:2263,0
DA:2267,0
DA:2269,0
DA:2272,0
DA:2276,0
DA:2280,0
DA:2283,0
DA:2286,0
DA:2289,0
DA:2293,0
DA:2295,0
DA:2298,0
DA:2300,0
DA:2303,0
DA:2305,0
DA:2308,0
DA:2310,0
DA:2313,0
DA:2315,0
DA:2318,0
DA:2322,0
DA:2324,0
DA:2327,0
DA:2330,0
DA:2332,0
DA:2335,0
DA:2338,0
DA:2340,0
DA:2343,0
DA:2347,0
DA:2351,0
DA:2355,0
DA:2358,0
DA:2361,0
DA:2364,0
DA:2367,0
DA:2370,0
DA:2373,0
DA:2376,0
DA:2379,0
DA:2381,0
DA:2384,0
DA:2387,0
DA:2390,0
DA:2393,0
DA:2396,0
DA:2398,0
DA:2401,0
DA:2403,0
DA:2406,0
DA:2409,0
DA:2412,0
DA:2415,0
DA:2418,0
DA:2421,0
DA:2424,0
DA:2427,0
DA:2430,0
DA:2433,0
DA:2436,0
DA:2439,0
DA:2442,0
DA:2445,0
DA:2448,0
DA:2451,0
DA:2454,0
DA:2457,0
DA:2459,0
DA:2462,0
DA:2464,0
DA:2467,0
DA:2471,0
DA:2475,0
DA:2478,0
DA:2482,0
DA:2486,0
DA:2490,0
DA:2493,0
DA:2497,0
DA:2500,0
DA:2502,0
DA:2505,0
DA:2507,0
DA:2510,0
DA:2512,0
DA:2515,0
DA:2517,0
DA:2520,0
DA:2523,0
DA:2526,0
DA:2529,0
DA:2532,0
DA:2534,0
DA:2537,0
DA:2540,0
DA:2544,0
DA:2547,0
DA:2549,0
DA:2552,0
DA:2555,0
DA:2557,0
DA:2560,0
DA:2563,0
DA:2566,0
DA:2569,0
DA:2572,0
DA:2575,0
DA:2578,0
DA:2581,0
DA:2584,0
DA:2587,0
DA:2590,0
DA:2593,0
DA:2596,0
DA:2599,0
DA:2602,0
DA:2605,0
DA:2608,0
DA:2611,0
DA:2614,0
DA:2617,0
DA:2620,0
DA:2623,0
DA:2626,0
DA:2629,0
DA:2632,0
DA:2635,0
DA:2638,0
DA:2641,0
DA:2644,0
DA:2647,0
DA:2650,0
DA:2653,0
DA:2656,0
DA:2659,0
DA:2662,0
DA:2665,0
DA:2667,0
DA:2670,0
DA:2672,0
DA:2675,0
DA:2678,0
DA:2681,0
DA:2684,0
DA:2687,0
DA:2690,0
DA:2693,0
DA:2696,0
DA:2699,0
DA:2702,0
DA:2705,0
DA:2708,0
DA:2710,0
DA:2713,0
DA:2715,0
DA:2718,0
DA:2720,0
DA:2723,0
DA:2726,0
DA:2730,0
DA:2734,0
DA:2737,0
DA:2740,0
DA:2744,0
DA:2747,0
DA:2751,0
DA:2754,0
DA:2758,0
DA:2761,0
DA:2764,0
DA:2767,0
DA:2770,0
DA:2773,0
DA:2776,0
DA:2779,0
DA:2782,0
DA:2785,0
DA:2788,0
DA:2791,0
DA:2794,0
DA:2797,0
DA:2800,0
DA:2803,0
DA:2806,0
DA:2809,0
DA:2812,0
DA:2815,0
DA:2817,0
DA:2820,0
DA:2823,0
DA:2826,0
DA:2829,0
DA:2832,0
DA:2835,0
DA:2838,0
DA:2841,0
DA:2844,0
DA:2847,0
DA:2850,0
DA:2853,0
DA:2856,0
DA:2859,0
DA:2862,0
DA:2865,0
DA:2868,0
DA:2871,0
DA:2874,0
DA:2877,0
DA:2881,0
DA:2884,0
DA:2886,0
DA:2889,0
DA:2892,0
DA:2894,0
DA:2897,0
DA:2900,0
DA:2902,0
DA:2905,0
DA:2908,0
DA:2910,0
DA:2913,0
DA:2916,0
DA:2918,0
DA:2921,0
DA:2924,0
DA:2926,0
DA:2929,0
DA:2933,0
DA:2936,0
DA:2940,0
DA:2944,0
DA:2948,0
DA:2952,0
DA:2956,0
DA:2960,0
DA:2962,0
DA:2965,0
DA:2968,0
DA:2970,0
DA:2973,0
DA:2975,0
DA:2978,0
DA:2980,0
DA:2983,0
DA:2986,0
DA:2989,0
DA:2992,0
DA:2995,0
DA:2998,0
DA:3001,0
DA:3004,0
DA:3007,0
DA:3010,0
DA:3013,0
DA:3017,0
DA:3020,0
DA:3023,0
DA:3026,0
DA:3034,0
DA:3037,0
DA:3039,0
DA:3042,0
DA:3044,0
DA:3047,0
DA:3049,0
DA:3052,0
DA:3056,0
DA:3060,0
DA:3064,0
DA:3068,0
DA:3072,0
DA:3076,0
DA:3080,0
DA:3084,0
DA:3087,0
DA:3091,0
DA:3093,0
DA:3096,0
DA:3099,0
DA:3102,0
DA:3105,0
DA:3108,0
DA:3111,0
DA:3114,0
DA:3117,0
DA:3120,0
DA:3123,0
DA:3126,0
DA:3129,0
DA:3132,0
DA:3135,0
DA:3137,0
DA:3140,0
DA:3142,0
DA:3145,0
DA:3148,0
DA:3151,0
DA:3154,0
DA:3157,0
DA:3160,0
DA:3163,0
DA:3166,0
DA:3169,0
DA:3172,0
DA:3175,0
DA:3177,0
DA:3180,0
DA:3182,0
DA:3185,0
DA:3187,0
DA:3190,0
DA:3192,0
DA:3195,0
DA:3199,0
DA:3203,0
DA:3207,0
DA:3210,0
DA:3213,0
DA:3217,0
DA:3221,0
DA:3224,0
DA:3227,0
DA:3230,0
DA:3234,0
DA:3237,0
DA:3240,0
DA:3243,0
DA:3246,0
DA:3250,0
DA:3253,0
DA:3257,0
DA:3261,0
DA:3264,0
DA:3267,0
DA:3270,0
DA:3273,0
DA:3276,0
DA:3279,0
DA:3282,0
DA:3285,0
DA:3287,0
DA:3289,0
DA:3290,0
DA:3293,0
DA:3296,0
DA:3298,0
DA:3301,0
DA:3304,0
DA:3306,0
DA:3309,0
DA:3311,0
DA:3314,0
DA:3316,0
DA:3319,0
DA:3321,0
DA:3324,0
DA:3326,0
DA:3329,0
DA:3332,0
DA:3334,0
DA:3337,0
DA:3339,0
DA:3342,0
DA:3345,0
DA:3348,0
DA:3350,0
DA:3353,0
DA:3355,0
DA:3358,0
DA:3360,0
DA:3363,0
DA:3365,0
DA:3368,0
DA:3371,0
DA:3374,0
DA:3378,0
DA:3381,0
DA:3384,0
DA:3388,0
DA:3391,0
DA:3393,0
DA:3396,0
DA:3399,0
DA:3402,0
DA:3405,0
DA:3408,0
DA:3411,0
DA:3414,0
DA:3418,0
DA:3421,0
DA:3425,0
DA:3429,0
DA:3433,0
DA:3437,0
DA:3440,0
DA:3444,0
DA:3447,0
DA:3451,0
DA:3454,0
DA:3457,0
DA:3461,0
DA:3464,0
DA:3468,0
DA:3471,0
DA:3475,0
DA:3479,0
DA:3482,0
DA:3485,0
DA:3488,0
DA:3491,0
DA:3494,0
DA:3498,0
DA:3500,0
DA:3503,0
DA:3505,0
DA:3508,0
DA:3511,0
DA:3514,0
DA:3516,0
DA:3519,0
DA:3521,0
DA:3524,0
DA:3526,0
DA:3529,0
DA:3531,0
DA:3534,0
DA:3538,0
DA:3540,0
DA:3543,0
DA:3545,0
DA:3548,0
DA:3552,0
DA:3554,0
DA:3557,0
DA:3559,0
DA:3562,0
DA:3564,0
DA:3567,0
DA:3571,0
DA:3577,0
DA:3580,0
DA:3582,0
DA:3585,0
DA:3587,0
DA:3590,0
DA:3594,0
DA:3602,0
DA:3605,0
DA:3609,0
DA:3613,0
DA:3617,0
DA:3619,0
DA:3622,0
DA:3626,0
DA:3628,0
DA:3631,0
DA:3635,0
DA:3637,0
DA:3640,0
DA:3644,0
DA:3648,0
DA:3650,0
DA:3653,0
DA:3657,0
DA:3659,0
DA:3662,0
DA:3666,0
DA:3670,0
DA:3674,0
DA:3678,0
DA:3682,0
DA:3685,0
DA:3688,0
DA:3691,0
DA:3694,0
DA:3698,0
DA:3702,0
DA:3705,0
DA:3709,0
DA:3712,0
DA:3715,0
DA:3719,0
DA:3722,0
DA:3726,0
DA:3729,0
DA:3733,0
LF:1255
LH:12
end_of_record
SF:lib/core/services/mastery_calculation_service.dart
DA:4,0
DA:11,0
DA:12,0
DA:15,0
DA:17,0
DA:18,0
DA:21,0
DA:22,0
DA:27,0
DA:28,0
DA:31,0
DA:34,0
DA:36,0
DA:37,0
DA:38,0
DA:41,0
DA:42,0
DA:43,0
DA:44,0
DA:45,0
DA:46,0
DA:53,0
DA:55,0
DA:56,0
DA:57,0
DA:78,0
DA:79,0
DA:80,0
DA:83,0
DA:84,0
DA:85,0
DA:88,0
DA:90,0
DA:91,0
DA:96,0
DA:97,0
DA:98,0
DA:99,0
DA:102,0
DA:103,0
DA:105,0
DA:107,0
DA:109,0
DA:116,0
DA:117,0
DA:118,0
DA:119,0
DA:120,0
DA:121,0
DA:122,0
DA:126,0
DA:138,0
DA:139,0
DA:141,0
DA:142,0
DA:143,0
DA:144,0
DA:147,0
DA:148,0
DA:151,0
DA:153,0
DA:155,0
DA:156,0
DA:157,0
DA:158,0
DA:160,0
DA:163,0
LF:67
LH:0
end_of_record
SF:lib/features/practice/data/models/mastery_state_model.dart
DA:70,1
DA:92,1
DA:96,1
DA:97,1
DA:105,0
DA:106,0
DA:107,0
DA:108,0
DA:109,0
DA:110,0
DA:111,0
DA:112,0
DA:113,0
DA:114,0
DA:115,0
DA:116,0
DA:117,0
DA:118,0
DA:119,0
DA:120,0
DA:121,0
DA:122,0
DA:123,0
DA:124,0
DA:127,0
DA:128,0
DA:129,0
DA:130,0
DA:131,0
DA:132,0
DA:133,0
DA:134,0
DA:135,0
DA:136,0
DA:137,0
DA:138,0
DA:139,0
DA:140,0
DA:141,0
DA:142,0
DA:143,0
DA:144,0
DA:145,0
DA:146,0
DA:149,1
DA:170,1
DA:171,1
DA:172,1
DA:173,0
DA:174,1
DA:175,1
DA:176,1
DA:177,1
DA:178,1
DA:179,1
DA:180,1
DA:181,1
DA:182,1
DA:183,1
DA:184,1
DA:185,1
DA:186,1
DA:187,1
DA:188,1
DA:189,1
LF:65
LH:24
end_of_record
SF:lib/core/errors/result.dart
DA:5,5
DA:10,10
DA:11,8
DA:15,8
DA:19,10
LF:5
LH:5
end_of_record
SF:lib/features/practice/data/repositories/mastery_state_repository.dart
DA:10,0
DA:12,0
DA:14,0
DA:19,0
DA:24,0
DA:25,0
DA:27,0
DA:30,0
DA:31,0
DA:32,0
DA:34,0
DA:35,0
DA:39,0
DA:41,0
DA:42,0
DA:43,0
DA:45,0
DA:46,0
DA:50,0
DA:53,0
DA:54,0
DA:56,0
DA:57,0
DA:61,0
DA:64,0
DA:65,0
DA:66,0
DA:67,0
DA:68,0
DA:70,0
DA:71,0
DA:75,0
DA:77,0
DA:78,0
DA:79,0
DA:80,0
DA:81,0
DA:83,0
DA:84,0
DA:88,0
DA:91,0
DA:92,0
DA:94,0
DA:95,0
DA:97,0
DA:98,0
DA:101,0
DA:103,0
DA:105,0
DA:107,0
DA:108,0
DA:113,0
DA:116,0
DA:117,0
DA:118,0
DA:119,0
DA:122,0
DA:123,0
DA:124,0
DA:127,0
DA:128,0
LF:61
LH:0
end_of_record
SF:lib/features/practice/data/repositories/question_mastery_state_repository.dart
DA:10,0
DA:12,0
DA:14,0
DA:19,0
DA:24,0
DA:25,0
DA:27,0
DA:29,0
DA:30,0
DA:31,0
DA:32,0
DA:34,0
DA:35,0
DA:39,0
DA:42,0
DA:43,0
DA:44,0
DA:46,0
DA:47,0
DA:51,0
DA:56,0
DA:57,0
DA:58,0
DA:59,0
DA:60,0
DA:61,0
DA:62,0
DA:63,0
DA:64,0
DA:65,0
DA:66,0
DA:68,0
DA:69,0
DA:73,0
DA:78,0
DA:79,0
DA:80,0
DA:81,0
DA:82,0
DA:83,0
DA:85,0
DA:86,0
LF:42
LH:0
end_of_record
SF:lib/features/practice/data/repositories/topic_dependency_repository.dart
DA:11,0
DA:13,0
DA:15,0
DA:20,0
DA:21,0
DA:24,0
DA:26,0
DA:28,0
DA:30,0
DA:31,0
DA:32,0
DA:34,0
DA:35,0
DA:39,0
DA:42,0
DA:43,0
DA:45,0
DA:46,0
DA:50,0
DA:52,0
DA:54,0
DA:55,0
LF:22
LH:0
end_of_record
SF:lib/features/practice/data/repositories/question_evaluation_repository.dart
DA:10,0
DA:12,0
DA:14,0
DA:19,0
DA:21,0
DA:23,0
DA:25,0
DA:27,0
DA:28,0
DA:32,0
DA:34,0
DA:35,0
DA:37,0
DA:38,0
DA:42,0
DA:50,0
DA:51,0
DA:53,0
DA:60,0
DA:61,0
DA:63,0
DA:64,0
LF:22
LH:0
end_of_record
SF:lib/features/practice/data/models/question_mastery_state_model.dart
DA:50,0
DA:68,0
DA:73,0
DA:81,0
DA:83,0
DA:85,0
DA:87,0
DA:89,0
DA:96,0
DA:97,0
DA:98,0
DA:108,0
DA:109,0
DA:110,0
DA:111,0
DA:113,0
DA:115,0
DA:116,0
DA:118,0
DA:119,0
DA:123,0
DA:124,0
DA:126,0
DA:127,0
DA:129,0
DA:132,0
DA:138,0
DA:143,0
DA:144,0
DA:145,0
DA:162,0
DA:172,0
DA:173,0
DA:175,0
DA:176,0
DA:177,0
DA:180,0
DA:184,0
DA:185,0
DA:186,0
DA:187,0
DA:188,0
DA:192,0
DA:198,0
DA:200,0
DA:201,0
DA:202,0
DA:203,0
DA:209,0
DA:213,0
DA:214,0
DA:215,0
DA:218,0
DA:219,0
DA:220,0
DA:221,0
DA:222,0
DA:223,0
DA:227,0
DA:228,0
DA:229,0
DA:230,0
DA:231,0
DA:232,0
DA:233,0
DA:234,0
DA:235,0
DA:236,0
DA:237,0
DA:238,0
DA:239,0
DA:240,0
DA:241,0
DA:242,0
DA:245,0
DA:246,0
DA:247,0
DA:248,0
DA:249,0
DA:250,0
DA:251,0
DA:252,0
DA:253,0
DA:254,0
DA:255,0
DA:256,0
DA:257,0
DA:258,0
DA:259,0
DA:260,0
DA:263,0
DA:280,0
DA:281,0
DA:282,0
DA:283,0
DA:284,0
DA:285,0
DA:286,0
DA:287,0
DA:288,0
DA:289,0
DA:290,0
DA:291,0
DA:292,0
DA:293,0
DA:294,0
DA:295,0
LF:107
LH:0
end_of_record
SF:lib/features/questions/data/models/question_evaluation_model.dart
DA:40,0
DA:52,0
DA:53,0
DA:54,0
DA:55,0
DA:56,0
DA:57,0
DA:58,0
DA:59,0
DA:60,0
DA:61,0
DA:64,0
DA:65,0
DA:66,0
DA:67,0
DA:68,0
DA:69,0
DA:70,0
DA:71,0
DA:72,0
DA:73,0
DA:76,0
DA:82,0
DA:85,0
DA:90,0
DA:96,0
DA:99,0
DA:100,0
DA:104,0
DA:105,0
DA:106,0
DA:108,0
DA:111,0
DA:122,0
DA:123,0
DA:124,0
DA:125,0
DA:126,0
DA:127,0
DA:128,0
DA:129,0
DA:130,0
DA:131,0
DA:135,0
DA:136,0
DA:137,0
DA:139,0
DA:141,0
DA:142,0
DA:145,0
DA:146,0
DA:147,0
DA:148,0
DA:149,0
DA:150,0
DA:154,0
DA:155,0
DA:156,0
DA:180,0
DA:188,0
DA:189,0
DA:190,0
DA:191,0
DA:192,0
DA:193,0
DA:196,0
DA:197,0
DA:198,0
DA:199,0
DA:200,0
DA:201,0
LF:71
LH:0
end_of_record
SF:lib/core/services/personal_learning_plan_service.dart
DA:30,5
DA:53,5
DA:64,5
DA:65,5
DA:66,5
DA:67,5
DA:68,5
DA:69,5
DA:70,5
DA:72,5
DA:75,3
DA:79,3
DA:82,3
DA:86,3
DA:92,3
DA:98,6
DA:100,0
DA:104,6
DA:106,0
DA:110,6
DA:111,3
DA:112,4
DA:115,6
DA:116,3
DA:117,0
DA:120,3
DA:121,3
DA:122,6
DA:125,3
DA:126,3
DA:127,3
DA:129,6
DA:130,3
DA:136,2
DA:137,2
DA:142,0
DA:144,0
DA:145,0
DA:146,0
DA:147,0
DA:152,0
DA:159,0
DA:161,0
DA:165,0
DA:168,0
DA:172,0
DA:174,0
DA:178,0
DA:179,0
DA:182,0
DA:186,0
DA:194,0
DA:195,0
DA:198,0
DA:199,0
DA:203,0
DA:205,0
DA:209,0
DA:210,0
DA:211,0
DA:216,0
DA:217,0
DA:219,0
DA:222,0
DA:225,3
DA:229,3
DA:230,3
DA:231,6
DA:233,9
DA:234,3
DA:235,6
DA:236,6
DA:239,6
DA:240,6
DA:243,0
DA:244,0
DA:246,0
DA:247,0
DA:248,0
DA:257,9
DA:258,6
DA:259,9
DA:261,3
DA:262,3
DA:263,3
DA:264,3
DA:266,3
DA:269,6
DA:270,9
DA:271,6
DA:275,3
DA:276,3
DA:277,6
DA:278,9
DA:279,6
DA:283,3
DA:284,9
DA:285,12
DA:286,3
DA:289,6
DA:292,3
DA:297,3
DA:298,6
DA:299,6
DA:300,6
DA:301,3
DA:308,6
DA:309,6
DA:311,0
DA:314,3
DA:317,0
DA:322,0
DA:323,0
DA:324,0
DA:325,0
DA:326,0
DA:327,0
DA:331,0
DA:333,0
DA:334,0
DA:335,0
DA:337,0
DA:338,0
DA:340,0
DA:341,0
DA:344,0
DA:346,0
DA:347,0
DA:350,0
DA:351,0
DA:352,0
DA:353,0
DA:356,0
DA:357,0
DA:358,0
DA:360,0
DA:363,0
DA:367,0
DA:368,0
DA:369,0
DA:371,0
DA:374,0
DA:380,0
DA:384,0
DA:385,0
DA:386,0
DA:388,0
DA:389,0
DA:391,0
DA:392,0
DA:394,0
DA:396,0
DA:397,0
DA:399,0
DA:401,0
DA:402,0
DA:403,0
DA:404,0
DA:405,0
DA:406,0
DA:409,0
DA:411,0
DA:412,0
DA:413,0
DA:414,0
DA:415,0
DA:419,0
DA:423,0
DA:425,0
DA:430,0
DA:437,0
DA:438,0
DA:441,0
DA:442,0
DA:444,0
DA:445,0
DA:448,0
DA:449,0
DA:451,0
DA:458,0
DA:459,0
DA:467,0
DA:470,0
DA:472,0
DA:473,0
DA:474,0
DA:475,0
DA:479,0
DA:480,0
DA:481,0
DA:482,0
DA:483,0
DA:484,0
DA:488,0
DA:492,2
DA:496,4
DA:497,4
DA:498,2
DA:499,0
DA:501,0
DA:502,0
DA:503,0
DA:506,0
DA:509,0
DA:511,0
DA:512,0
DA:513,0
DA:516,0
DA:522,2
DA:526,4
DA:527,4
DA:529,0
DA:532,0
DA:537,0
DA:538,0
DA:540,0
DA:542,0
DA:543,0
DA:544,0
DA:545,0
DA:546,0
DA:547,0
DA:548,0
DA:552,0
DA:554,0
DA:556,0
DA:558,0
DA:562,0
DA:563,0
DA:564,0
DA:565,0
DA:566,0
DA:567,0
DA:573,0
DA:579,0
DA:581,0
DA:582,0
DA:584,0
DA:585,0
DA:588,0
DA:591,0
DA:598,0
DA:599,0
DA:602,0
DA:604,0
DA:606,0
DA:607,0
DA:608,0
DA:613,0
DA:614,0
DA:615,0
DA:616,0
DA:617,0
DA:618,0
DA:619,0
DA:620,0
DA:624,0
DA:625,0
DA:628,0
DA:629,0
DA:631,0
DA:632,0
DA:633,0
DA:636,0
DA:642,0
DA:643,0
DA:644,0
DA:649,0
DA:650,0
DA:651,0
DA:652,0
DA:653,0
DA:655,0
DA:656,0
DA:657,0
DA:663,0
DA:667,0
DA:668,0
DA:669,0
DA:673,0
DA:674,0
DA:676,0
DA:677,0
DA:678,0
DA:680,0
DA:681,0
DA:683,0
DA:684,0
DA:689,0
DA:693,0
DA:694,0
DA:695,0
DA:696,0
DA:699,0
DA:700,0
DA:706,0
DA:707,0
DA:714,0
DA:715,0
DA:717,0
DA:719,0
DA:720,0
DA:721,0
DA:722,0
DA:726,0
DA:727,0
DA:728,0
DA:729,0
DA:730,0
DA:734,0
DA:736,0
DA:737,0
DA:739,0
DA:744,0
DA:746,0
DA:747,0
DA:748,0
DA:750,0
DA:755,0
DA:757,0
DA:758,0
DA:759,0
DA:761,0
DA:766,0
DA:768,0
DA:769,0
DA:771,0
DA:776,0
DA:778,0
DA:779,0
DA:781,0
DA:782,0
DA:783,0
DA:785,0
DA:786,0
DA:787,0
DA:791,0
DA:795,0
DA:796,0
DA:799,0
DA:800,0
DA:801,0
DA:805,0
DA:806,0
DA:809,0
DA:810,0
DA:811,0
DA:813,0
DA:818,0
DA:823,0
DA:825,0
DA:828,0
DA:832,0
DA:833,0
DA:834,0
DA:837,0
DA:838,0
DA:839,0
DA:842,0
DA:843,0
DA:844,0
DA:845,0
DA:849,0
DA:850,0
DA:852,0
DA:855,0
DA:856,0
DA:857,0
DA:858,0
DA:861,0
DA:864,0
DA:865,0
DA:866,0
DA:867,0
DA:870,0
DA:871,0
DA:872,0
DA:873,0
DA:875,0
DA:878,0
DA:880,0
DA:881,0
DA:883,0
DA:888,0
DA:890,0
DA:891,0
DA:893,0
LF:387
LH:79
end_of_record
SF:lib/core/utils/localization_helpers.dart
DA:3,0
DA:5,0
DA:6,0
DA:7,0
DA:8,0
DA:9,0
DA:10,0
DA:15,0
DA:17,0
DA:18,0
DA:19,0
DA:20,0
DA:21,0
DA:22,0
DA:27,0
DA:28,0
DA:29,0
DA:30,0
DA:31,0
DA:32,0
DA:35,0
DA:40,0
DA:41,0
DA:42,0
LF:24
LH:0
end_of_record
SF:lib/core/utils/logger.dart
DA:8,1
DA:10,0
DA:11,0
DA:12,0
DA:13,6
DA:15,3
DA:16,3
DA:17,3
DA:18,6
DA:19,6
DA:21,3
DA:23,0
DA:25,6
DA:28,0
DA:32,3
DA:34,3
DA:35,3
DA:36,3
DA:37,3
DA:43,0
DA:45,3
DA:46,3
DA:47,0
LF:23
LH:16
end_of_record
SF:lib/features/questions/data/repositories/question_repository.dart
DA:12,0
DA:14,0
DA:16,0
DA:21,0
DA:23,0
DA:24,0
DA:26,0
DA:27,0
DA:31,0
DA:33,0
DA:34,0
DA:36,0
DA:38,0
DA:39,0
DA:40,0
DA:44,0
DA:46,0
DA:47,0
DA:49,0
DA:51,0
DA:52,0
DA:53,0
DA:57,0
DA:62,0
DA:63,0
DA:65,0
DA:66,0
DA:67,0
DA:69,0
DA:70,0
DA:74,0
DA:76,0
DA:77,0
DA:79,0
DA:81,0
DA:82,0
DA:83,0
DA:87,0
DA:92,0
DA:93,0
DA:95,0
DA:96,0
DA:98,0
DA:99,0
DA:103,0
DA:106,0
DA:107,0
DA:109,0
DA:110,0
DA:112,0
DA:113,0
DA:114,0
DA:117,0
DA:119,0
DA:121,0
DA:123,0
DA:126,0
DA:127,0
DA:128,0
DA:132,0
DA:135,0
DA:137,0
DA:139,0
DA:140,0
DA:141,0
DA:143,0
DA:144,0
DA:145,0
DA:154,0
LF:69
LH:0
end_of_record
SF:lib/features/planner/services/syllabus_resolver.dart
DA:19,2
DA:34,6
DA:38,5
DA:39,5
DA:40,5
DA:42,3
DA:48,6
DA:49,6
DA:50,3
DA:51,2
DA:52,2
DA:56,4
DA:57,2
DA:58,2
DA:59,5
DA:60,2
DA:64,2
DA:66,4
DA:67,2
DA:68,5
DA:69,2
DA:74,8
DA:76,2
DA:77,4
DA:78,4
DA:79,4
DA:80,3
DA:81,2
DA:82,7
DA:83,2
DA:84,2
DA:85,1
DA:86,1
DA:87,0
DA:90,1
DA:91,0
DA:92,3
DA:93,2
DA:95,3
DA:97,4
DA:107,2
DA:108,2
DA:110,1
DA:111,1
DA:116,1
DA:121,2
DA:122,2
DA:124,4
DA:125,1
DA:126,1
DA:128,1
DA:129,1
DA:134,1
DA:139,2
DA:140,2
DA:141,1
DA:142,2
DA:143,1
DA:144,4
DA:145,1
DA:147,1
DA:149,1
DA:150,1
DA:155,2
DA:160,2
DA:161,10
DA:163,2
DA:164,2
DA:165,2
DA:166,2
DA:168,3
DA:169,1
DA:170,1
DA:173,2
DA:177,4
DA:178,6
DA:184,1
DA:186,1
DA:187,5
DA:189,3
DA:190,1
DA:191,2
DA:192,3
DA:193,1
DA:194,4
DA:196,3
DA:199,1
DA:200,1
DA:201,1
DA:207,1
DA:212,1
DA:213,1
DA:215,1
DA:216,1
DA:217,2
LF:95
LH:93
end_of_record
SF:lib/features/subjects/data/models/topic_dependency_model.dart
DA:38,1
DA:52,1
DA:53,2
DA:54,4
DA:56,0
DA:60,1
DA:65,1
DA:67,2
DA:68,4
DA:72,1
DA:75,3
DA:77,1
DA:80,0
DA:81,0
DA:82,0
DA:83,0
DA:84,0
DA:85,0
DA:86,0
DA:87,0
DA:88,0
DA:89,0
DA:90,0
DA:91,0
DA:94,0
DA:95,0
DA:96,0
DA:97,0
DA:98,0
DA:99,0
DA:100,0
DA:101,0
DA:102,0
DA:103,0
DA:104,0
DA:105,0
DA:106,0
DA:107,0
DA:110,0
DA:115,0
DA:122,0
DA:135,0
DA:136,0
DA:137,0
DA:138,0
DA:139,0
DA:140,0
DA:141,0
DA:142,0
DA:143,0
DA:144,0
DA:145,0
DA:146,0
LF:53
LH:11
end_of_record
SF:lib/core/data/models/topic_model.dart
DA:31,2
DA:42,0
DA:43,0
DA:44,0
DA:45,0
DA:46,0
DA:47,0
DA:48,0
DA:49,0
DA:50,0
DA:53,0
DA:54,0
DA:55,0
DA:56,0
DA:57,0
DA:58,0
DA:59,0
DA:60,0
DA:61,0
DA:64,0
DA:74,0
DA:75,0
DA:76,0
DA:77,0
DA:78,0
DA:79,0
DA:80,0
DA:81,0
DA:82,0
LF:29
LH:1
end_of_record
SF:lib/core/services/student_id_service.dart
DA:6,0
DA:13,0
DA:14,0
DA:15,0
DA:18,0
DA:19,0
DA:20,0
DA:21,0
DA:22,0
DA:23,0
DA:27,0
DA:28,0
DA:29,0
DA:30,0
DA:35,0
DA:36,0
DA:37,0
DA:38,0
DA:43,0
DA:44,0
DA:47,0
DA:48,0
DA:49,0
DA:50,0
DA:53,0
DA:54,0
LF:26
LH:0
end_of_record
SF:lib/features/planner/data/models/roadmap_model.dart
DA:35,7
DA:48,3
DA:60,3
DA:61,3
DA:62,3
DA:63,3
DA:64,3
DA:65,3
DA:66,1
DA:67,1
DA:68,1
DA:69,3
DA:70,3
DA:74,2
DA:75,1
DA:76,1
DA:77,1
DA:78,2
DA:79,2
DA:80,5
DA:81,1
DA:82,1
DA:83,1
DA:84,1
DA:87,2
DA:88,1
DA:89,1
DA:90,1
DA:91,2
DA:92,1
DA:93,2
DA:95,1
DA:96,3
DA:97,1
DA:98,1
DA:99,2
DA:100,1
DA:101,1
DA:102,1
DA:103,2
DA:137,6
DA:149,3
DA:160,3
DA:161,3
DA:162,3
DA:163,3
DA:164,3
DA:165,3
DA:166,3
DA:167,1
DA:168,3
DA:169,3
DA:173,2
DA:174,1
DA:175,1
DA:176,1
DA:177,2
DA:178,1
DA:179,1
DA:180,1
DA:181,1
DA:182,1
DA:185,2
DA:186,1
DA:187,1
DA:188,1
DA:189,2
DA:190,3
DA:191,3
DA:192,1
DA:193,2
DA:194,1
LF:72
LH:72
end_of_record
SF:lib/core/data/hive_box_names.dart
DA:2,0
LF:1
LH:0
end_of_record
SF:lib/core/data/repository.dart
DA:10,10
DA:11,28
DA:14,1
DA:15,1
DA:18,7
DA:19,14
DA:22,8
DA:23,15
DA:26,1
DA:27,3
DA:30,3
DA:31,6
DA:34,6
DA:36,39
DA:39,12
LF:15
LH:15
end_of_record
SF:lib/core/data/models/question_model.dart
DA:70,1
DA:93,0
DA:94,0
DA:95,0
DA:96,0
DA:97,0
DA:98,0
DA:99,0
DA:100,0
DA:101,0
DA:102,0
DA:103,0
DA:104,0
DA:105,0
DA:106,0
DA:107,0
DA:108,0
DA:109,0
DA:110,0
DA:111,0
DA:112,0
DA:113,0
DA:116,0
DA:117,0
DA:118,0
DA:119,0
DA:123,0
DA:125,0
DA:126,0
DA:127,0
DA:128,0
DA:129,0
DA:131,0
DA:132,0
DA:137,0
DA:138,0
DA:140,0
DA:141,0
DA:142,0
DA:144,0
DA:145,0
DA:146,0
DA:147,0
DA:148,0
DA:149,0
DA:150,0
DA:152,0
DA:153,0
DA:154,0
DA:155,0
DA:156,0
DA:157,0
DA:158,0
DA:164,0
DA:187,0
DA:188,0
DA:189,0
DA:190,0
DA:191,0
DA:192,0
DA:193,0
DA:194,0
DA:195,0
DA:196,0
DA:197,0
DA:198,0
DA:199,0
DA:200,0
DA:201,0
DA:202,0
DA:203,0
DA:204,0
DA:205,0
DA:206,0
DA:207,0
LF:75
LH:1
end_of_record
SF:lib/core/constants/app_api_config.dart
DA:4,0
DA:14,0
DA:19,0
DA:20,0
DA:22,0
DA:29,0
DA:36,0
DA:37,0
DA:40,0
DA:42,0
DA:43,0
DA:49,0
DA:68,0
DA:69,0
DA:71,0
DA:73,0
DA:74,0
DA:75,0
DA:77,0
DA:80,0
DA:81,0
DA:82,0
DA:84,0
DA:87,0
DA:88,0
DA:89,0
DA:91,0
LF:27
LH:0
end_of_record
SF:lib/core/constants/app_build_config.dart
DA:6,0
DA:18,0
DA:20,0
DA:21,0
DA:22,0
DA:24,0
DA:26,0
DA:27,0
DA:31,0
DA:37,0
DA:38,0
DA:40,0
DA:41,0
DA:43,0
DA:44,0
DA:46,0
DA:47,0
LF:17
LH:0
end_of_record
SF:lib/core/constants/app_config.dart
DA:10,0
DA:12,0
DA:22,0
DA:23,0
DA:24,0
DA:25,0
DA:27,0
DA:28,0
DA:32,0
DA:33,0
DA:37,0
DA:38,0
DA:39,0
DA:40,0
DA:41,0
DA:42,0
DA:44,0
DA:48,0
DA:49,0
DA:52,0
DA:57,0
DA:59,0
DA:60,0
DA:61,0
DA:62,0
DA:64,0
DA:70,0
DA:71,0
DA:72,0
DA:74,0
DA:79,0
DA:83,0
DA:86,0
DA:91,0
DA:92,0
DA:95,0
DA:99,0
LF:37
LH:0
end_of_record
SF:lib/core/constants/app_runtime_config.dart
DA:4,0
DA:12,0
LF:2
LH:0
end_of_record
SF:lib/core/constants/security_config.dart
DA:5,0
DA:8,0
DA:12,0
DA:17,0
DA:21,0
DA:23,0
DA:24,0
DA:28,0
DA:38,0
DA:39,0
DA:40,0
DA:42,0
DA:43,0
DA:47,0
DA:48,0
DA:50,0
DA:57,0
DA:58,0
DA:59,0
DA:62,0
DA:63,0
DA:64,0
DA:65,0
DA:66,0
DA:67,0
DA:68,0
LF:26
LH:0
end_of_record
SF:lib/core/constants/app_storage_config.dart
DA:7,0
DA:15,0
DA:16,0
DA:17,0
DA:18,0
DA:22,0
DA:23,0
DA:24,0
DA:25,0
DA:29,0
DA:30,0
DA:31,0
DA:32,0
LF:13
LH:0
end_of_record
SF:lib/core/constants/llm_defaults.dart
DA:3,0
DA:5,0
DA:7,0
DA:9,0
LF:4
LH:0
end_of_record
SF:lib/core/constants/notification_channel_ids.dart
DA:2,0
LF:1
LH:0
end_of_record
SF:lib/core/constants/timeouts.dart
DA:2,0
LF:1
LH:0
end_of_record
SF:lib/core/services/llm/llm_chat_service.dart
DA:21,0
DA:30,0
DA:31,0
DA:38,0
DA:43,0
DA:47,0
DA:49,0
DA:57,0
DA:58,0
DA:61,0
DA:63,0
DA:64,0
DA:65,0
DA:66,0
DA:67,0
DA:68,0
DA:69,0
DA:73,0
DA:81,0
DA:85,0
DA:87,0
DA:88,0
DA:89,0
DA:91,0
DA:92,0
DA:94,0
DA:95,0
DA:100,0
DA:106,0
DA:107,0
DA:110,0
DA:112,0
DA:115,0
DA:119,0
DA:120,0
DA:121,0
DA:125,0
DA:126,0
DA:127,0
DA:131,0
DA:132,0
DA:133,0
DA:137,0
DA:145,0
DA:146,0
DA:147,0
DA:148,0
DA:154,0
DA:155,0
DA:156,0
DA:158,0
DA:161,0
DA:167,0
DA:168,0
DA:169,0
DA:170,0
DA:171,0
DA:173,0
DA:174,0
DA:177,0
DA:185,0
DA:186,0
DA:187,0
DA:188,0
DA:195,0
DA:196,0
DA:198,0
DA:201,0
DA:208,0
DA:209,0
DA:210,0
DA:211,0
DA:214,0
DA:215,0
DA:216,0
DA:217,0
DA:219,0
DA:220,0
DA:222,0
DA:223,0
DA:224,0
DA:225,0
DA:232,0
DA:233,0
DA:237,0
DA:238,0
DA:241,0
DA:246,0
DA:253,0
DA:254,0
DA:255,0
DA:256,0
DA:258,0
DA:260,0
DA:262,0
DA:264,0
DA:265,0
DA:266,0
DA:267,0
DA:273,0
DA:274,0
DA:275,0
DA:276,0
DA:277,0
DA:281,0
DA:282,0
DA:284,0
DA:286,0
DA:287,0
DA:290,0
DA:297,0
DA:298,0
DA:299,0
DA:300,0
DA:302,0
DA:304,0
DA:306,0
DA:308,0
DA:309,0
DA:310,0
DA:317,0
DA:318,0
DA:319,0
DA:320,0
DA:323,0
DA:324,0
DA:326,0
DA:327,0
DA:328,0
DA:329,0
DA:330,0
DA:336,0
DA:337,0
DA:341,0
DA:342,0
DA:345,0
DA:350,0
DA:358,0
DA:359,0
DA:360,0
DA:361,0
DA:367,0
DA:368,0
DA:369,0
DA:371,0
DA:373,0
DA:379,0
DA:380,0
DA:381,0
DA:382,0
DA:383,0
DA:385,0
DA:386,0
DA:389,0
DA:397,0
DA:398,0
DA:399,0
DA:400,0
DA:407,0
DA:408,0
DA:410,0
DA:412,0
DA:419,0
DA:420,0
DA:421,0
DA:422,0
DA:425,0
DA:426,0
DA:427,0
DA:428,0
DA:430,0
DA:431,0
DA:433,0
DA:434,0
DA:435,0
DA:436,0
DA:443,0
DA:444,0
DA:448,0
DA:449,0
DA:452,0
DA:457,0
DA:458,0
DA:461,0
DA:462,0
DA:463,0
DA:464,0
DA:465,0
DA:466,0
DA:469,0
DA:470,0
DA:471,0
DA:472,0
DA:473,0
DA:480,0
LF:195
LH:0
end_of_record
SF:lib/core/constants/token_pricing_config.dart
DA:7,0
DA:14,0
DA:15,0
DA:16,0
DA:17,0
DA:18,0
LF:6
LH:0
end_of_record
SF:lib/core/data/database_service.dart
DA:22,0
DA:33,0
DA:35,0
DA:36,0
DA:37,0
DA:38,0
DA:39,0
DA:40,0
DA:41,0
DA:42,0
DA:43,0
DA:45,0
LF:12
LH:0
end_of_record
SF:lib/core/data/hive_initializer.dart
DA:18,0
DA:20,0
DA:21,0
DA:22,0
DA:24,0
DA:25,0
DA:26,0
DA:27,0
DA:28,0
DA:30,0
DA:31,0
DA:32,0
DA:33,0
DA:34,0
DA:35,0
DA:36,0
DA:37,0
DA:38,0
DA:39,0
DA:40,0
DA:42,0
DA:43,0
DA:44,0
DA:45,0
DA:46,0
DA:47,0
DA:49,0
DA:52,0
DA:53,0
DA:54,0
DA:56,0
DA:57,0
DA:59,0
DA:60,0
DA:61,0
DA:62,0
DA:63,0
DA:64,0
LF:38
LH:0
end_of_record
SF:lib/core/data/models/subject_model.dart
DA:41,0
DA:53,0
DA:54,0
DA:56,0
DA:57,0
DA:58,0
DA:59,0
DA:61,0
DA:63,0
DA:65,0
DA:67,0
DA:69,0
DA:71,0
DA:73,0
DA:75,0
DA:77,0
DA:79,0
DA:81,0
DA:83,0
DA:85,0
DA:87,0
DA:89,0
DA:96,0
DA:97,0
DA:98,0
DA:99,0
DA:100,0
DA:101,0
DA:102,0
DA:103,0
DA:104,0
DA:105,0
DA:106,0
DA:107,0
DA:110,0
DA:111,0
DA:112,0
DA:113,0
DA:114,0
DA:115,0
DA:116,0
DA:117,0
DA:118,0
DA:119,0
DA:120,0
DA:121,0
DA:124,0
DA:137,0
DA:138,0
DA:139,0
DA:140,0
DA:141,0
DA:142,0
DA:143,0
DA:144,0
DA:145,0
DA:146,0
DA:147,0
DA:148,0
DA:152,0
DA:153,0
LF:61
LH:0
end_of_record
SF:lib/core/extensions/iterable_extensions.dart
DA:2,0
DA:3,0
DA:4,0
LF:3
LH:0
end_of_record
SF:lib/core/extensions/string_extensions.dart
DA:2,0
DA:4,0
DA:6,0
DA:7,0
DA:8,0
DA:11,0
DA:12,0
DA:13,0
DA:16,0
DA:17,0
DA:18,0
DA:21,0
DA:22,0
DA:23,0
DA:26,0
DA:27,0
DA:29,0
LF:17
LH:0
end_of_record
SF:lib/core/data/database_migration.dart
DA:6,0
DA:10,0
DA:11,0
DA:12,0
DA:15,0
DA:16,0
DA:19,0
DA:21,0
DA:31,0
DA:32,0
DA:34,0
DA:36,0
DA:40,0
DA:41,0
DA:43,0
DA:46,0
DA:48,0
DA:60,0
DA:67,0
LF:19
LH:0
end_of_record
SF:lib/features/lessons/data/repositories/lesson_repository.dart
DA:11,0
DA:13,0
DA:15,0
DA:20,0
DA:22,0
DA:23,0
DA:25,0
DA:26,0
DA:30,0
DA:32,0
DA:34,0
DA:35,0
DA:39,0
DA:41,0
DA:43,0
DA:44,0
DA:48,0
DA:51,0
DA:52,0
DA:54,0
DA:55,0
DA:59,0
DA:61,0
DA:63,0
DA:65,0
DA:66,0
DA:67,0
DA:69,0
DA:70,0
DA:74,0
DA:76,0
DA:78,0
DA:80,0
DA:82,0
DA:83,0
DA:87,0
DA:89,0
DA:91,0
DA:92,0
DA:93,0
DA:94,0
DA:96,0
DA:97,0
LF:43
LH:0
end_of_record
SF:lib/features/practice/data/repositories/attempt_repository.dart
DA:6,0
DA:7,0
DA:10,0
DA:11,0
DA:14,0
DA:15,0
DA:18,0
DA:22,0
DA:23,0
DA:26,0
DA:27,0
DA:30,0
DA:31,0
DA:34,0
DA:35,0
DA:36,0
DA:37,0
DA:39,0
DA:42,0
DA:43,0
LF:20
LH:0
end_of_record
SF:lib/features/subjects/data/repositories/subject_repository.dart
DA:6,0
DA:7,0
DA:10,0
DA:11,0
DA:14,0
DA:15,0
DA:16,0
DA:17,0
DA:18,0
DA:21,0
DA:22,0
DA:24,0
DA:27,0
DA:28,0
DA:30,0
DA:34,0
DA:36,0
DA:38,0
DA:39,0
DA:41,0
DA:45,0
DA:46,0
DA:47,0
LF:23
LH:0
end_of_record
SF:lib/features/teaching/data/repositories/conversation_repository.dart
DA:6,0
DA:7,0
DA:10,0
DA:11,0
DA:14,0
DA:15,0
DA:18,0
DA:19,0
DA:22,0
DA:23,0
DA:24,0
DA:28,0
DA:29,0
DA:30,0
DA:31,0
DA:32,0
DA:35,0
DA:36,0
DA:39,0
DA:44,0
DA:45,0
DA:46,0
DA:48,0
DA:49,0
DA:50,0
DA:53,0
DA:54,0
LF:27
LH:0
end_of_record
SF:lib/features/teaching/data/repositories/tutor_session_repository.dart
DA:7,0
DA:8,0
DA:11,0
DA:12,0
DA:15,0
DA:16,0
DA:19,0
DA:20,0
DA:23,0
DA:24,0
DA:25,0
DA:29,0
DA:30,0
DA:31,0
DA:35,0
DA:39,0
DA:40,0
DA:43,0
DA:44,0
DA:47,0
DA:48,0
DA:49,0
DA:52,0
DA:53,0
DA:56,0
DA:57,0
DA:60,0
DA:61,0
DA:63,0
DA:65,0
DA:66,0
DA:67,0
DA:68,0
DA:69,0
DA:71,0
DA:72,0
DA:74,0
DA:75,0
LF:38
LH:0
end_of_record
SF:lib/core/data/hive_type_ids.dart
DA:73,0
DA:74,0
DA:75,0
DA:77,0
DA:78,0
DA:79,0
DA:82,0
DA:87,0
DA:88,0
LF:9
LH:0
end_of_record
SF:lib/core/data/session_adapter.dart
DA:8,0
DA:10,0
DA:11,0
DA:12,0
DA:14,0
DA:15,0
DA:16,0
DA:17,0
DA:18,0
DA:19,0
DA:20,0
DA:21,0
DA:22,0
DA:24,0
DA:25,0
DA:26,0
DA:27,0
DA:28,0
DA:29,0
DA:30,0
DA:31,0
DA:33,0
DA:34,0
DA:36,0
DA:37,0
DA:39,0
DA:40,0
DA:41,0
DA:42,0
DA:43,0
DA:48,0
DA:49,0
DA:50,0
DA:51,0
DA:52,0
DA:53,0
DA:54,0
DA:55,0
DA:57,0
DA:58,0
DA:62,0
DA:63,0
DA:64,0
DA:65,0
DA:66,0
DA:67,0
DA:68,0
DA:69,0
DA:70,0
DA:74,0
DA:76,0
DA:77,0
DA:78,0
DA:79,0
DA:80,0
DA:81,0
DA:82,0
DA:83,0
DA:84,0
DA:85,0
DA:86,0
DA:87,0
DA:88,0
DA:89,0
DA:90,0
DA:91,0
DA:92,0
DA:93,0
DA:94,0
DA:95,0
DA:96,0
DA:97,0
DA:98,0
DA:99,0
DA:100,0
DA:101,0
DA:102,0
DA:103,0
DA:104,0
DA:105,0
DA:106,0
DA:107,0
DA:108,0
DA:109,0
DA:110,0
DA:111,0
DA:112,0
DA:113,0
LF:88
LH:0
end_of_record
SF:lib/features/sessions/services/session_migration_service.dart
DA:8,0
DA:11,0
DA:15,0
DA:17,0
DA:19,0
DA:23,0
DA:24,0
DA:26,0
DA:27,0
DA:29,0
DA:33,0
DA:35,0
DA:36,0
DA:38,0
DA:39,0
DA:43,0
DA:44,0
DA:46,0
DA:50,0
DA:53,0
DA:54,0
DA:55,0
DA:56,0
DA:58,0
DA:59,0
DA:61,0
DA:62,0
DA:63,0
DA:64,0
DA:65,0
DA:70,0
DA:71,0
DA:72,0
DA:73,0
LF:34
LH:0
end_of_record
SF:lib/features/questions/data/models/markscheme_model.dart
DA:24,0
DA:31,0
DA:32,0
DA:34,0
DA:35,0
DA:36,0
DA:37,0
DA:38,0
DA:39,0
DA:40,0
DA:43,0
DA:44,0
DA:45,0
DA:46,0
DA:47,0
DA:48,0
DA:49,0
DA:50,0
DA:51,0
DA:54,0
DA:55,0
DA:56,0
DA:57,0
DA:60,0
DA:61,0
DA:68,0
DA:76,0
DA:77,0
DA:78,0
DA:79,0
DA:80,0
DA:81,0
DA:82,0
DA:102,0
DA:109,0
DA:110,0
DA:111,0
DA:112,0
DA:113,0
DA:116,0
DA:117,0
DA:118,0
DA:119,0
DA:120,0
LF:44
LH:0
end_of_record
SF:lib/core/services/conversation_memory.dart
DA:10,0
DA:11,0
DA:14,0
DA:16,0
DA:17,0
DA:20,0
DA:21,0
DA:22,0
DA:26,0
DA:28,0
DA:29,0
DA:30,0
DA:32,0
DA:35,0
DA:36,0
DA:38,0
DA:41,0
DA:42,0
DA:43,0
DA:45,0
DA:47,0
DA:49,0
DA:50,0
DA:51,0
DA:52,0
DA:53,0
DA:56,0
DA:57,0
DA:58,0
DA:60,0
DA:61,0
DA:62,0
DA:65,0
DA:69,0
DA:70,0
DA:71,0
DA:73,0
DA:76,0
DA:78,0
LF:39
LH:0
end_of_record
SF:lib/features/teaching/data/models/conversation_message_model.dart
DA:36,0
DA:48,0
DA:59,0
DA:60,0
DA:61,0
DA:62,0
DA:63,0
DA:64,0
DA:65,0
DA:66,0
DA:67,0
DA:68,0
DA:72,0
DA:73,0
DA:74,0
DA:75,0
DA:76,0
DA:77,0
DA:78,0
DA:79,0
DA:80,0
DA:81,0
DA:84,0
DA:85,0
DA:86,0
DA:87,0
DA:88,0
DA:89,0
DA:90,0
DA:91,0
DA:92,0
DA:93,0
LF:32
LH:0
end_of_record
SF:lib/core/services/llm_task_manager.dart
DA:18,0
DA:31,0
DA:42,0
DA:43,0
DA:44,0
DA:45,0
DA:46,0
DA:47,0
DA:48,0
DA:49,0
DA:50,0
DA:51,0
DA:52,0
DA:61,0
DA:63,0
DA:64,0
DA:66,0
DA:70,0
DA:71,0
DA:75,0
DA:77,0
DA:81,0
DA:82,0
DA:83,0
DA:84,0
DA:87,0
DA:90,0
DA:91,0
DA:92,0
DA:93,0
DA:95,0
DA:99,0
DA:102,0
DA:103,0
DA:104,0
DA:105,0
DA:107,0
DA:110,0
DA:113,0
DA:114,0
DA:115,0
DA:116,0
DA:117,0
DA:118,0
DA:119,0
DA:121,0
DA:123,0
DA:127,0
DA:128,0
DA:129,0
DA:130,0
DA:131,0
DA:132,0
DA:133,0
DA:134,0
DA:135,0
DA:136,0
DA:143,0
DA:144,0
DA:145,0
DA:146,0
DA:147,0
LF:62
LH:0
end_of_record
SF:lib/core/services/llm_usage_meter.dart
DA:13,0
DA:24,0
DA:30,0
DA:38,0
DA:39,0
DA:40,0
DA:47,0
DA:50,0
DA:54,0
DA:55,0
DA:57,0
DA:59,0
DA:60,0
DA:65,0
DA:66,0
DA:67,0
DA:68,0
DA:73,0
DA:74,0
DA:75,0
DA:76,0
DA:81,0
DA:82,0
DA:85,0
DA:86,0
DA:89,0
LF:26
LH:0
end_of_record
SF:lib/features/settings/data/models/settings_model.dart
DA:14,0
DA:20,0
DA:21,0
DA:22,0
DA:23,0
DA:24,0
DA:28,0
DA:29,0
DA:30,0
DA:31,0
DA:35,0
DA:38,0
DA:39,0
DA:40,0
DA:41,0
DA:42,0
DA:44,0
DA:45,0
DA:62,0
DA:77,0
DA:79,0
DA:88,0
DA:89,0
DA:90,0
DA:92,0
DA:94,0
DA:109,0
DA:111,0
DA:112,0
DA:115,0
DA:117,0
DA:119,0
DA:121,0
DA:123,0
DA:125,0
DA:126,0
DA:127,0
DA:128,0
DA:131,0
DA:132,0
DA:141,0
DA:142,0
DA:143,0
DA:144,0
DA:145,0
DA:147,0
DA:148,0
DA:153,0
DA:156,0
DA:157,0
DA:158,0
DA:161,0
DA:162,0
DA:163,0
DA:166,0
DA:167,0
DA:168,0
DA:169,0
DA:172,0
DA:173,0
DA:176,0
DA:177,0
DA:180,0
DA:181,0
DA:182,0
DA:183,0
DA:186,0
DA:187,0
DA:188,0
DA:191,0
DA:192,0
DA:193,0
DA:195,0
DA:198,0
DA:199,0
DA:200,0
DA:201,0
DA:203,0
DA:204,0
DA:205,0
DA:206,0
LF:81
LH:0
end_of_record
SF:lib/core/utils/clock.dart
DA:6,0
DA:7,0
LF:2
LH:0
end_of_record
SF:lib/core/utils/color_utils.dart
DA:19,0
DA:21,0
DA:23,0
DA:24,0
DA:30,0
DA:33,0
DA:34,0
DA:35,0
DA:36,0
DA:37,0
DA:38,0
DA:39,0
DA:40,0
DA:41,0
DA:42,0
DA:43,0
DA:44,0
DA:45,0
DA:46,0
DA:47,0
DA:48,0
DA:49,0
DA:50,0
DA:58,0
DA:60,0
DA:62,0
DA:64,0
DA:66,0
DA:68,0
DA:70,0
DA:72,0
DA:74,0
LF:32
LH:0
end_of_record
SF:lib/core/utils/number_format_utils.dart
DA:3,0
DA:9,0
DA:10,0
DA:11,0
DA:12,0
DA:15,2
DA:21,2
DA:22,2
DA:23,2
DA:24,4
DA:27,0
DA:28,0
DA:29,0
DA:30,0
DA:32,0
DA:33,0
DA:34,0
DA:36,0
DA:39,0
DA:40,0
DA:41,0
DA:44,0
DA:50,0
DA:55,0
DA:56,0
DA:58,0
LF:26
LH:5
end_of_record
SF:lib/core/utils/responsive.dart
DA:9,0
DA:10,0
DA:11,0
DA:12,0
DA:13,3
DA:14,0
DA:22,8
DA:23,16
DA:24,8
DA:25,7
DA:26,1
DA:30,2
DA:31,2
DA:33,2
DA:35,1
DA:37,1
DA:39,1
DA:44,0
DA:45,0
DA:47,0
DA:49,0
DA:51,0
DA:53,0
DA:58,5
DA:59,5
DA:61,5
DA:63,5
DA:65,0
DA:67,0
DA:72,0
DA:73,0
DA:75,0
DA:77,0
DA:79,0
DA:81,0
DA:86,1
DA:87,1
DA:89,1
DA:91,1
DA:93,1
DA:95,1
DA:100,4
DA:101,4
DA:103,4
DA:105,4
DA:107,1
DA:109,1
DA:114,1
DA:115,1
DA:117,1
DA:119,1
DA:121,1
DA:123,1
DA:130,0
DA:131,0
DA:133,0
DA:141,2
DA:142,2
DA:145,2
DA:146,2
DA:149,2
DA:157,0
DA:158,0
DA:159,0
DA:160,0
LF:65
LH:39
end_of_record
SF:lib/core/utils/time_utils.dart
DA:6,0
DA:7,0
DA:10,0
DA:11,0
DA:14,0
DA:15,0
DA:18,0
DA:19,0
DA:22,0
DA:23,0
DA:26,0
DA:27,0
DA:28,0
DA:30,0
DA:31,0
DA:32,0
DA:33,0
DA:34,0
DA:35,0
DA:36,0
DA:37,0
DA:38,0
DA:39,0
DA:41,0
DA:44,0
DA:45,0
DA:46,0
DA:47,0
DA:48,0
DA:49,0
DA:50,0
DA:52,0
DA:56,0
DA:57,0
DA:58,0
DA:61,0
DA:62,0
DA:64,0
DA:65,0
DA:66,0
DA:67,0
DA:68,0
DA:70,0
DA:71,0
DA:72,0
DA:74,0
DA:75,0
DA:78,0
DA:79,0
DA:80,0
DA:83,0
DA:84,0
DA:85,0
DA:86,0
DA:87,0
DA:88,0
DA:89,0
DA:90,0
DA:92,0
DA:95,0
DA:96,0
DA:97,0
DA:100,0
DA:101,0
DA:102,0
DA:106,0
DA:107,0
LF:67
LH:0
end_of_record
SF:lib/features/lessons/data/models/lesson_block_model.dart
DA:24,0
DA:33,0
DA:34,0
DA:35,0
DA:36,0
DA:37,0
DA:38,0
DA:39,0
DA:42,0
DA:43,0
DA:44,0
DA:45,0
DA:46,0
DA:47,0
DA:48,0
DA:51,0
DA:59,0
DA:60,0
DA:61,0
DA:62,0
DA:63,0
DA:64,0
DA:65,0
LF:23
LH:0
end_of_record
SF:lib/features/lessons/data/models/lesson_model.dart
DA:34,0
DA:44,0
DA:46,0
DA:47,0
DA:48,0
DA:49,0
DA:50,0
DA:51,0
DA:52,0
DA:53,0
DA:54,0
DA:55,0
DA:58,0
DA:59,0
DA:60,0
DA:61,0
DA:62,0
DA:63,0
DA:64,0
DA:65,0
DA:66,0
DA:67,0
DA:70,0
DA:81,0
DA:82,0
DA:83,0
DA:84,0
DA:85,0
DA:86,0
DA:87,0
DA:88,0
DA:89,0
DA:90,0
LF:33
LH:0
end_of_record
SF:lib/features/planner/data/adapters/personal_learning_plan_adapter.dart
DA:8,1
DA:10,1
DA:11,1
DA:12,5
DA:14,1
DA:15,1
DA:16,1
DA:17,2
DA:18,1
DA:19,2
DA:20,1
DA:21,1
DA:22,1
DA:23,1
DA:27,2
DA:30,2
DA:31,2
DA:32,4
DA:33,2
DA:34,4
DA:35,2
DA:36,4
DA:37,2
DA:38,4
DA:39,2
DA:40,4
DA:41,2
DA:42,4
DA:43,2
DA:44,4
DA:45,2
DA:46,4
DA:47,2
DA:48,4
DA:51,1
DA:52,2
DA:54,1
DA:57,1
DA:58,3
DA:59,3
DA:66,1
DA:68,1
DA:69,1
DA:70,5
DA:72,1
DA:73,1
DA:74,1
DA:75,2
DA:76,2
DA:77,2
DA:78,1
DA:79,1
DA:80,1
DA:81,1
DA:85,2
DA:88,2
DA:89,2
DA:90,4
DA:91,2
DA:92,4
DA:93,2
DA:94,4
DA:95,2
DA:96,4
DA:97,2
DA:98,4
DA:99,2
DA:100,4
DA:101,2
DA:102,4
DA:103,2
DA:104,4
DA:105,2
DA:106,4
DA:109,0
DA:110,0
DA:112,0
DA:115,0
DA:116,0
DA:117,0
DA:124,1
DA:126,1
DA:127,1
DA:128,5
DA:130,1
DA:131,1
DA:132,1
DA:133,1
DA:134,1
DA:135,1
DA:136,1
DA:137,1
DA:138,1
DA:139,2
DA:140,1
DA:144,2
DA:147,2
DA:148,2
DA:149,4
DA:150,2
DA:151,4
DA:152,2
DA:153,4
DA:154,2
DA:155,4
DA:156,2
DA:157,4
DA:158,2
DA:159,4
DA:160,2
DA:161,4
DA:162,2
DA:163,4
DA:164,2
DA:165,4
DA:166,2
DA:167,4
DA:170,0
DA:171,0
DA:173,0
DA:176,0
DA:177,0
DA:178,0
DA:185,1
DA:187,1
DA:188,1
DA:189,5
DA:191,1
DA:192,1
DA:193,1
DA:194,1
DA:195,1
DA:196,1
DA:197,2
DA:198,1
DA:202,2
DA:205,2
DA:206,2
DA:207,4
DA:208,2
DA:209,4
DA:210,2
DA:211,4
DA:212,2
DA:213,4
DA:214,2
DA:215,4
DA:216,2
DA:217,4
DA:218,2
DA:219,4
DA:222,0
DA:223,0
DA:225,0
DA:228,0
DA:229,0
DA:230,0
DA:237,1
DA:239,1
DA:240,1
DA:241,5
DA:243,1
DA:244,1
DA:245,1
DA:246,1
DA:247,1
DA:248,2
DA:249,1
DA:250,1
DA:251,1
DA:255,2
DA:258,2
DA:259,2
DA:260,4
DA:261,2
DA:262,4
DA:263,2
DA:264,4
DA:265,2
DA:266,4
DA:267,2
DA:268,4
DA:269,2
DA:270,4
DA:271,2
DA:272,4
DA:273,2
DA:274,4
DA:277,0
DA:278,0
DA:280,0
DA:283,0
DA:284,0
DA:285,0
LF:194
LH:170
end_of_record
SF:lib/features/planner/data/adapters/plan_adherence_adapter.dart
DA:8,1
DA:10,1
DA:11,1
DA:12,5
DA:14,1
DA:15,1
DA:16,1
DA:17,1
DA:18,1
DA:19,1
DA:20,1
DA:21,1
DA:22,3
DA:26,1
DA:28,1
DA:29,1
DA:30,2
DA:31,1
DA:32,2
DA:33,1
DA:34,2
DA:35,1
DA:36,2
DA:37,1
DA:38,2
DA:39,1
DA:40,2
DA:41,1
DA:42,2
DA:43,1
DA:44,2
LF:31
LH:31
end_of_record
SF:lib/features/planner/data/adapters/plan_adherence_model_adapter.dart
DA:8,1
DA:10,1
DA:11,1
DA:12,5
DA:14,1
DA:15,1
DA:16,1
DA:17,1
DA:18,1
DA:19,1
DA:20,1
DA:21,1
DA:22,1
DA:23,1
DA:24,3
DA:28,3
DA:30,3
DA:31,3
DA:32,6
DA:33,3
DA:34,6
DA:35,3
DA:36,6
DA:37,3
DA:38,6
DA:39,3
DA:40,6
DA:41,3
DA:42,6
DA:43,3
DA:44,6
DA:45,3
DA:46,6
DA:47,3
DA:48,6
DA:49,3
DA:50,6
LF:37
LH:37
end_of_record
SF:lib/features/planner/data/models/plan_adherence_metric_model.dart
DA:11,2
DA:22,1
DA:23,1
DA:24,2
DA:25,1
DA:26,2
DA:27,2
DA:28,2
DA:29,2
DA:30,2
DA:31,1
DA:35,2
DA:36,2
DA:37,1
DA:38,1
DA:39,1
DA:40,1
DA:41,1
DA:42,1
DA:43,1
DA:46,1
DA:56,1
DA:57,1
DA:58,1
DA:59,1
DA:60,1
DA:61,1
DA:62,1
DA:63,1
DA:64,1
DA:68,1
DA:71,1
DA:72,3
DA:73,3
DA:74,3
DA:75,3
DA:76,3
DA:77,3
DA:78,3
DA:79,3
DA:81,1
DA:83,3
DA:84,3
DA:85,3
DA:86,3
DA:87,3
DA:88,3
DA:89,3
DA:90,2
LF:49
LH:49
end_of_record
SF:lib/features/practice/data/adapters.dart
DA:6,0
DA:7,0
DA:8,0
DA:10,0
DA:11,0
DA:13,0
DA:14,0
LF:7
LH:0
end_of_record
SF:lib/features/practice/data/adapters/mastery_state_adapter.dart
DA:8,0
DA:10,0
DA:11,0
DA:12,0
DA:14,0
DA:15,0
DA:16,0
DA:17,0
DA:18,0
DA:19,0
DA:20,0
DA:21,0
DA:22,0
DA:23,0
DA:24,0
DA:25,0
DA:26,0
DA:27,0
DA:28,0
DA:29,0
DA:30,0
DA:31,0
DA:32,0
DA:33,0
DA:37,0
DA:40,0
DA:41,0
DA:42,0
DA:43,0
DA:44,0
DA:45,0
DA:46,0
DA:47,0
DA:48,0
DA:49,0
DA:50,0
DA:51,0
DA:52,0
DA:53,0
DA:54,0
DA:55,0
DA:56,0
DA:57,0
DA:58,0
DA:59,0
DA:60,0
DA:61,0
DA:62,0
DA:63,0
DA:64,0
DA:65,0
DA:66,0
DA:67,0
DA:68,0
DA:69,0
DA:70,0
DA:71,0
DA:72,0
DA:73,0
DA:74,0
DA:75,0
DA:76,0
DA:77,0
DA:78,0
DA:81,0
DA:82,0
DA:84,0
DA:87,0
DA:88,0
DA:89,0
LF:70
LH:0
end_of_record
SF:lib/features/practice/data/adapters/mastery_improvement_adapter.dart
DA:9,0
DA:11,0
DA:12,0
DA:13,0
DA:15,0
DA:16,0
DA:17,0
DA:18,0
DA:19,0
DA:20,0
DA:21,0
DA:22,0
DA:23,0
DA:24,0
DA:25,0
DA:26,0
DA:30,0
DA:32,0
DA:33,0
DA:34,0
DA:35,0
DA:36,0
DA:37,0
DA:38,0
DA:39,0
DA:40,0
DA:41,0
DA:42,0
DA:43,0
DA:44,0
DA:45,0
DA:46,0
DA:47,0
DA:48,0
DA:49,0
DA:50,0
DA:51,0
DA:52,0
DA:53,0
DA:54,0
LF:40
LH:0
end_of_record
SF:lib/features/practice/data/adapters/question_mastery_state_adapter.dart
DA:8,0
DA:10,0
DA:11,0
DA:12,0
DA:14,0
DA:15,0
DA:16,0
DA:17,0
DA:18,0
DA:19,0
DA:20,0
DA:21,0
DA:22,0
DA:23,0
DA:24,0
DA:25,0
DA:26,0
DA:27,0
DA:28,0
DA:29,0
DA:33,0
DA:36,0
DA:37,0
DA:38,0
DA:39,0
DA:40,0
DA:41,0
DA:42,0
DA:43,0
DA:44,0
DA:45,0
DA:46,0
DA:47,0
DA:48,0
DA:49,0
DA:50,0
DA:51,0
DA:52,0
DA:53,0
DA:54,0
DA:55,0
DA:56,0
DA:57,0
DA:58,0
DA:59,0
DA:60,0
DA:61,0
DA:62,0
DA:63,0
DA:64,0
DA:65,0
DA:66,0
DA:69,0
DA:70,0
DA:72,0
DA:75,0
DA:76,0
DA:77,0
LF:58
LH:0
end_of_record
SF:lib/features/practice/data/models/mastery_improvement_metric_model.dart
DA:16,0
DA:30,0
DA:32,0
DA:33,0
DA:34,0
DA:35,0
DA:36,0
DA:37,0
DA:38,0
DA:39,0
DA:40,0
DA:41,0
DA:42,0
DA:43,0
DA:44,0
LF:15
LH:0
end_of_record
SF:lib/features/practice/data/models/student_attempt_model.dart
DA:40,0
DA:54,0
DA:55,0
DA:56,0
DA:57,0
DA:58,0
DA:59,0
DA:60,0
DA:61,0
DA:62,0
DA:63,0
DA:64,0
DA:65,0
DA:68,0
DA:69,0
DA:70,0
DA:71,0
DA:72,0
DA:73,0
DA:74,0
DA:75,0
DA:76,0
DA:77,0
DA:78,0
DA:79,0
DA:82,0
DA:95,0
DA:96,0
DA:97,0
DA:98,0
DA:99,0
DA:100,0
DA:101,0
DA:102,0
DA:103,0
DA:104,0
DA:105,0
DA:106,0
LF:38
LH:0
end_of_record
SF:lib/features/practice/data/models/student_attempt_model.g.dart
DA:13,0
DA:15,0
DA:16,0
DA:17,0
DA:19,0
DA:20,0
DA:21,0
DA:22,0
DA:23,0
DA:24,0
DA:25,0
DA:26,0
DA:27,0
DA:28,0
DA:29,0
DA:30,0
DA:34,0
DA:37,0
DA:38,0
DA:39,0
DA:40,0
DA:41,0
DA:42,0
DA:43,0
DA:44,0
DA:45,0
DA:46,0
DA:47,0
DA:48,0
DA:49,0
DA:50,0
DA:51,0
DA:52,0
DA:53,0
DA:54,0
DA:55,0
DA:56,0
DA:57,0
DA:58,0
DA:59,0
DA:62,0
DA:63,0
DA:65,0
DA:68,0
DA:69,0
DA:70,0
LF:46
LH:0
end_of_record
SF:lib/features/questions/data/adapters.dart
DA:5,0
DA:6,0
DA:7,0
DA:8,0
DA:10,0
DA:11,0
DA:12,0
LF:7
LH:0
end_of_record
SF:lib/features/questions/data/adapters/markscheme_adapter.dart
DA:8,0
DA:10,0
DA:11,0
DA:12,0
DA:14,0
DA:15,0
DA:16,0
DA:17,0
DA:18,0
DA:19,0
DA:20,0
DA:24,0
DA:27,0
DA:28,0
DA:29,0
DA:30,0
DA:31,0
DA:32,0
DA:33,0
DA:34,0
DA:35,0
DA:36,0
DA:37,0
DA:38,0
DA:39,0
DA:42,0
DA:43,0
DA:45,0
DA:48,0
DA:49,0
DA:50,0
DA:57,0
DA:59,0
DA:60,0
DA:61,0
DA:63,0
DA:64,0
DA:65,0
DA:66,0
DA:67,0
DA:71,0
DA:74,0
DA:75,0
DA:76,0
DA:77,0
DA:78,0
DA:79,0
DA:80,0
DA:81,0
DA:82,0
DA:85,0
DA:86,0
DA:88,0
DA:91,0
DA:92,0
DA:93,0
LF:56
LH:0
end_of_record
SF:lib/features/questions/data/adapters/question_evaluation_adapter.dart
DA:8,0
DA:10,0
DA:11,0
DA:12,0
DA:14,0
DA:15,0
DA:16,0
DA:17,0
DA:18,0
DA:19,0
DA:20,0
DA:21,0
DA:22,0
DA:23,0
DA:27,0
DA:30,0
DA:31,0
DA:32,0
DA:33,0
DA:34,0
DA:35,0
DA:36,0
DA:37,0
DA:38,0
DA:39,0
DA:40,0
DA:41,0
DA:42,0
DA:43,0
DA:44,0
DA:45,0
DA:46,0
DA:47,0
DA:48,0
DA:51,0
DA:52,0
DA:54,0
DA:57,0
DA:58,0
DA:59,0
DA:66,0
DA:68,0
DA:69,0
DA:70,0
DA:72,0
DA:73,0
DA:74,0
DA:75,0
DA:76,0
DA:77,0
DA:81,0
DA:84,0
DA:85,0
DA:86,0
DA:87,0
DA:88,0
DA:89,0
DA:90,0
DA:91,0
DA:92,0
DA:93,0
DA:94,0
DA:97,0
DA:98,0
DA:100,0
DA:103,0
DA:104,0
DA:105,0
LF:68
LH:0
end_of_record
SF:lib/features/settings/data/models/llm_models.dart
DA:11,0
DA:19,0
DA:20,0
DA:21,0
DA:22,0
DA:23,0
DA:24,0
DA:25,0
DA:29,0
DA:30,0
DA:31,0
DA:32,0
DA:33,0
DA:34,0
DA:35,0
DA:49,0
DA:56,0
DA:57,0
DA:59,0
DA:60,0
DA:61,0
DA:62,0
DA:69,0
DA:70,0
DA:71,0
DA:72,0
DA:76,0
DA:77,0
DA:78,0
DA:79,0
DA:82,0
DA:85,0
DA:86,0
DA:87,0
DA:88,0
DA:90,0
DA:91,0
DA:93,0
DA:94,0
DA:108,0
DA:119,0
DA:120,0
DA:121,0
DA:122,0
DA:123,0
DA:124,0
DA:126,0
DA:127,0
DA:131,0
DA:133,0
DA:147,0
DA:157,0
DA:158,0
DA:159,0
DA:160,0
DA:162,0
DA:163,0
DA:164,0
DA:165,0
DA:167,0
DA:168,0
DA:169,0
DA:173,0
DA:174,0
DA:175,0
DA:178,0
DA:180,0
DA:193,0
DA:202,0
DA:203,0
DA:204,0
DA:205,0
DA:206,0
DA:207,0
DA:208,0
DA:209,0
DA:213,0
DA:214,0
LF:78
LH:0
end_of_record
SF:lib/features/subjects/data/adapters.dart
DA:4,0
DA:5,0
DA:6,0
LF:3
LH:0
end_of_record
SF:lib/features/subjects/data/adapters/topic_dependency_adapter.dart
DA:8,0
DA:10,0
DA:11,0
DA:12,0
DA:14,0
DA:15,0
DA:16,0
DA:17,0
DA:18,0
DA:19,0
DA:20,0
DA:21,0
DA:22,0
DA:23,0
DA:24,0
DA:25,0
DA:29,0
DA:32,0
DA:33,0
DA:34,0
DA:35,0
DA:36,0
DA:37,0
DA:38,0
DA:39,0
DA:40,0
DA:41,0
DA:42,0
DA:43,0
DA:44,0
DA:45,0
DA:46,0
DA:47,0
DA:48,0
DA:49,0
DA:50,0
DA:51,0
DA:52,0
DA:53,0
DA:54,0
DA:57,0
DA:58,0
DA:60,0
DA:63,0
DA:64,0
DA:65,0
LF:46
LH:0
end_of_record
SF:lib/features/teaching/data/adapters.dart
DA:4,0
DA:5,0
DA:6,0
DA:8,0
DA:9,0
LF:5
LH:0
end_of_record
SF:lib/features/teaching/data/adapters/conversation_message_adapter.dart
DA:10,0
DA:12,0
DA:13,0
DA:14,0
DA:15,0
DA:16,0
DA:17,0
DA:19,0
DA:20,0
DA:21,0
DA:22,0
DA:23,0
DA:24,0
DA:25,0
DA:26,0
DA:27,0
DA:28,0
DA:32,0
DA:34,0
DA:35,0
DA:36,0
DA:37,0
DA:38,0
DA:39,0
DA:40,0
DA:41,0
DA:42,0
DA:43,0
DA:44,0
DA:45,0
DA:46,0
DA:47,0
DA:48,0
DA:49,0
DA:50,0
DA:51,0
DA:52,0
DA:60,0
DA:62,0
DA:63,0
DA:64,0
DA:65,0
DA:66,0
DA:67,0
DA:69,0
DA:70,0
DA:71,0
DA:72,0
DA:73,0
DA:74,0
DA:75,0
DA:76,0
DA:77,0
DA:78,0
DA:79,0
DA:80,0
DA:81,0
DA:82,0
DA:83,0
DA:84,0
DA:85,0
DA:86,0
DA:90,0
DA:92,0
DA:93,0
DA:94,0
DA:95,0
DA:96,0
DA:97,0
DA:98,0
DA:99,0
DA:100,0
DA:101,0
DA:102,0
DA:103,0
DA:104,0
DA:105,0
DA:106,0
DA:107,0
DA:108,0
DA:109,0
DA:110,0
DA:111,0
DA:112,0
DA:113,0
DA:114,0
DA:115,0
DA:116,0
DA:117,0
DA:118,0
DA:119,0
DA:120,0
DA:121,0
DA:122,0
DA:123,0
DA:124,0
DA:125,0
DA:126,0
LF:98
LH:0
end_of_record
SF:lib/features/teaching/data/models/tutor_session_model.dart
DA:57,0
DA:77,0
DA:78,0
DA:80,0
DA:81,0
DA:83,0
DA:84,0
DA:86,0
DA:88,0
DA:107,0
DA:108,0
DA:109,0
DA:110,0
DA:111,0
DA:112,0
DA:113,0
DA:114,0
DA:115,0
DA:116,0
DA:117,0
DA:118,0
DA:119,0
DA:120,0
DA:121,0
DA:122,0
DA:123,0
DA:124,0
DA:128,0
DA:129,0
DA:130,0
DA:131,0
DA:132,0
DA:133,0
DA:134,0
DA:135,0
DA:136,0
DA:137,0
DA:138,0
DA:139,0
DA:140,0
DA:141,0
DA:142,0
DA:143,0
DA:144,0
DA:145,0
DA:148,0
DA:149,0
DA:150,0
DA:151,0
DA:152,0
DA:153,0
DA:154,0
DA:155,0
DA:156,0
DA:157,0
DA:158,0
DA:159,0
DA:160,0
DA:161,0
DA:162,0
DA:163,0
DA:164,0
DA:165,0
LF:63
LH:0
end_of_record
SF:lib/features/planner/providers/planner_providers.dart
DA:12,7
DA:13,1
DA:16,0
DA:17,0
DA:18,0
DA:32,2
DA:50,2
DA:57,8
DA:58,4
DA:59,2
DA:62,2
DA:63,8
DA:67,4
DA:68,14
DA:69,2
DA:70,2
DA:71,2
DA:76,2
DA:77,1
DA:78,1
DA:80,1
DA:81,2
DA:84,2
DA:85,3
DA:87,1
DA:88,2
DA:89,2
DA:92,2
DA:93,7
DA:94,1
DA:95,1
DA:99,2
DA:100,7
DA:101,1
DA:102,2
DA:105,2
DA:112,3
DA:113,1
DA:114,2
DA:115,7
DA:116,7
DA:117,3
DA:120,1
DA:122,2
DA:123,2
DA:125,1
DA:150,2
DA:163,2
DA:175,2
DA:176,2
DA:177,2
DA:178,2
DA:179,2
DA:182,2
DA:183,2
DA:184,2
DA:185,2
DA:189,2
DA:190,2
DA:197,4
DA:199,2
DA:200,2
DA:202,1
DA:203,3
DA:206,2
DA:207,6
DA:210,2
DA:211,2
DA:212,2
DA:215,2
DA:216,2
DA:217,2
DA:218,2
DA:221,2
DA:224,4
DA:226,6
DA:229,2
DA:230,8
DA:234,2
DA:240,4
DA:241,6
DA:246,2
DA:247,6
DA:251,2
DA:254,4
DA:255,6
DA:257,1
DA:261,2
DA:264,4
DA:265,6
DA:267,0
DA:271,2
DA:274,4
DA:275,6
DA:277,1
DA:281,2
DA:287,6
DA:290,4
DA:296,6
DA:299,2
DA:302,6
DA:304,2
DA:308,6
DA:310,4
DA:315,2
DA:321,6
DA:324,4
DA:330,0
DA:333,0
DA:336,3
DA:338,1
DA:342,3
DA:344,2
DA:349,2
DA:356,4
DA:362,2
DA:363,8
DA:365,8
DA:369,1
DA:376,2
DA:381,1
DA:383,4
DA:387,2
DA:389,4
DA:390,2
DA:392,8
DA:394,4
DA:397,4
DA:401,2
DA:403,4
DA:404,2
DA:406,4
DA:410,1
DA:419,2
DA:427,1
DA:428,4
DA:432,4
DA:437,1
DA:438,3
DA:440,2
DA:442,3
DA:445,1
DA:448,4
DA:451,5
DA:455,1
DA:464,2
DA:469,4
DA:472,1
DA:481,4
DA:486,2
DA:488,4
DA:490,2
DA:491,8
DA:495,0
DA:500,1
DA:507,2
DA:513,1
DA:514,4
DA:518,0
DA:523,1
DA:525,2
DA:526,1
DA:527,3
DA:528,1
DA:531,4
DA:535,1
DA:538,2
DA:539,1
DA:541,0
DA:546,4
DA:547,4
DA:548,4
DA:549,2
LF:173
LH:164
end_of_record
SF:lib/features/planner/data/models/student_availability_model.dart
DA:26,2
DA:36,1
DA:45,1
DA:46,1
DA:47,1
DA:48,1
DA:49,1
DA:50,1
DA:51,1
DA:52,1
DA:56,1
DA:57,3
DA:58,9
DA:61,3
DA:64,4
LF:15
LH:15
end_of_record
SF:lib/features/planner/data/models/engagement_nudge_model.dart
DA:32,2
DA:42,2
DA:44,2
DA:55,2
DA:56,2
DA:57,2
DA:58,2
DA:59,2
DA:60,2
DA:61,2
DA:62,2
DA:63,1
DA:64,1
LF:13
LH:13
end_of_record
SF:lib/features/planner/data/models/task_model.dart
DA:32,1
DA:44,1
DA:55,1
DA:66,1
DA:67,1
DA:68,1
DA:69,1
DA:70,1
DA:71,1
DA:72,1
DA:73,1
DA:74,1
DA:75,1
DA:79,1
DA:80,1
DA:81,1
DA:82,1
DA:83,1
DA:84,1
DA:85,1
DA:86,1
DA:87,1
DA:88,1
DA:89,1
LF:24
LH:24
end_of_record
SF:lib/features/planner/data/repositories/engagement_nudge_repository.dart
DA:6,1
DA:7,1
DA:10,1
DA:11,2
DA:14,1
DA:15,3
DA:16,5
DA:20,1
DA:22,1
DA:23,2
DA:26,0
DA:28,0
DA:29,0
DA:30,0
DA:33,1
DA:34,2
DA:36,1
DA:37,2
DA:41,0
DA:42,0
DA:43,0
DA:44,0
DA:45,0
DA:46,0
DA:49,0
DA:51,0
DA:52,0
DA:53,0
DA:56,0
DA:57,0
DA:58,0
DA:59,0
DA:60,0
LF:33
LH:14
end_of_record
SF:lib/features/planner/data/repositories/student_availability_repository.dart
DA:6,2
DA:7,2
DA:10,1
DA:11,2
DA:14,1
DA:15,1
LF:6
LH:6
end_of_record
SF:lib/core/config/locale_config.dart
DA:12,0
DA:13,0
DA:15,0
DA:16,0
DA:17,0
DA:24,0
DA:25,0
DA:26,0
DA:27,0
DA:29,0
LF:10
LH:0
end_of_record
SF:lib/core/data/extraction/ocr_extractor.dart
DA:15,1
DA:22,0
DA:31,0
DA:35,0
DA:36,0
DA:40,0
DA:44,0
DA:45,0
DA:48,0
DA:49,0
DA:52,0
DA:53,0
DA:55,0
DA:58,0
DA:59,0
DA:68,0
DA:70,0
DA:71,0
DA:77,0
DA:78,0
DA:80,0
DA:88,0
DA:89,0
DA:90,0
DA:98,0
DA:99,0
DA:100,0
DA:108,0
DA:112,0
DA:113,0
DA:114,0
DA:116,0
DA:118,0
DA:122,0
DA:123,0
DA:131,0
DA:134,0
DA:143,0
DA:144,0
DA:146,0
DA:148,0
DA:149,0
DA:152,0
DA:159,0
DA:161,0
DA:162,0
DA:171,0
DA:172,0
DA:177,0
DA:178,0
DA:181,0
LF:51
LH:1
end_of_record
SF:lib/core/data/extraction/pdf_extractor.dart
DA:11,1
DA:21,0
DA:23,0
DA:24,0
DA:25,0
DA:31,0
DA:32,0
DA:34,0
DA:42,0
DA:43,0
DA:50,0
DA:51,0
DA:53,0
DA:54,0
DA:59,0
DA:60,0
DA:61,0
DA:69,0
DA:73,0
DA:80,0
DA:85,0
DA:86,0
DA:87,0
DA:88,0
DA:89,0
DA:90,0
DA:92,0
DA:93,0
DA:94,0
DA:95,0
DA:96,0
DA:97,0
DA:98,0
DA:99,0
DA:103,0
DA:104,0
DA:111,0
DA:112,0
DA:117,0
DA:118,0
DA:126,0
DA:127,0
DA:128,0
DA:129,0
DA:130,0
DA:131,0
DA:132,0
DA:133,0
DA:134,0
DA:138,0
DA:140,0
DA:143,0
DA:144,0
DA:145,0
DA:146,0
DA:147,0
LF:56
LH:1
end_of_record
SF:lib/core/data/extraction/transcription_extractor.dart
DA:17,1
DA:24,0
DA:34,0
DA:41,0
DA:43,0
DA:44,0
DA:48,0
DA:54,0
DA:55,0
DA:58,0
DA:59,0
DA:60,0
DA:62,0
DA:68,0
DA:69,0
DA:78,0
DA:84,0
DA:85,0
DA:88,0
DA:89,0
DA:92,0
DA:93,0
DA:94,0
DA:96,0
DA:102,0
DA:103,0
DA:112,0
DA:114,0
DA:115,0
DA:121,0
DA:122,0
DA:123,0
DA:124,0
DA:131,0
DA:139,0
DA:141,0
DA:149,0
DA:150,0
DA:151,0
DA:157,0
DA:158,0
DA:159,0
DA:160,0
DA:164,0
DA:165,0
DA:173,0
DA:174,0
DA:175,0
DA:184,0
DA:185,0
DA:188,0
DA:189,0
DA:192,0
DA:193,0
DA:199,0
DA:201,0
DA:202,0
DA:203,0
DA:206,0
DA:208,0
DA:209,0
DA:210,0
DA:215,0
DA:216,0
DA:218,0
DA:220,0
DA:221,0
DA:223,0
DA:224,0
DA:225,0
DA:226,0
DA:227,0
DA:232,0
DA:241,0
DA:246,0
DA:248,0
DA:249,0
DA:250,0
DA:257,0
DA:258,0
DA:260,0
DA:261,0
DA:263,0
DA:265,0
DA:267,0
DA:270,0
DA:273,0
DA:277,0
DA:282,0
DA:283,0
DA:291,0
DA:294,0
DA:303,0
DA:304,0
DA:306,0
DA:308,0
DA:309,0
DA:312,0
DA:313,0
DA:316,0
DA:319,0
DA:321,0
DA:330,0
DA:331,0
DA:335,0
DA:336,0
DA:339,0
DA:344,0
DA:345,0
LF:109
LH:1
end_of_record
SF:lib/core/errors/exceptions.dart
DA:23,0
DA:30,0
DA:31,0
LF:3
LH:0
end_of_record
SF:lib/core/errors/handlers.dart
DA:9,0
DA:11,0
DA:13,0
DA:16,0
DA:18,0
DA:25,0
DA:26,0
DA:27,0
DA:30,0
DA:31,0
DA:34,0
DA:40,0
DA:41,0
DA:42,0
DA:44,0
DA:45,0
DA:48,0
DA:49,0
DA:51,0
DA:55,0
DA:57,0
DA:58,0
DA:59,0
DA:63,0
DA:66,0
DA:68,0
DA:70,0
DA:73,0
DA:74,0
DA:75,0
DA:76,0
DA:77,0
DA:78,0
DA:79,0
DA:80,0
DA:81,0
DA:82,0
DA:83,0
DA:84,0
DA:85,0
DA:86,0
DA:87,0
DA:88,0
DA:92,0
DA:93,0
DA:94,0
DA:95,0
DA:96,0
DA:97,0
DA:98,0
DA:99,0
DA:100,0
DA:101,0
DA:102,0
DA:103,0
DA:107,0
DA:108,0
DA:109,0
DA:110,0
DA:111,0
DA:112,0
DA:113,0
DA:117,0
DA:124,0
DA:126,0
DA:131,0
DA:138,0
DA:140,0
DA:145,0
DA:146,0
DA:149,0
DA:151,0
DA:152,0
DA:156,0
DA:158,0
DA:159,0
DA:160,0
DA:161,0
DA:162,0
DA:168,0
DA:169,0
DA:170,0
DA:176,0
DA:177,0
DA:178,0
DA:184,0
DA:185,0
DA:186,0
DA:192,0
DA:193,0
DA:194,0
DA:200,0
DA:201,0
DA:202,0
DA:208,0
DA:209,0
DA:210,0
DA:216,0
DA:217,0
LF:99
LH:0
end_of_record
SF:lib/core/providers/app_providers.dart
DA:19,0
DA:20,0
DA:21,0
DA:22,0
DA:23,0
DA:24,0
DA:25,0
DA:26,0
DA:27,0
DA:28,0
DA:32,0
DA:39,0
DA:41,0
DA:43,0
DA:44,0
DA:46,0
DA:47,0
DA:48,0
DA:50,0
DA:54,0
DA:73,0
DA:74,0
DA:75,0
DA:76,0
DA:77,0
DA:78,0
DA:80,0
DA:82,0
DA:84,0
DA:86,0
DA:88,0
DA:90,0
DA:92,0
DA:94,0
DA:96,0
DA:98,0
DA:101,0
DA:103,0
DA:105,0
DA:109,0
DA:111,0
DA:112,0
DA:114,0
DA:118,0
DA:120,0
DA:121,0
DA:123,0
DA:127,0
DA:129,0
DA:130,0
DA:132,0
DA:136,0
DA:138,0
DA:139,0
DA:141,0
DA:145,0
DA:146,0
DA:149,0
DA:150,0
DA:153,0
DA:154,0
DA:157,0
DA:163,0
DA:168,0
DA:170,0
DA:174,0
DA:175,0
DA:178,0
DA:179,0
DA:182,0
DA:183,0
DA:186,0
DA:187,0
DA:190,0
DA:191,0
DA:194,0
DA:195,0
DA:198,0
DA:199,0
DA:203,0
DA:204,0
DA:207,0
DA:209,0
DA:211,0
DA:213,0
DA:215,0
DA:217,0
DA:219,0
DA:221,0
DA:223,0
DA:224,0
DA:225,0
DA:230,0
LF:93
LH:0
end_of_record
SF:lib/features/settings/data/models/settings_box.g.dart
DA:13,0
DA:15,0
DA:16,0
DA:17,0
DA:19,0
DA:20,0
DA:21,0
DA:22,0
DA:23,0
DA:24,0
DA:25,0
DA:26,0
DA:27,0
DA:28,0
DA:29,0
DA:30,0
DA:31,0
DA:32,0
DA:33,0
DA:34,0
DA:35,0
DA:36,0
DA:37,0
DA:41,0
DA:44,0
DA:45,0
DA:46,0
DA:47,0
DA:48,0
DA:49,0
DA:50,0
DA:51,0
DA:52,0
DA:53,0
DA:54,0
DA:55,0
DA:56,0
DA:57,0
DA:58,0
DA:59,0
DA:60,0
DA:61,0
DA:62,0
DA:63,0
DA:64,0
DA:65,0
DA:66,0
DA:67,0
DA:68,0
DA:69,0
DA:70,0
DA:71,0
DA:72,0
DA:73,0
DA:74,0
DA:75,0
DA:76,0
DA:77,0
DA:78,0
DA:79,0
DA:80,0
DA:83,0
DA:84,0
DA:86,0
DA:89,0
DA:90,0
DA:91,0
LF:67
LH:0
end_of_record
SF:lib/features/settings/data/models/settings_box.dart
DA:63,0
DA:84,0
DA:85,0
DA:86,0
DA:89,0
DA:90,0
DA:93,0
DA:94,0
DA:95,0
DA:96,0
DA:97,0
DA:98,0
DA:99,0
DA:100,0
DA:101,0
DA:102,0
DA:103,0
DA:104,0
DA:105,0
DA:106,0
DA:107,0
DA:108,0
DA:109,0
DA:110,0
DA:111,0
DA:112,0
DA:116,0
DA:117,0
DA:118,0
DA:119,0
DA:120,0
DA:123,0
DA:124,0
DA:125,0
DA:126,0
DA:127,0
DA:128,0
DA:129,0
DA:130,0
DA:133,0
DA:135,0
DA:136,0
DA:137,0
DA:139,0
DA:140,0
DA:142,0
DA:143,0
DA:145,0
DA:146,0
DA:148,0
DA:149,0
DA:151,0
DA:152,0
DA:155,0
DA:156,0
DA:161,0
DA:181,0
DA:182,0
DA:183,0
DA:184,0
DA:185,0
DA:186,0
DA:187,0
DA:188,0
DA:189,0
DA:190,0
DA:191,0
DA:192,0
DA:193,0
DA:194,0
DA:195,0
DA:196,0
DA:197,0
DA:198,0
DA:199,0
DA:203,0
DA:205,0
LF:77
LH:0
end_of_record
SF:lib/features/settings/data/repositories/settings_repository.dart
DA:15,0
DA:16,0
DA:18,0
DA:23,0
DA:24,0
DA:26,0
DA:31,0
DA:32,0
DA:33,0
DA:37,0
DA:41,0
DA:44,0
DA:45,0
DA:46,0
DA:51,0
DA:52,0
DA:55,0
DA:56,0
DA:58,0
DA:63,0
DA:64,0
DA:65,0
DA:69,0
DA:70,0
DA:71,0
DA:72,0
DA:73,0
DA:74,0
DA:79,0
DA:80,0
DA:81,0
DA:82,0
DA:86,0
DA:87,0
[...]
DA:48,0
DA:49,0
DA:50,0
DA:51,0
DA:52,0
DA:56,0
DA:57,0
DA:58,0
DA:59,0
DA:62,0
DA:63,0
DA:64,0
DA:67,0
DA:68,0
DA:83,0
DA:84,0
DA:86,0
DA:87,0
DA:88,0
DA:92,0
DA:93,0
DA:95,0
DA:102,0
DA:103,0
DA:104,0
DA:105,0
DA:106,0
DA:107,0
DA:108,0
DA:109,0
DA:110,0
DA:111,0
DA:113,0
DA:114,0
DA:115,0
DA:116,0
DA:119,0
DA:120,0
DA:121,0
DA:124,0
DA:125,0
DA:126,0
DA:127,0
DA:128,0
DA:129,0
DA:130,0
DA:131,0
DA:136,0
DA:137,0
DA:138,0
DA:145,0
DA:146,0
DA:147,0
DA:148,0
DA:149,0
DA:151,0
DA:152,0
DA:154,0
DA:157,0
DA:158,0
DA:159,0
DA:160,0
DA:162,0
DA:163,0
LF:84
LH:0
end_of_record
SF:lib/features/questions/presentation/widgets/canvas_drawing_widget.dart
DA:19,0
DA:27,0
DA:28,0
DA:39,0
DA:41,0
DA:42,0
DA:45,0
DA:47,0
DA:48,0
DA:49,0
DA:51,0
DA:52,0
DA:53,0
DA:55,0
DA:57,0
DA:60,0
DA:62,0
DA:63,0
DA:64,0
DA:66,0
DA:67,0
DA:68,0
DA:69,0
DA:70,0
DA:71,0
DA:73,0
DA:74,0
DA:75,0
DA:76,0
DA:78,0
DA:79,0
DA:80,0
DA:81,0
DA:82,0
DA:83,0
DA:84,0
DA:86,0
DA:87,0
DA:88,0
DA:89,0
DA:93,0
DA:96,0
DA:98,0
DA:99,0
DA:101,0
DA:111,0
DA:113,0
DA:115,0
DA:116,0
DA:117,0
DA:121,0
DA:122,0
DA:123,0
DA:124,0
DA:125,0
DA:126,0
DA:127,0
DA:133,0
DA:136,0
DA:138,0
DA:146,0
DA:147,0
DA:148,0
DA:149,0
DA:151,0
DA:156,0
DA:157,0
DA:158,0
DA:159,0
DA:160,0
DA:163,0
DA:164,0
DA:165,0
DA:167,0
DA:169,0
DA:170,0
DA:171,0
DA:172,0
DA:179,0
DA:180,0
DA:182,0
DA:183,0
DA:184,0
DA:185,0
DA:189,0
DA:190,0
DA:191,0
DA:193,0
DA:194,0
DA:195,0
DA:199,0
DA:200,0
DA:201,0
DA:205,0
DA:206,0
DA:207,0
DA:208,0
DA:212,0
DA:213,0
DA:214,0
DA:218,0
DA:219,0
DA:220,0
DA:221,0
DA:222,0
DA:225,0
DA:226,0
DA:227,0
DA:228,0
DA:229,0
DA:233,0
DA:234,0
DA:235,0
DA:239,0
DA:240,0
DA:241,0
DA:247,0
DA:248,0
DA:249,0
DA:250,0
DA:251,0
DA:252,0
DA:255,0
DA:256,0
DA:257,0
DA:259,0
DA:260,0
DA:261,0
DA:262,0
DA:263,0
DA:264,0
DA:265,0
DA:266,0
DA:267,0
DA:268,0
DA:269,0
DA:271,0
DA:275,0
DA:276,0
DA:279,0
DA:280,0
DA:283,0
LF:142
LH:0
end_of_record
SF:lib/features/questions/presentation/widgets/math_expression_widget.dart
DA:8,0
DA:15,0
DA:17,0
DA:18,0
DA:20,0
DA:21,0
DA:24,0
DA:25,0
DA:26,0
DA:27,0
DA:29,0
DA:33,0
DA:74,0
DA:75,0
DA:78,0
DA:79,0
DA:81,0
DA:83,0
DA:84,0
DA:85,0
DA:86,0
DA:87,0
DA:88,0
DA:89,0
DA:97,0
DA:98,0
DA:99,0
DA:107,0
DA:108,0
DA:109,0
DA:117,0
DA:118,0
DA:119,0
DA:127,0
DA:128,0
DA:129,0
DA:130,0
DA:131,0
DA:132,0
DA:134,0
DA:137,0
DA:139,0
DA:140,0
DA:144,0
DA:145,0
DA:146,0
DA:147,0
DA:148,0
DA:150,0
DA:152,0
DA:153,0
DA:154,0
DA:155,0
DA:156,0
DA:158,0
DA:162,0
DA:163,0
DA:164,0
DA:165,0
DA:169,0
DA:170,0
DA:174,0
DA:175,0
DA:176,0
DA:177,0
DA:178,0
DA:179,0
DA:180,0
DA:181,0
DA:182,0
DA:183,0
DA:185,0
DA:187,0
DA:188,0
DA:190,0
DA:192,0
DA:193,0
DA:195,0
DA:198,0
DA:200,0
DA:201,0
DA:203,0
DA:204,0
DA:206,0
DA:207,0
DA:208,0
DA:210,0
DA:212,0
DA:214,0
DA:215,0
DA:216,0
DA:217,0
DA:219,0
DA:221,0
DA:224,0
DA:229,0
DA:230,0
DA:232,0
DA:233,0
DA:235,0
DA:237,0
DA:239,0
DA:240,0
DA:241,0
DA:243,0
DA:245,0
DA:247,0
DA:252,0
DA:253,0
DA:254,0
DA:255,0
DA:256,0
DA:257,0
DA:258,0
DA:259,0
DA:260,0
DA:261,0
DA:266,0
DA:267,0
DA:268,0
DA:269,0
DA:270,0
DA:271,0
DA:276,0
DA:277,0
DA:278,0
DA:279,0
DA:282,0
DA:283,0
DA:284,0
DA:286,0
DA:288,0
DA:289,0
DA:290,0
DA:292,0
DA:295,0
DA:298,0
DA:299,0
DA:300,0
DA:301,0
DA:304,0
DA:305,0
DA:306,0
DA:307,0
DA:309,0
DA:310,0
DA:312,0
DA:313,0
DA:314,0
DA:316,0
DA:319,0
DA:331,0
DA:332,0
DA:336,0
DA:339,0
DA:340,0
DA:341,0
DA:342,0
DA:347,0
DA:350,0
DA:351,0
DA:352,0
DA:353,0
DA:358,0
DA:359,0
DA:362,0
DA:363,0
DA:364,0
DA:365,0
DA:366,0
DA:367,0
DA:368,0
DA:369,0
DA:370,0
DA:378,0
DA:379,0
DA:380,0
DA:381,0
DA:382,0
DA:383,0
DA:384,0
DA:388,0
LF:182
LH:0
end_of_record
SF:lib/features/practice/services/spaced_repetition_engine.dart
DA:11,0
DA:20,0
DA:21,0
DA:22,0
DA:23,0
DA:24,0
DA:25,0
DA:26,0
DA:29,0
DA:30,0
DA:31,0
DA:32,0
DA:33,0
DA:34,0
DA:35,0
DA:46,1
DA:54,0
DA:62,0
DA:63,0
DA:64,0
DA:67,0
DA:68,0
DA:69,0
DA:78,0
DA:89,0
DA:91,0
DA:97,0
DA:99,0
DA:105,0
DA:106,0
DA:107,0
DA:109,0
DA:112,0
DA:113,0
DA:114,0
DA:115,0
DA:123,0
DA:124,0
DA:125,0
DA:127,0
DA:129,0
DA:138,0
DA:140,0
DA:148,0
DA:151,0
DA:159,0
DA:165,0
DA:167,0
DA:168,0
DA:169,0
DA:171,0
DA:172,0
DA:173,0
DA:175,0
DA:176,0
DA:177,0
DA:179,0
DA:191,0
DA:198,0
DA:201,0
DA:204,0
DA:206,0
DA:208,0
DA:210,0
DA:218,0
DA:223,0
DA:226,0
DA:229,0
DA:233,0
DA:234,0
DA:235,0
DA:236,0
DA:237,0
DA:239,0
DA:240,0
DA:241,0
DA:243,0
DA:246,0
DA:251,0
DA:252,0
DA:256,0
DA:258,0
DA:260,0
DA:262,0
DA:264,0
LF:85
LH:1
end_of_record
SF:lib/features/practice/services/readiness_scorer.dart
DA:11,0
DA:28,0
DA:31,0
DA:32,0
DA:34,0
DA:35,0
DA:37,0
DA:38,0
DA:39,0
DA:41,0
DA:47,0
DA:53,0
DA:55,0
DA:59,0
DA:64,0
DA:68,0
DA:69,0
DA:71,0
DA:72,0
DA:77,0
DA:78,0
DA:79,0
DA:81,0
DA:82,0
DA:83,0
DA:84,0
DA:85,0
DA:86,0
DA:88,0
DA:91,0
DA:92,0
DA:95,0
DA:96,0
DA:98,0
LF:34
LH:0
end_of_record
SF:lib/features/practice/services/difficulty_adapter.dart
DA:11,0
DA:19,0
DA:21,0
DA:23,0
DA:24,0
DA:26,0
DA:27,0
DA:31,0
DA:32,0
DA:33,0
DA:34,0
DA:35,0
DA:37,0
DA:40,0
DA:41,0
DA:42,0
DA:44,0
DA:46,0
LF:18
LH:0
end_of_record
SF:lib/features/practice/services/practice_data_service.dart
DA:17,0
DA:27,0
DA:28,0
DA:31,0
DA:32,0
DA:33,0
DA:34,0
DA:35,0
DA:36,0
DA:38,0
DA:44,0
DA:46,0
DA:47,0
DA:49,0
DA:50,0
DA:51,0
DA:52,0
DA:54,0
DA:55,0
DA:59,0
DA:61,0
DA:62,0
DA:64,0
DA:65,0
DA:69,0
DA:71,0
DA:72,0
DA:73,0
DA:74,0
DA:75,0
DA:76,0
DA:79,0
DA:81,0
DA:83,0
DA:84,0
DA:86,0
DA:87,0
LF:37
LH:0
end_of_record
SF:lib/features/questions/data/models/drawing_models.dart
DA:8,0
DA:15,0
LF:2
LH:0
end_of_record
SF:lib/features/questions/presentation/painters/drawing_painter.dart
DA:7,0
DA:9,0
DA:11,0
DA:12,0
DA:13,0
DA:14,0
DA:15,0
DA:16,0
DA:17,0
DA:18,0
DA:19,0
DA:20,0
DA:21,0
DA:23,0
DA:24,0
DA:25,0
DA:30,0
DA:31,0
LF:18
LH:0
end_of_record
SF:lib/features/questions/presentation/painters/grid_painter.dart
DA:6,0
DA:8,0
DA:10,0
DA:11,0
DA:12,0
DA:14,0
DA:15,0
DA:19,0
DA:21,0
LF:9
LH:0
end_of_record
SF:lib/features/quickguide/presentation/widgets/mode_navigation_widget.dart
DA:7,1
DA:9,0
DA:11,0
DA:12,0
DA:14,0
DA:15,0
DA:16,0
DA:17,0
DA:18,0
DA:19,0
DA:22,0
DA:24,0
DA:25,0
DA:27,0
DA:28,0
DA:29,0
DA:35,0
DA:36,0
DA:37,0
DA:38,0
DA:39,0
DA:42,0
DA:43,0
DA:44,0
DA:45,0
DA:46,0
DA:48,0
DA:49,0
DA:50,0
DA:51,0
DA:52,0
DA:53,0
DA:54,0
DA:62,0
DA:65,0
DA:66,0
DA:67,0
DA:68,0
DA:69,0
DA:74,0
DA:75,0
DA:76,0
DA:77,0
DA:80,0
DA:81,0
DA:82,0
DA:83,0
DA:84,0
DA:86,0
DA:87,0
DA:88,0
DA:89,0
DA:90,0
DA:91,0
DA:92,0
DA:101,0
DA:102,0
DA:105,0
DA:106,0
DA:107,0
DA:108,0
DA:109,0
DA:122,0
DA:130,0
DA:132,0
DA:134,0
DA:136,0
DA:137,0
DA:138,0
DA:140,0
DA:141,0
DA:143,0
DA:144,0
DA:145,0
DA:146,0
DA:147,0
DA:148,0
DA:151,0
DA:152,0
DA:154,0
DA:160,0
DA:161,0
DA:163,0
DA:164,0
LF:84
LH:1
end_of_record
SF:lib/features/quickguide/presentation/widgets/message_list_widget.dart
DA:11,0
DA:18,0
DA:20,0
DA:21,0
DA:22,0
DA:23,0
DA:24,0
DA:25,0
DA:26,0
DA:28,0
LF:10
LH:0
end_of_record
SF:lib/features/quickguide/presentation/widgets/suggested_prompts_widget.dart
DA:9,0
DA:15,0
DA:17,0
DA:18,0
DA:19,0
DA:20,0
DA:21,0
DA:23,0
DA:24,0
DA:25,0
DA:26,0
DA:28,0
DA:29,0
DA:30,0
DA:32,0
DA:36,0
DA:37,0
DA:40,0
DA:41,0
DA:42,0
DA:44,0
DA:45,0
DA:47,0
DA:49,0
DA:50,0
DA:55,0
LF:26
LH:0
end_of_record
SF:lib/features/quickguide/presentation/widgets/help_dialog.dart
DA:5,1
DA:7,0
DA:9,0
DA:10,0
DA:12,0
DA:13,0
DA:14,0
DA:15,0
DA:16,0
DA:17,0
DA:18,0
DA:25,0
DA:26,0
DA:28,0
LF:14
LH:1
end_of_record
SF:lib/features/sessions/services/session_export_service.dart
DA:15,0
DA:16,0
DA:17,0
DA:22,0
DA:23,0
DA:24,0
DA:27,0
DA:28,0
DA:29,0
DA:30,0
DA:31,0
DA:32,0
DA:35,0
DA:36,0
DA:37,0
DA:38,0
DA:39,0
DA:40,0
DA:45,0
DA:46,0
DA:51,0
DA:54,0
DA:56,0
DA:59,0
DA:63,0
DA:65,0
DA:66,0
DA:69,0
DA:70,0
DA:72,0
DA:73,0
DA:74,0
DA:80,0
DA:81,0
DA:82,0
DA:85,0
DA:86,0
DA:87,0
DA:90,0
DA:91,0
DA:92,0
DA:93,0
DA:94,0
DA:95,0
DA:96,0
DA:97,0
DA:99,0
DA:100,0
DA:101,0
DA:102,0
DA:103,0
DA:104,0
DA:105,0
DA:106,0
DA:109,0
DA:111,0
DA:113,0
DA:114,0
DA:122,0
DA:132,0
DA:133,0
DA:134,0
DA:136,0
DA:137,0
DA:138,0
DA:149,0
DA:152,0
DA:153,0
DA:154,0
DA:155,0
DA:156,0
DA:157,0
DA:158,0
DA:160,0
DA:163,0
DA:164,0
DA:165,0
DA:166,0
DA:167,0
DA:169,0
DA:172,0
DA:178,0
DA:179,0
DA:180,0
DA:181,0
DA:185,0
DA:191,0
DA:192,0
DA:193,0
DA:194,0
DA:198,0
DA:205,0
DA:206,0
DA:207,0
DA:208,0
DA:212,0
DA:217,0
DA:218,0
DA:221,0
DA:226,0
DA:227,0
DA:230,0
DA:236,0
DA:237,0
LF:104
LH:0
end_of_record
SF:lib/features/sessions/presentation/widgets/session_analytics.dart
DA:15,0
DA:24,0
DA:26,0
DA:29,0
DA:31,0
DA:32,0
DA:33,0
DA:34,0
DA:35,0
DA:36,0
DA:39,0
DA:41,0
DA:42,0
DA:44,0
DA:46,0
DA:47,0
DA:50,0
DA:52,0
DA:57,0
DA:58,0
DA:60,0
DA:61,0
DA:62,0
DA:64,0
DA:65,0
DA:66,0
DA:72,0
DA:73,0
DA:75,0
DA:76,0
DA:78,0
DA:79,0
DA:81,0
DA:84,0
DA:90,0
DA:91,0
DA:93,0
DA:94,0
DA:95,0
DA:96,0
DA:97,0
DA:98,0
DA:99,0
DA:100,0
DA:101,0
DA:102,0
DA:103,0
DA:106,0
DA:110,0
DA:111,0
DA:112,0
DA:113,0
DA:115,0
DA:121,0
DA:122,0
DA:123,0
DA:124,0
DA:125,0
DA:126,0
DA:128,0
DA:132,0
DA:133,0
DA:134,0
DA:135,0
DA:137,0
LF:65
LH:0
end_of_record
SF:lib/features/settings/data/models/accessibility_preferences.dart
DA:19,0
DA:26,0
DA:27,0
DA:28,0
DA:29,0
DA:30,0
DA:33,0
DA:34,0
DA:35,0
DA:37,0
DA:39,0
DA:40,0
DA:41,0
DA:45,0
DA:51,0
DA:52,0
DA:53,0
DA:54,0
DA:55,0
DA:59,0
DA:61,0
DA:62,0
LF:22
LH:0
end_of_record
SF:lib/features/settings/data/models/accessibility_preferences.g.dart
DA:14,0
DA:16,0
DA:17,0
DA:18,0
DA:20,0
DA:21,0
DA:22,0
DA:23,0
DA:24,0
DA:28,0
DA:31,0
DA:32,0
DA:33,0
DA:34,0
DA:35,0
DA:36,0
DA:37,0
DA:38,0
DA:39,0
DA:42,0
DA:43,0
DA:45,0
DA:48,0
DA:49,0
DA:50,0
LF:25
LH:0
end_of_record
SF:lib/features/settings/data/models/user_profile_model.dart
DA:35,0
DA:47,0
DA:48,0
DA:49,0
DA:50,0
DA:51,0
DA:52,0
DA:53,0
DA:54,0
DA:55,0
DA:56,0
DA:59,0
DA:60,0
DA:61,0
DA:62,0
DA:63,0
DA:64,0
DA:65,0
DA:66,0
DA:67,0
DA:69,0
DA:70,0
DA:71,0
DA:72,0
DA:76,0
DA:87,0
DA:88,0
DA:89,0
DA:90,0
DA:91,0
DA:92,0
DA:93,0
DA:94,0
DA:95,0
DA:96,0
LF:35
LH:0
end_of_record
SF:lib/features/settings/data/models/user_profile_model.g.dart
DA:13,0
DA:15,0
DA:16,0
DA:17,0
DA:19,0
DA:20,0
DA:21,0
DA:22,0
DA:23,0
DA:24,0
DA:25,0
DA:26,0
DA:27,0
DA:28,0
DA:32,0
DA:35,0
DA:36,0
DA:37,0
DA:38,0
DA:39,0
DA:40,0
DA:41,0
DA:42,0
DA:43,0
DA:44,0
DA:45,0
DA:46,0
DA:47,0
DA:48,0
DA:49,0
DA:50,0
DA:51,0
DA:52,0
DA:53,0
DA:56,0
DA:57,0
DA:59,0
DA:62,0
DA:63,0
DA:64,0
LF:40
LH:0
end_of_record
SF:lib/features/subjects/presentation/widgets/subject_lessons_tab.dart
DA:14,0
DA:20,0
DA:22,0
DA:24,0
DA:26,0
DA:28,0
DA:29,0
DA:31,0
DA:35,0
DA:36,0
DA:37,0
DA:38,0
DA:42,0
DA:44,0
DA:45,0
DA:46,0
DA:48,0
DA:49,0
DA:52,0
DA:54,0
DA:57,0
DA:58,0
DA:59,0
DA:62,0
DA:63,0
DA:64,0
DA:65,0
DA:73,0
DA:74,0
DA:75,0
DA:76,0
DA:77,0
DA:78,0
DA:79,0
DA:81,0
DA:82,0
DA:83,0
DA:85,0
DA:86,0
DA:88,0
DA:91,0
DA:92,0
DA:95,0
DA:96,0
DA:97,0
DA:100,0
DA:103,0
DA:104,0
DA:105,0
DA:106,0
DA:107,0
LF:51
LH:0
end_of_record
SF:lib/features/subjects/presentation/widgets/subject_practice_tab.dart
DA:9,0
DA:15,0
DA:17,0
DA:18,0
DA:19,0
DA:20,0
DA:22,0
DA:23,0
DA:26,0
DA:29,0
DA:30,0
DA:31,0
DA:33,0
DA:36,0
DA:37,0
DA:39,0
DA:42,0
DA:43,0
DA:44,0
DA:45,0
DA:47,0
DA:51,0
DA:52,0
DA:53,0
DA:54,0
DA:56,0
LF:26
LH:0
end_of_record
SF:lib/features/subjects/presentation/widgets/subject_history_tab.dart
DA:14,0
DA:21,0
DA:23,0
DA:24,0
DA:26,0
DA:28,0
DA:29,0
DA:30,0
DA:32,0
DA:36,0
DA:37,0
DA:38,0
DA:39,0
DA:41,0
DA:42,0
DA:43,0
DA:45,0
DA:46,0
DA:49,0
DA:51,0
DA:54,0
DA:55,0
DA:56,0
DA:59,0
DA:60,0
DA:61,0
DA:62,0
DA:70,0
DA:71,0
DA:72,0
DA:73,0
DA:74,0
DA:75,0
DA:77,0
DA:78,0
DA:80,0
DA:81,0
DA:82,0
DA:84,0
DA:85,0
DA:86,0
DA:89,0
DA:90,0
DA:92,0
DA:93,0
DA:94,0
DA:96,0
DA:99,0
DA:100,0
DA:102,0
DA:105,0
DA:106,0
DA:107,0
DA:109,0
DA:113,0
DA:115,0
DA:118,0
DA:119,0
DA:120,0
DA:121,0
DA:125,0
DA:134,0
DA:136,0
DA:138,0
DA:140,0
DA:142,0
DA:147,0
DA:148,0
DA:150,0
DA:151,0
DA:152,0
DA:153,0
DA:154,0
DA:155,0
DA:156,0
DA:157,0
DA:161,0
DA:162,0
DA:163,0
DA:164,0
DA:165,0
LF:81
LH:0
end_of_record
SF:lib/features/subjects/presentation/widgets/subject_stats_tab.dart
DA:14,0
DA:20,0
DA:22,0
DA:23,0
DA:25,0
DA:27,0
DA:28,0
DA:29,0
DA:31,0
DA:35,0
DA:36,0
DA:37,0
DA:38,0
DA:40,0
DA:41,0
DA:43,0
DA:45,0
DA:47,0
DA:49,0
DA:51,0
DA:53,0
DA:54,0
DA:57,0
DA:58,0
DA:59,0
DA:60,0
DA:61,0
DA:62,0
DA:64,0
DA:65,0
DA:67,0
DA:71,0
DA:72,0
DA:74,0
DA:75,0
DA:77,0
DA:83,0
DA:84,0
DA:85,0
DA:86,0
DA:88,0
DA:89,0
DA:91,0
DA:95,0
DA:96,0
DA:98,0
DA:99,0
DA:101,0
DA:104,0
DA:110,0
DA:112,0
DA:113,0
DA:114,0
DA:115,0
DA:117,0
DA:118,0
DA:120,0
DA:121,0
DA:122,0
DA:123,0
DA:124,0
DA:126,0
DA:132,0
DA:133,0
DA:134,0
DA:136,0
DA:137,0
DA:138,0
DA:142,0
DA:143,0
DA:144,0
DA:157,0
DA:158,0
DA:159,0
DA:160,0
DA:162,0
DA:164,0
DA:170,0
DA:177,0
DA:180,0
DA:181,0
DA:182,0
DA:183,0
DA:184,0
LF:84
LH:0
end_of_record
SF:lib/features/subjects/presentation/subject_form_widgets.dart
DA:9,0
DA:15,0
DA:17,0
DA:18,0
DA:20,0
DA:21,0
DA:22,0
DA:23,0
DA:26,0
DA:29,0
DA:30,0
DA:31,0
DA:32,0
DA:33,0
DA:34,0
DA:35,0
DA:38,0
DA:39,0
DA:40,0
DA:41,0
DA:44,0
DA:46,0
DA:48,0
DA:49,0
DA:52,0
DA:58,0
DA:59,0
DA:60,0
DA:70,0
DA:85,0
DA:95,0
DA:97,0
DA:98,0
DA:99,0
DA:100,0
DA:103,0
DA:104,0
DA:105,0
DA:106,0
DA:107,0
DA:108,0
DA:109,0
DA:111,0
DA:112,0
DA:113,0
DA:119,0
DA:120,0
DA:121,0
DA:122,0
DA:123,0
DA:124,0
DA:129,0
DA:130,0
DA:131,0
DA:132,0
DA:133,0
DA:134,0
DA:138,0
DA:139,0
DA:140,0
DA:141,0
DA:142,0
DA:143,0
DA:148,0
DA:149,0
DA:150,0
DA:151,0
DA:152,0
DA:153,0
LF:69
LH:0
end_of_record
SF:lib/features/teaching/data/models/evaluation_result.dart
DA:7,0
DA:14,0
DA:15,0
DA:16,0
DA:17,0
DA:18,0
DA:21,0
DA:22,0
DA:23,0
DA:24,0
DA:25,0
DA:26,0
DA:27,0
DA:28,0
DA:29,0
LF:15
LH:0
end_of_record
SF:lib/features/teaching/data/models/lesson_plan_model.dart
DA:11,0
DA:17,0
DA:18,0
DA:19,0
DA:20,0
DA:23,0
DA:24,0
DA:25,0
DA:26,0
DA:27,0
DA:28,0
DA:29,0
DA:36,0
DA:44,0
DA:49,0
DA:51,0
DA:53,0
DA:54,0
DA:55,0
DA:56,0
DA:57,0
DA:58,0
DA:59,0
DA:60,0
DA:61,0
DA:63,0
DA:64,0
DA:67,0
DA:72,0
DA:73,0
DA:74,0
DA:75,0
DA:76,0
DA:77,0
DA:78,0
DA:80,0
DA:85,0
DA:86,0
DA:87,0
DA:88,0
DA:89,0
LF:41
LH:0
end_of_record
SF:lib/features/teaching/providers/teaching_providers.dart
DA:12,0
DA:13,0
DA:14,0
DA:15,0
DA:16,0
DA:19,0
DA:21,0
DA:22,0
DA:23,0
DA:24,0
DA:25,0
DA:26,0
DA:30,0
DA:31,0
DA:34,0
DA:35,0
DA:36,0
DA:38,0
DA:39,0
DA:40,0
DA:41,0
DA:42,0
DA:43,0
DA:47,0
DA:48,0
DA:49,0
LF:26
LH:0
end_of_record
SF:lib/features/teaching/services/conversation_manager.dart
DA:46,0
DA:63,0
DA:64,0
DA:65,0
DA:66,0
DA:72,0
DA:73,0
DA:75,0
DA:76,0
DA:77,0
DA:80,0
DA:82,0
DA:83,0
DA:85,0
DA:87,0
DA:91,0
DA:94,0
DA:95,0
DA:96,0
DA:100,0
DA:101,0
DA:102,0
DA:103,0
DA:106,0
DA:107,0
DA:108,0
DA:111,0
DA:113,0
DA:115,0
DA:118,0
DA:119,0
DA:123,0
DA:124,0
DA:126,0
DA:127,0
DA:128,0
DA:129,0
DA:130,0
DA:131,0
DA:132,0
DA:133,0
DA:134,0
DA:135,0
DA:136,0
DA:137,0
DA:138,0
DA:141,0
DA:142,0
DA:143,0
DA:145,0
DA:149,0
DA:150,0
DA:151,0
DA:152,0
DA:153,0
DA:154,0
DA:157,0
DA:159,0
DA:160,0
DA:161,0
DA:162,0
DA:163,0
DA:164,0
DA:165,0
DA:169,0
DA:170,0
DA:172,0
DA:173,0
DA:174,0
DA:177,0
DA:180,0
DA:181,0
DA:183,0
DA:184,0
DA:187,0
DA:188,0
DA:192,0
DA:193,0
DA:195,0
DA:196,0
DA:198,0
DA:199,0
DA:200,0
DA:205,0
DA:206,0
DA:209,0
DA:210,0
DA:211,0
DA:213,0
DA:214,0
DA:215,0
DA:217,0
DA:218,0
DA:223,0
DA:224,0
DA:226,0
DA:227,0
DA:229,0
DA:230,0
DA:233,0
DA:235,0
DA:236,0
DA:237,0
DA:238,0
DA:239,0
DA:240,0
DA:241,0
DA:243,0
DA:246,0
DA:251,0
DA:252,0
DA:253,0
DA:254,0
DA:255,0
DA:256,0
DA:260,0
DA:261,0
DA:265,0
DA:266,0
DA:267,0
DA:270,0
DA:271,0
DA:274,0
DA:275,0
DA:276,0
DA:277,0
DA:278,0
DA:281,0
DA:282,0
DA:283,0
DA:284,0
DA:287,0
DA:288,0
DA:289,0
DA:290,0
DA:293,0
DA:294,0
DA:295,0
DA:296,0
DA:297,0
DA:298,0
DA:299,0
DA:302,0
DA:303,0
DA:304,0
DA:305,0
DA:308,0
DA:309,0
DA:312,0
DA:313,0
DA:314,0
DA:315,0
DA:316,0
DA:317,0
DA:318,0
DA:319,0
DA:321,0
DA:322,0
DA:323,0
DA:324,0
DA:325,0
DA:327,0
DA:328,0
DA:329,0
DA:333,0
DA:334,0
LF:166
LH:0
end_of_record
SF:lib/features/teaching/services/tutor_service.dart
DA:19,0
DA:31,0
DA:46,0
DA:47,0
DA:49,0
DA:51,0
DA:60,0
DA:61,0
DA:63,0
DA:70,0
DA:73,0
DA:77,0
DA:78,0
DA:79,0
DA:80,0
DA:84,0
DA:88,0
DA:89,0
DA:90,0
DA:96,0
DA:97,0
DA:98,0
DA:102,0
DA:104,0
DA:108,0
DA:109,0
DA:112,0
DA:116,0
DA:117,0
DA:119,0
DA:121,0
DA:123,0
DA:124,0
DA:125,0
DA:126,0
DA:127,0
DA:128,0
DA:129,0
DA:130,0
DA:134,0
DA:137,0
DA:138,0
DA:139,0
DA:142,0
DA:146,0
DA:147,0
DA:148,0
DA:149,0
DA:150,0
DA:151,0
DA:152,0
DA:153,0
DA:155,0
DA:156,0
DA:158,0
DA:159,0
DA:160,0
DA:161,0
DA:162,0
DA:163,0
DA:164,0
DA:165,0
DA:166,0
DA:167,0
DA:168,0
DA:172,0
DA:175,0
DA:177,0
DA:178,0
DA:179,0
DA:180,0
DA:183,0
DA:184,0
DA:189,0
DA:193,0
DA:194,0
DA:197,0
DA:198,0
DA:199,0
DA:202,0
DA:203,0
DA:204,0
DA:206,0
DA:209,0
DA:210,0
DA:211,0
DA:212,0
DA:213,0
DA:214,0
DA:217,0
DA:218,0
DA:219,0
DA:220,0
DA:223,0
DA:226,0
DA:229,0
DA:230,0
DA:233,0
DA:235,0
DA:238,0
DA:239,0
DA:242,0
DA:243,0
DA:246,0
DA:248,0
DA:249,0
LF:106
LH:0
end_of_record
SF:lib/features/teaching/presentation/widgets/lesson_progress_bar.dart
DA:15,0
DA:25,0
DA:27,0
DA:29,0
DA:30,0
DA:31,0
DA:32,0
DA:34,0
DA:35,0
DA:36,0
DA:37,0
DA:38,0
DA:39,0
DA:40,0
DA:44,0
DA:46,0
DA:47,0
DA:48,0
DA:49,0
DA:50,0
DA:51,0
DA:52,0
DA:58,0
DA:60,0
DA:61,0
DA:62,0
DA:64,0
DA:65,0
DA:66,0
DA:67,0
DA:74,0
DA:75,0
DA:76,0
DA:80,0
DA:81,0
DA:83,0
DA:84,0
DA:85,0
DA:86,0
DA:90,0
DA:92,0
DA:94,0
DA:95,0
DA:96,0
DA:97,0
DA:99,0
DA:102,0
DA:103,0
DA:104,0
DA:108,0
DA:109,0
DA:110,0
DA:111,0
DA:121,0
DA:122,0
DA:123,0
DA:126,0
DA:128,0
DA:129,0
DA:131,0
DA:134,0
DA:135,0
DA:137,0
DA:139,0
DA:140,0
DA:141,0
DA:149,0
DA:151,0
DA:152,0
DA:155,0
DA:156,0
DA:157,0
DA:160,0
DA:162,0
DA:163,0
DA:167,0
DA:168,0
DA:169,0
DA:170,0
DA:181,0
DA:182,0
DA:184,0
DA:185,0
DA:188,0
DA:191,0
DA:193,0
DA:194,0
LF:87
LH:0
end_of_record
SF:lib/features/teaching/presentation/widgets/voice_bar.dart
DA:12,0
DA:20,0
DA:21,0
DA:29,0
DA:31,0
DA:32,0
DA:36,0
DA:37,0
DA:38,0
DA:41,0
DA:42,0
DA:46,0
DA:48,0
DA:49,0
DA:50,0
DA:53,0
DA:54,0
DA:55,0
DA:56,0
DA:57,0
DA:58,0
DA:59,0
DA:60,0
DA:63,0
DA:64,0
DA:65,0
DA:66,0
DA:67,0
DA:72,0
DA:74,0
DA:75,0
DA:77,0
DA:79,0
DA:80,0
DA:81,0
DA:82,0
DA:84,0
DA:85,0
DA:86,0
DA:88,0
DA:95,0
DA:98,0
DA:99,0
DA:100,0
DA:101,0
DA:103,0
DA:104,0
DA:105,0
DA:111,0
DA:112,0
DA:114,0
DA:116,0
DA:117,0
DA:128,0
DA:130,0
DA:132,0
DA:133,0
DA:134,0
DA:135,0
DA:138,0
DA:139,0
DA:140,0
DA:141,0
DA:142,0
DA:143,0
DA:144,0
DA:145,0
DA:146,0
DA:152,0
DA:153,0
LF:70
LH:0
end_of_record
SF:lib/features/teaching/services/voice_controller.dart
DA:8,0
DA:22,0
DA:23,0
DA:24,0
DA:25,0
DA:26,0
DA:28,0
DA:30,0
DA:34,0
DA:35,0
DA:36,0
DA:39,0
DA:40,0
DA:41,0
DA:43,0
DA:44,0
DA:48,0
DA:50,0
DA:51,0
DA:54,0
DA:55,0
DA:56,0
DA:58,0
DA:59,0
DA:60,0
DA:61,0
DA:65,0
DA:67,0
DA:68,0
DA:72,0
DA:73,0
DA:75,0
DA:76,0
DA:79,0
DA:84,0
DA:85,0
DA:86,0
DA:89,0
DA:90,0
DA:91,0
DA:92,0
DA:97,0
DA:100,0
DA:102,0
DA:103,0
DA:105,0
DA:106,0
DA:107,0
DA:111,0
DA:112,0
DA:114,0
DA:115,0
DA:117,0
DA:118,0
DA:120,0
DA:121,0
DA:123,0
DA:124,0
DA:126,0
DA:127,0
DA:129,0
DA:130,0
DA:132,0
DA:133,0
DA:140,0
DA:141,0
DA:142,0
DA:143,0
DA:146,0
DA:147,0
DA:149,0
DA:151,0
DA:153,0
DA:154,0
DA:157,0
DA:158,0
DA:159,0
DA:160,0
DA:162,0
DA:163,0
DA:164,0
DA:165,0
DA:166,0
DA:167,0
DA:169,0
DA:170,0
DA:172,0
DA:174,0
DA:175,0
DA:179,0
DA:180,0
DA:182,0
DA:184,0
DA:186,0
DA:189,0
DA:190,0
DA:191,0
DA:192,0
DA:193,0
LF:99
LH:0
end_of_record
SF:lib/features/teaching/services/exercise_evaluator.dart
DA:9,0
DA:15,0
DA:23,0
DA:24,0
DA:26,0
DA:33,0
DA:45,0
DA:53,0
DA:55,0
DA:62,0
DA:64,0
DA:68,0
DA:69,0
DA:71,0
DA:74,0
DA:76,0
DA:77,0
DA:84,0
DA:85,0
DA:87,0
DA:88,0
LF:21
LH:0
end_of_record
SF:lib/features/teaching/services/prompts/prompts.dart
DA:9,0
DA:19,1
DA:23,0
DA:24,0
DA:25,0
DA:28,0
DA:33,0
DA:34,0
DA:35,0
DA:36,0
DA:40,0
DA:46,0
DA:48,0
DA:49,0
DA:53,0
DA:54,0
DA:55,0
DA:56,0
DA:57,0
DA:58,0
DA:60,0
DA:61,0
DA:62,0
DA:65,0
DA:72,0
DA:73,0
DA:74,0
DA:75,0
DA:79,0
DA:80,0
DA:85,0
DA:91,0
DA:93,0
DA:104,0
DA:105,0
DA:114,0
DA:115,0
DA:118,0
DA:119,0
DA:122,0
DA:123,0
LF:41
LH:1
end_of_record
