SF:lib/core/providers/llm_providers.dart
DA:5,9
DA:6,0
DA:7,0
DA:8,0
DA:15,0
DA:16,0
LF:6
LH:1
end_of_record
SF:lib/core/services/llm/llm_chat_service.dart
DA:19,6
DA:21,3
DA:22,9
DA:23,15
DA:24,0
DA:28,6
DA:29,6
DA:30,0
DA:32,0
DA:34,9
DA:36,0
DA:37,0
DA:38,0
DA:39,0
DA:40,0
DA:43,0
DA:47,0
DA:48,0
DA:49,0
DA:51,0
DA:54,0
DA:56,0
DA:66,2
DA:79,3
DA:82,3
DA:84,0
DA:86,0
DA:93,0
DA:94,0
DA:100,0
DA:101,0
DA:102,0
DA:103,0
DA:104,0
DA:105,0
DA:106,0
DA:109,0
DA:110,0
DA:114,0
DA:121,0
DA:122,0
DA:129,0
DA:130,0
DA:131,0
DA:133,0
DA:134,0
DA:136,0
DA:137,0
DA:141,0
DA:142,0
DA:146,0
DA:152,0
DA:153,0
DA:156,0
DA:158,0
DA:161,0
DA:165,0
DA:172,0
DA:173,0
DA:179,0
DA:180,0
DA:181,0
DA:183,0
DA:186,0
DA:192,0
DA:193,0
DA:194,0
DA:195,0
DA:197,0
DA:200,0
DA:207,0
DA:208,0
DA:215,0
DA:216,0
DA:218,0
DA:221,0
DA:227,0
DA:228,0
DA:229,0
DA:230,0
DA:232,0
DA:233,0
DA:234,0
DA:235,0
DA:237,0
DA:238,0
DA:240,0
DA:241,0
DA:242,0
DA:251,0
DA:257,0
DA:258,0
DA:260,0
DA:262,0
DA:264,0
DA:266,0
DA:267,0
DA:268,0
DA:269,0
DA:275,0
DA:276,0
DA:277,0
DA:279,0
DA:282,0
DA:288,0
DA:289,0
DA:291,0
DA:293,0
DA:295,0
DA:297,0
DA:298,0
DA:299,0
DA:305,0
DA:306,0
DA:307,0
DA:308,0
DA:310,0
DA:311,0
DA:313,0
DA:314,0
DA:315,0
DA:316,0
DA:324,0
DA:331,0
DA:332,0
DA:338,0
DA:339,0
DA:340,0
DA:342,0
DA:344,0
DA:350,0
DA:351,0
DA:352,0
DA:353,0
DA:355,0
DA:358,0
DA:365,0
DA:366,0
DA:373,0
DA:374,0
DA:376,0
DA:378,0
DA:384,0
DA:385,0
DA:386,0
DA:387,0
DA:389,0
DA:390,0
DA:391,0
DA:392,0
DA:394,0
DA:395,0
DA:397,0
DA:398,0
DA:399,0
DA:408,0
DA:409,0
DA:410,0
DA:411,0
DA:412,0
DA:413,0
DA:417,0
DA:418,0
DA:421,0
DA:424,0
DA:430,0
DA:438,0
DA:439,0
DA:454,0
DA:457,0
DA:458,0
DA:460,0
DA:461,0
DA:465,0
DA:471,0
DA:472,0
DA:482,0
DA:485,0
DA:486,0
DA:488,0
DA:489,0
DA:493,0
DA:501,0
DA:502,0
DA:519,0
DA:522,0
DA:523,0
DA:525,0
DA:526,0
DA:530,0
DA:538,0
DA:539,0
DA:544,0
DA:555,0
DA:558,0
DA:561,0
DA:565,0
DA:572,0
DA:573,0
DA:587,0
DA:590,0
DA:591,0
DA:593,0
DA:597,0
DA:599,0
DA:600,0
DA:601,0
DA:602,0
DA:603,0
DA:604,0
DA:605,0
DA:606,0
DA:608,0
DA:609,0
DA:610,0
DA:611,0
DA:612,0
DA:613,0
DA:614,0
DA:616,0
DA:618,0
DA:620,0
DA:624,0
DA:625,0
DA:626,0
DA:628,0
DA:629,0
DA:630,0
DA:631,0
DA:635,0
DA:637,0
DA:638,0
DA:639,0
DA:640,0
DA:641,0
DA:643,0
DA:644,0
DA:645,0
DA:646,0
DA:648,0
DA:650,0
DA:652,0
DA:656,0
DA:657,0
DA:658,0
DA:660,0
DA:661,0
DA:662,0
DA:663,0
DA:664,0
DA:665,0
DA:666,0
DA:670,0
DA:672,0
DA:673,0
DA:674,0
DA:675,0
DA:676,0
DA:677,0
DA:679,0
DA:680,0
DA:687,0
DA:688,0
DA:692,0
DA:693,0
DA:694,0
DA:701,0
DA:704,0
DA:705,0
DA:709,0
DA:711,0
DA:712,0
DA:713,0
DA:716,0
DA:718,0
DA:722,0
DA:723,0
DA:724,0
DA:725,0
DA:728,0
DA:729,0
DA:731,0
DA:732,0
DA:733,0
DA:735,0
DA:736,0
DA:741,0
DA:742,0
DA:743,0
DA:744,0
DA:748,0
DA:751,0
DA:752,0
DA:756,0
DA:759,0
DA:760,0
DA:764,0
DA:770,0
DA:771,0
DA:772,0
DA:776,0
DA:779,0
DA:783,0
DA:784,0
DA:787,0
DA:788,0
DA:793,0
DA:794,0
DA:795,0
DA:800,0
DA:802,0
LF:311
LH:10
end_of_record
SF:lib/features/quickguide/presentation/quick_guide_screen.dart
DA:20,3
DA:28,3
DA:29,3
DA:47,3
DA:49,3
DA:50,3
DA:51,6
DA:52,6
DA:53,3
DA:54,6
DA:58,3
DA:59,3
DA:62,6
DA:63,3
DA:64,3
DA:65,3
DA:67,3
DA:71,3
DA:72,12
DA:73,3
DA:76,3
DA:77,9
DA:78,6
DA:80,6
DA:81,3
DA:82,3
DA:85,3
DA:86,6
DA:91,3
DA:94,6
DA:95,6
DA:97,6
DA:98,6
DA:99,3
DA:102,6
DA:103,3
DA:105,6
DA:106,3
DA:112,3
DA:115,12
DA:117,3
DA:119,3
DA:120,9
DA:121,1
DA:122,1
DA:124,6
DA:129,6
DA:131,6
DA:132,3
DA:134,3
DA:135,3
DA:136,3
DA:137,9
DA:138,6
DA:139,15
DA:140,3
DA:145,3
DA:149,4
DA:150,4
DA:153,3
DA:154,9
DA:155,6
DA:156,15
DA:157,3
DA:159,6
DA:161,3
DA:164,9
DA:165,3
DA:168,3
DA:169,6
DA:170,6
DA:171,3
DA:172,8
DA:173,1
DA:174,8
DA:175,1
DA:177,2
DA:181,3
DA:182,9
DA:183,6
DA:184,6
DA:185,9
DA:193,2
DA:194,4
DA:195,2
DA:198,3
DA:199,6
DA:200,6
DA:201,6
DA:202,3
DA:203,6
DA:207,3
DA:208,3
DA:211,3
DA:212,3
DA:214,6
DA:217,3
DA:219,6
DA:220,6
DA:221,6
DA:222,3
DA:225,3
DA:227,6
DA:228,3
DA:230,3
DA:231,3
DA:232,6
DA:233,3
DA:234,3
DA:235,3
DA:236,3
DA:238,3
DA:240,3
DA:241,3
DA:244,3
DA:245,3
DA:247,3
DA:249,3
DA:250,4
DA:255,3
DA:256,3
DA:257,3
DA:258,6
DA:259,3
DA:260,3
DA:261,6
DA:262,0
DA:263,3
DA:265,3
DA:266,6
DA:268,3
DA:270,3
DA:271,3
DA:278,3
DA:279,3
DA:280,6
DA:282,3
DA:283,3
DA:284,3
DA:285,3
DA:286,3
DA:287,6
DA:290,3
DA:292,3
DA:293,3
DA:294,3
DA:295,12
DA:300,3
DA:301,3
DA:302,3
DA:303,3
DA:306,3
DA:307,3
DA:308,3
DA:309,2
DA:310,2
DA:312,2
DA:313,2
DA:324,3
DA:325,3
DA:328,3
DA:329,3
DA:330,3
DA:331,1
DA:332,1
DA:344,3
DA:352,3
DA:354,3
DA:355,3
DA:357,3
DA:358,3
DA:359,6
DA:361,3
DA:362,3
DA:364,3
DA:366,3
DA:367,3
DA:368,3
DA:370,3
DA:372,12
DA:377,3
DA:379,12
DA:380,9
DA:394,0
DA:395,0
DA:396,0
DA:398,0
DA:399,0
DA:402,0
DA:405,0
DA:406,0
DA:407,0
DA:410,0
DA:411,0
DA:412,0
DA:413,0
DA:421,3
DA:422,3
DA:423,3
DA:424,3
DA:425,6
DA:426,3
DA:427,6
DA:428,6
DA:429,3
DA:431,6
DA:432,6
DA:433,3
DA:435,3
DA:436,3
DA:437,3
DA:438,3
DA:439,12
DA:441,3
DA:442,3
DA:445,3
DA:447,9
DA:448,9
DA:449,3
DA:451,3
DA:453,3
DA:454,3
DA:455,6
DA:456,9
DA:459,3
DA:461,9
DA:462,9
DA:467,9
DA:468,3
DA:470,3
DA:473,3
DA:475,9
DA:488,3
DA:489,6
DA:490,3
DA:491,3
DA:492,3
DA:493,3
DA:495,3
DA:496,3
DA:497,3
DA:498,6
DA:499,3
DA:500,3
DA:501,3
DA:504,3
DA:508,3
DA:511,9
DA:512,3
DA:513,3
DA:515,3
DA:516,3
DA:520,4
DA:521,3
DA:525,3
DA:532,3
DA:533,3
DA:535,3
DA:536,3
DA:538,3
DA:539,6
DA:541,3
DA:542,3
DA:543,3
DA:546,3
DA:548,3
DA:552,3
DA:553,3
DA:554,3
DA:555,3
DA:566,3
DA:567,6
DA:568,3
DA:569,3
DA:571,3
DA:573,3
DA:574,3
DA:575,3
DA:576,3
DA:577,3
DA:578,3
DA:579,3
DA:580,3
DA:585,3
DA:587,3
DA:588,3
DA:589,3
DA:590,3
DA:591,3
DA:592,3
DA:593,3
DA:594,3
DA:598,3
DA:599,3
DA:600,3
DA:602,6
DA:605,3
DA:606,3
DA:607,3
DA:608,3
DA:611,3
DA:612,3
DA:615,3
DA:616,3
DA:617,3
DA:618,3
DA:627,4
DA:632,3
DA:633,3
DA:635,3
DA:636,3
DA:646,6
DA:647,3
DA:648,3
DA:649,3
DA:650,3
DA:662,2
DA:663,2
DA:664,2
DA:666,4
DA:667,4
DA:668,4
DA:669,2
DA:670,2
DA:671,2
DA:672,4
LF:326
LH:312
end_of_record
SF:lib/l10n/generated/app_localizations.dart
DA:65,3
DA:66,6
DA:70,3
DA:71,3
DA:3386,1
DA:3388,3
DA:3390,6
DA:3393,3
DA:3395,9
DA:3397,0
DA:3401,3
DA:3403,3
DA:3404,3
DA:3405,3
DA:3406,0
DA:3407,0
DA:3410,0
LF:17
LH:13
end_of_record
SF:lib/core/utils/color_utils.dart
DA:19,0
DA:21,0
DA:23,0
DA:24,0
DA:30,0
DA:33,0
DA:34,0
DA:35,0
DA:36,0
DA:37,0
DA:38,0
DA:39,0
DA:40,0
DA:41,0
DA:42,0
DA:43,0
DA:44,0
DA:45,0
DA:46,0
DA:47,0
DA:48,0
DA:49,0
DA:50,0
DA:58,0
DA:60,0
DA:62,0
DA:64,0
DA:66,0
DA:68,0
DA:70,0
DA:72,0
DA:74,0
LF:32
LH:0
end_of_record
SF:lib/features/subjects/presentation/subject_form_widgets.dart
DA:8,0
DA:10,0
DA:12,0
DA:13,0
DA:20,0
DA:26,0
DA:28,0
DA:29,0
DA:31,0
DA:32,0
DA:33,0
DA:34,0
DA:37,0
DA:40,0
DA:41,0
DA:42,0
DA:43,0
DA:44,0
DA:45,0
DA:46,0
DA:49,0
DA:50,0
DA:51,0
DA:52,0
DA:55,0
DA:57,0
DA:59,0
DA:60,0
DA:63,0
DA:69,0
DA:70,0
DA:71,0
DA:81,0
DA:96,0
DA:106,0
DA:108,0
DA:109,0
DA:110,0
DA:111,0
DA:114,0
DA:115,0
DA:116,0
DA:117,0
DA:118,0
DA:119,0
DA:120,0
DA:122,0
DA:123,0
DA:124,0
DA:130,0
DA:131,0
DA:132,0
DA:133,0
DA:134,0
DA:135,0
DA:140,0
DA:141,0
DA:142,0
DA:143,0
DA:144,0
DA:145,0
DA:149,0
DA:150,0
DA:151,0
DA:152,0
DA:153,0
DA:154,0
DA:159,0
DA:160,0
DA:161,0
DA:162,0
DA:163,0
DA:164,0
LF:73
LH:0
end_of_record
SF:lib/l10n/generated/app_localizations_en.dart
DA:9,6
DA:11,0
DA:14,0
DA:17,0
DA:20,0
DA:23,0
DA:26,0
DA:29,0
DA:32,0
DA:35,0
DA:38,0
DA:41,0
DA:44,0
DA:47,0
DA:50,0
DA:52,0
DA:55,0
DA:57,0
DA:60,0
DA:63,0
DA:65,0
DA:68,0
DA:70,0
DA:72,0
DA:73,0
DA:77,0
DA:80,0
DA:82,0
DA:84,0
DA:85,0
DA:88,0
DA:91,0
DA:94,0
DA:97,0
DA:100,0
DA:102,0
DA:104,0
DA:105,0
DA:108,0
DA:111,0
DA:113,0
DA:115,0
DA:116,0
DA:119,0
DA:122,0
DA:124,0
DA:126,0
DA:127,0
DA:130,0
DA:133,0
DA:135,0
DA:137,0
DA:138,0
DA:141,0
DA:144,0
DA:147,0
DA:150,0
DA:153,0
DA:156,0
DA:160,0
DA:163,0
DA:166,0
DA:169,0
DA:172,0
DA:174,0
DA:176,0
DA:177,0
DA:180,0
DA:183,0
DA:186,0
DA:189,0
DA:192,0
DA:195,0
DA:198,0
DA:201,0
DA:204,0
DA:207,0
DA:210,0
DA:213,0
DA:216,0
DA:219,0
DA:222,0
DA:225,0
DA:228,0
DA:231,0
DA:234,0
DA:238,0
DA:241,0
DA:245,0
DA:248,0
DA:251,0
DA:254,0
DA:257,0
DA:259,0
DA:262,0
DA:265,0
DA:268,0
DA:271,0
DA:274,0
DA:277,0
DA:280,0
DA:283,0
DA:286,0
DA:289,0
DA:292,0
DA:295,0
DA:298,0
DA:301,0
DA:303,0
DA:306,0
DA:309,0
DA:312,0
DA:315,0
DA:318,0
DA:321,0
DA:324,0
DA:327,0
DA:330,0
DA:333,0
DA:336,0
DA:339,0
DA:342,0
DA:345,0
DA:348,0
DA:351,0
DA:354,0
DA:357,0
DA:360,0
DA:362,0
DA:365,0
DA:368,0
DA:371,0
DA:373,0
DA:376,0
DA:379,0
DA:382,0
DA:385,0
DA:388,0
DA:391,0
DA:394,0
DA:397,0
DA:400,0
DA:403,0
DA:406,0
DA:409,0
DA:412,0
DA:415,0
DA:419,0
DA:422,0
DA:425,0
DA:429,0
DA:432,0
DA:435,0
DA:438,0
DA:441,0
DA:444,3
DA:447,0
DA:450,0
DA:453,0
DA:456,0
DA:459,0
DA:462,0
DA:465,0
DA:468,0
DA:471,0
DA:474,0
DA:477,0
DA:480,0
DA:483,0
DA:486,0
DA:489,0
DA:492,0
DA:495,0
DA:498,0
DA:501,0
DA:503,0
DA:506,0
DA:509,0
DA:512,0
DA:515,0
DA:518,0
DA:520,0
DA:523,0
DA:526,0
DA:529,0
DA:531,0
DA:533,0
DA:534,0
DA:537,0
DA:540,0
DA:543,0
DA:546,0
DA:549,0
DA:552,0
DA:555,0
DA:558,0
DA:561,0
DA:564,0
DA:567,0
DA:570,0
DA:574,0
DA:578,0
DA:581,0
DA:584,0
DA:587,0
DA:590,0
DA:593,0
DA:596,0
DA:599,0
DA:602,0
DA:605,0
DA:608,0
DA:611,0
DA:614,0
DA:617,0
DA:620,0
DA:623,0
DA:625,0
DA:628,0
DA:631,0
DA:634,0
DA:637,0
DA:640,0
DA:643,0
DA:646,0
DA:649,0
DA:652,0
DA:655,0
DA:658,0
DA:661,0
DA:664,0
DA:667,0
DA:670,0
DA:673,0
DA:676,0
DA:679,0
DA:683,0
DA:686,0
DA:689,0
DA:692,0
DA:695,0
DA:698,0
DA:701,0
DA:704,0
DA:707,0
DA:710,0
DA:713,0
DA:717,0
DA:720,0
DA:723,0
DA:725,0
DA:728,0
DA:730,0
DA:733,0
DA:736,0
DA:739,0
DA:742,0
DA:744,0
DA:747,0
DA:750,0
DA:753,0
DA:756,0
DA:759,0
DA:762,0
DA:765,0
DA:768,0
DA:771,0
DA:774,0
DA:777,0
DA:780,0
DA:783,0
DA:786,0
DA:789,0
DA:792,0
DA:795,0
DA:798,0
DA:801,0
DA:804,0
DA:807,0
DA:810,0
DA:813,0
DA:816,0
DA:819,0
DA:822,0
DA:825,0
DA:828,0
DA:831,0
DA:834,0
DA:837,0
DA:839,0
DA:842,0
DA:844,0
DA:847,0
DA:849,0
DA:852,0
DA:855,0
DA:859,0
DA:862,0
DA:864,0
DA:867,0
DA:871,0
DA:875,0
DA:878,0
DA:881,0
DA:884,0
DA:887,0
DA:889,0
DA:892,0
DA:895,0
DA:898,0
DA:901,0
DA:904,0
DA:907,0
DA:910,0
DA:912,0
DA:915,0
DA:918,0
DA:921,0
DA:924,0
DA:927,0
DA:930,0
DA:933,0
DA:936,0
DA:939,3
DA:942,3
DA:945,3
DA:948,3
DA:951,3
DA:954,3
DA:957,3
DA:960,2
DA:963,2
DA:966,0
DA:969,0
DA:972,0
DA:975,0
DA:978,0
DA:982,0
DA:985,0
DA:988,0
DA:991,0
DA:994,0
DA:997,0
DA:1000,0
DA:1003,0
DA:1006,0
DA:1008,0
DA:1011,0
DA:1014,0
DA:1017,0
DA:1020,0
DA:1023,0
DA:1026,0
DA:1029,0
DA:1032,0
DA:1035,0
DA:1038,0
DA:1041,0
DA:1043,0
DA:1046,0
DA:1049,0
DA:1052,0
DA:1055,0
DA:1058,0
DA:1062,0
DA:1065,0
DA:1068,0
DA:1072,0
DA:1075,0
DA:1078,0
DA:1081,0
DA:1084,0
DA:1088,0
DA:1091,0
DA:1094,0
DA:1097,0
DA:1100,0
DA:1104,0
DA:1107,0
DA:1110,0
DA:1113,0
DA:1116,0
DA:1118,0
DA:1121,0
DA:1124,0
DA:1127,0
DA:1130,0
DA:1133,0
DA:1136,0
DA:1139,0
DA:1142,0
DA:1145,0
DA:1148,0
DA:1152,0
DA:1155,0
DA:1158,0
DA:1161,0
DA:1164,0
DA:1166,0
DA:1169,0
DA:1172,0
DA:1176,0
DA:1179,0
DA:1181,0
DA:1183,0
DA:1184,0
DA:1187,0
DA:1190,0
DA:1192,0
DA:1195,0
DA:1198,0
DA:1201,0
DA:1204,0
DA:1207,0
DA:1210,0
DA:1213,0
DA:1216,0
DA:1219,0
DA:1222,0
DA:1225,0
DA:1228,0
DA:1231,0
DA:1234,0
DA:1237,0
DA:1240,0
DA:1243,0
DA:1246,0
DA:1249,0
DA:1253,0
DA:1256,0
DA:1259,0
DA:1262,0
DA:1265,0
DA:1268,0
DA:1270,0
DA:1273,0
DA:1275,0
DA:1278,0
DA:1281,0
DA:1283,0
DA:1286,0
DA:1289,0
DA:1292,0
DA:1295,0
DA:1298,0
DA:1301,0
DA:1304,0
DA:1307,0
DA:1310,0
DA:1313,0
DA:1316,0
DA:1319,0
DA:1322,0
DA:1325,0
DA:1328,0
DA:1331,0
DA:1334,0
DA:1336,0
DA:1339,0
DA:1342,0
DA:1345,0
DA:1348,0
DA:1351,0
DA:1354,0
DA:1356,0
DA:1359,0
DA:1362,0
DA:1365,0
DA:1368,0
DA:1370,0
DA:1373,0
DA:1375,0
DA:1378,0
DA:1381,0
DA:1384,0
DA:1386,0
DA:1389,0
DA:1392,0
DA:1394,0
DA:1397,0
DA:1399,0
DA:1402,0
DA:1404,0
DA:1407,0
DA:1409,0
DA:1412,0
DA:1415,0
DA:1418,0
DA:1421,0
DA:1423,0
DA:1426,0
DA:1428,0
DA:1431,0
DA:1433,0
DA:1436,0
DA:1438,0
DA:1441,0
DA:1444,0
DA:1446,0
DA:1449,0
DA:1452,0
DA:1455,0
DA:1458,0
DA:1461,0
DA:1464,0
DA:1466,0
DA:1469,0
DA:1471,0
DA:1474,0
DA:1477,0
DA:1480,0
DA:1483,0
DA:1486,0
DA:1489,0
DA:1491,0
DA:1493,0
DA:1494,0
DA:1497,0
DA:1500,0
DA:1503,0
DA:1506,3
DA:1509,0
DA:1512,0
DA:1515,0
DA:1518,0
DA:1521,0
DA:1524,0
DA:1527,0
DA:1530,0
DA:1533,0
DA:1536,0
DA:1539,0
DA:1543,0
DA:1546,0
DA:1549,0
DA:1552,0
DA:1555,0
DA:1558,0
DA:1560,0
DA:1562,0
DA:1563,0
DA:1566,0
DA:1569,0
DA:1572,0
DA:1575,0
DA:1578,0
DA:1581,0
DA:1584,0
DA:1587,0
DA:1589,0
DA:1592,0
DA:1594,0
DA:1597,0
DA:1600,0
DA:1602,0
DA:1605,0
DA:1608,0
DA:1611,0
DA:1613,0
DA:1615,0
DA:1616,0
DA:1619,0
DA:1622,0
DA:1624,0
DA:1627,0
DA:1630,0
DA:1633,0
DA:1635,0
DA:1638,0
DA:1641,0
DA:1645,0
DA:1648,0
DA:1651,0
DA:1654,0
DA:1656,0
DA:1659,0
DA:1661,0
DA:1664,0
DA:1666,0
DA:1669,3
DA:1673,3
DA:1676,3
DA:1679,3
DA:1682,2
DA:1686,3
DA:1688,3
DA:1691,3
DA:1693,3
DA:1696,3
DA:1698,3
DA:1701,3
DA:1704,3
DA:1708,1
DA:1712,1
DA:1716,2
DA:1720,0
DA:1723,0
DA:1726,0
DA:1729,0
DA:1732,0
DA:1735,0
DA:1738,0
DA:1741,0
DA:1743,0
DA:1746,0
DA:1749,0
DA:1752,0
DA:1755,0
DA:1758,0
DA:1762,0
DA:1765,0
DA:1768,0
DA:1772,0
DA:1776,0
DA:1780,0
DA:1784,0
DA:1787,0
DA:1791,0
DA:1794,0
DA:1798,0
DA:1802,0
DA:1806,0
DA:1810,0
DA:1814,0
DA:1817,0
DA:1820,0
DA:1823,0
DA:1826,0
DA:1829,0
DA:1832,0
DA:1835,0
DA:1838,0
DA:1841,0
DA:1844,0
DA:1847,0
DA:1850,0
DA:1853,3
DA:1856,3
DA:1860,3
DA:1864,3
DA:1867,3
DA:1870,0
DA:1873,0
DA:1876,0
DA:1879,0
DA:1881,0
DA:1883,0
DA:1884,0
DA:1887,0
DA:1890,0
DA:1892,0
DA:1894,0
DA:1895,0
DA:1898,0
DA:1901,0
DA:1905,0
DA:1907,0
DA:1910,0
DA:1912,0
DA:1914,0
DA:1915,0
DA:1918,0
DA:1921,0
DA:1923,0
DA:1926,0
LF:665
LH:33
end_of_record
SF:lib/l10n/generated/app_localizations_es.dart
DA:9,0
DA:11,0
DA:14,0
DA:17,0
DA:20,0
DA:23,0
DA:26,0
DA:29,0
DA:32,0
DA:35,0
DA:38,0
DA:41,0
DA:44,0
DA:47,0
DA:50,0
DA:52,0
DA:55,0
DA:57,0
DA:60,0
DA:64,0
DA:66,0
DA:69,0
DA:71,0
DA:73,0
DA:74,0
DA:78,0
DA:81,0
DA:83,0
DA:85,0
DA:86,0
DA:89,0
DA:92,0
DA:95,0
DA:98,0
DA:101,0
DA:103,0
DA:105,0
DA:106,0
DA:109,0
DA:112,0
DA:114,0
DA:116,0
DA:117,0
DA:120,0
DA:123,0
DA:125,0
DA:127,0
DA:128,0
DA:131,0
DA:134,0
DA:136,0
DA:138,0
DA:139,0
DA:142,0
DA:145,0
DA:148,0
DA:151,0
DA:154,0
DA:157,0
DA:161,0
DA:165,0
DA:168,0
DA:171,0
DA:174,0
DA:176,0
DA:179,0
DA:182,0
DA:185,0
DA:188,0
DA:191,0
DA:194,0
DA:197,0
DA:200,0
DA:203,0
DA:206,0
DA:209,0
DA:212,0
DA:215,0
DA:218,0
DA:221,0
DA:224,0
DA:227,0
DA:230,0
DA:234,0
DA:237,0
DA:241,0
DA:244,0
DA:247,0
DA:250,0
DA:253,0
DA:255,0
DA:258,0
DA:261,0
DA:264,0
DA:267,0
DA:270,0
DA:273,0
DA:276,0
DA:279,0
DA:282,0
DA:285,0
DA:288,0
DA:291,0
DA:294,0
DA:297,0
DA:299,0
DA:302,0
DA:305,0
DA:308,0
DA:311,0
DA:314,0
DA:317,0
DA:320,0
DA:323,0
DA:326,0
DA:329,0
DA:332,0
DA:335,0
DA:338,0
DA:341,0
DA:344,0
DA:347,0
DA:350,0
DA:353,0
DA:356,0
DA:358,0
DA:361,0
DA:364,0
DA:367,0
DA:369,0
DA:372,0
DA:375,0
DA:378,0
DA:381,0
DA:384,0
DA:387,0
DA:390,0
DA:393,0
DA:396,0
DA:399,0
DA:402,0
DA:405,0
DA:408,0
DA:411,0
DA:415,0
DA:418,0
DA:421,0
DA:425,0
DA:428,0
DA:431,0
DA:434,0
DA:437,0
DA:440,0
DA:443,0
DA:446,0
DA:449,0
DA:452,0
DA:455,0
DA:458,0
DA:461,0
DA:464,0
DA:467,0
DA:470,0
DA:473,0
DA:476,0
DA:479,0
DA:482,0
DA:485,0
DA:488,0
DA:491,0
DA:494,0
DA:497,0
DA:499,0
DA:502,0
DA:505,0
DA:508,0
DA:511,0
DA:514,0
DA:516,0
DA:519,0
DA:522,0
DA:525,0
DA:527,0
DA:530,0
DA:533,0
DA:536,0
DA:539,0
DA:542,0
DA:545,0
DA:548,0
DA:552,0
DA:555,0
DA:559,0
DA:562,0
DA:566,0
DA:570,0
DA:573,0
DA:576,0
DA:579,0
DA:582,0
DA:585,0
DA:588,0
DA:591,0
DA:594,0
DA:597,0
DA:600,0
DA:603,0
DA:606,0
DA:609,0
DA:612,0
DA:615,0
DA:617,0
DA:620,0
DA:624,0
DA:627,0
DA:630,0
DA:633,0
DA:636,0
DA:639,0
DA:642,0
DA:645,0
DA:649,0
DA:652,0
DA:656,0
DA:659,0
DA:662,0
DA:665,0
DA:668,0
DA:671,0
DA:674,0
DA:678,0
DA:681,0
DA:684,0
DA:687,0
DA:690,0
DA:693,0
DA:696,0
DA:699,0
DA:702,0
DA:705,0
DA:708,0
DA:712,0
DA:715,0
DA:718,0
DA:720,0
DA:723,0
DA:725,0
DA:728,0
DA:731,0
DA:734,0
DA:737,0
DA:739,0
DA:742,0
DA:745,0
DA:748,0
DA:751,0
DA:754,0
DA:757,0
DA:760,0
DA:763,0
DA:766,0
DA:769,0
DA:772,0
DA:775,0
DA:778,0
DA:781,0
DA:784,0
DA:787,0
DA:790,0
DA:793,0
DA:796,0
DA:799,0
DA:802,0
DA:805,0
DA:808,0
DA:811,0
DA:814,0
DA:817,0
DA:820,0
DA:823,0
DA:826,0
DA:829,0
DA:832,0
DA:834,0
DA:837,0
DA:839,0
DA:842,0
DA:844,0
DA:847,0
DA:850,0
DA:854,0
DA:857,0
DA:859,0
DA:862,0
DA:866,0
DA:870,0
DA:874,0
DA:877,0
DA:881,0
DA:884,0
DA:886,0
DA:889,0
DA:893,0
DA:896,0
DA:899,0
DA:902,0
DA:905,0
DA:908,0
DA:910,0
DA:913,0
DA:916,0
DA:920,0
DA:923,0
DA:926,0
DA:929,0
DA:932,0
DA:935,0
DA:938,0
DA:941,0
DA:944,0
DA:947,0
DA:950,0
DA:953,0
DA:956,0
DA:959,0
DA:962,0
DA:965,0
DA:969,0
DA:972,0
DA:975,0
DA:978,0
DA:982,0
DA:985,0
DA:988,0
DA:991,0
DA:994,0
DA:997,0
DA:1000,0
DA:1003,0
DA:1006,0
DA:1008,0
DA:1011,0
DA:1014,0
DA:1017,0
DA:1020,0
DA:1023,0
DA:1026,0
DA:1029,0
DA:1032,0
DA:1035,0
DA:1038,0
DA:1041,0
DA:1043,0
DA:1046,0
DA:1049,0
DA:1052,0
DA:1055,0
DA:1058,0
DA:1062,0
DA:1065,0
DA:1068,0
DA:1072,0
DA:1075,0
DA:1078,0
DA:1081,0
DA:1084,0
DA:1088,0
DA:1092,0
DA:1095,0
DA:1098,0
DA:1101,0
DA:1105,0
DA:1108,0
DA:1111,0
DA:1114,0
DA:1117,0
DA:1119,0
DA:1122,0
DA:1125,0
DA:1128,0
DA:1131,0
DA:1134,0
DA:1137,0
DA:1140,0
DA:1143,0
DA:1146,0
DA:1149,0
DA:1153,0
DA:1156,0
DA:1160,0
DA:1163,0
DA:1166,0
DA:1168,0
DA:1171,0
DA:1174,0
DA:1178,0
DA:1181,0
DA:1183,0
DA:1186,0
DA:1188,0
DA:1191,0
DA:1194,0
DA:1197,0
DA:1200,0
DA:1203,0
DA:1206,0
DA:1209,0
DA:1212,0
DA:1215,0
DA:1218,0
DA:1221,0
DA:1224,0
DA:1227,0
DA:1230,0
DA:1233,0
DA:1236,0
DA:1239,0
DA:1242,0
DA:1245,0
DA:1249,0
DA:1252,0
DA:1255,0
DA:1258,0
DA:1261,0
DA:1264,0
DA:1266,0
DA:1269,0
DA:1271,0
DA:1274,0
DA:1278,0
DA:1280,0
DA:1283,0
DA:1286,0
DA:1289,0
DA:1293,0
DA:1296,0
DA:1299,0
DA:1302,0
DA:1305,0
DA:1308,0
DA:1311,0
DA:1314,0
DA:1317,0
DA:1320,0
DA:1323,0
DA:1326,0
DA:1330,0
DA:1333,0
DA:1335,0
DA:1338,0
DA:1341,0
DA:1344,0
DA:1347,0
DA:1350,0
DA:1353,0
DA:1355,0
DA:1358,0
DA:1361,0
DA:1364,0
DA:1367,0
DA:1369,0
DA:1372,0
DA:1374,0
DA:1377,0
DA:1380,0
DA:1383,0
DA:1385,0
DA:1388,0
DA:1391,0
DA:1393,0
DA:1396,0
DA:1398,0
DA:1401,0
DA:1403,0
DA:1406,0
DA:1408,0
DA:1411,0
DA:1414,0
DA:1417,0
DA:1420,0
DA:1422,0
DA:1425,0
DA:1427,0
DA:1430,0
DA:1432,0
DA:1435,0
DA:1437,0
DA:1440,0
DA:1443,0
DA:1445,0
DA:1448,0
DA:1451,0
DA:1454,0
DA:1457,0
DA:1460,0
DA:1463,0
DA:1465,0
DA:1468,0
DA:1470,0
DA:1473,0
DA:1476,0
DA:1479,0
DA:1482,0
DA:1485,0
DA:1488,0
DA:1490,0
DA:1492,0
DA:1493,0
DA:1496,0
DA:1499,0
DA:1502,0
DA:1506,0
DA:1509,0
DA:1512,0
DA:1515,0
DA:1518,0
DA:1521,0
DA:1524,0
DA:1527,0
DA:1530,0
DA:1533,0
DA:1536,0
DA:1539,0
DA:1543,0
DA:1546,0
DA:1549,0
DA:1552,0
DA:1555,0
DA:1558,0
DA:1560,0
DA:1562,0
DA:1563,0
DA:1566,0
DA:1569,0
DA:1572,0
DA:1575,0
DA:1578,0
DA:1581,0
DA:1584,0
DA:1587,0
DA:1589,0
DA:1592,0
DA:1594,0
DA:1597,0
DA:1600,0
DA:1602,0
DA:1605,0
DA:1608,0
DA:1611,0
DA:1613,0
DA:1616,0
DA:1618,0
DA:1621,0
DA:1624,0
DA:1627,0
DA:1629,0
DA:1632,0
DA:1635,0
DA:1639,0
DA:1642,0
DA:1645,0
DA:1648,0
DA:1650,0
DA:1653,0
DA:1655,0
DA:1658,0
DA:1660,0
DA:1663,0
DA:1667,0
DA:1670,0
DA:1673,0
DA:1676,0
DA:1680,0
DA:1682,0
DA:1685,0
DA:1687,0
DA:1690,0
DA:1692,0
DA:1695,0
DA:1698,0
DA:1702,0
DA:1706,0
DA:1710,0
DA:1714,0
DA:1717,0
DA:1720,0
DA:1723,0
DA:1726,0
DA:1729,0
DA:1732,0
DA:1735,0
DA:1737,0
DA:1740,0
DA:1743,0
DA:1746,0
DA:1749,0
DA:1752,0
DA:1756,0
DA:1759,0
DA:1763,0
DA:1767,0
DA:1771,0
DA:1775,0
DA:1779,0
DA:1782,0
DA:1786,0
DA:1790,0
DA:1794,0
DA:1798,0
DA:1802,0
DA:1806,0
DA:1810,0
DA:1813,0
DA:1816,0
DA:1819,0
DA:1822,0
DA:1825,0
DA:1828,0
DA:1831,0
DA:1834,0
DA:1837,0
DA:1840,0
DA:1843,0
DA:1847,0
DA:1850,0
DA:1853,0
DA:1857,0
DA:1861,0
DA:1864,0
DA:1867,0
DA:1870,0
DA:1873,0
DA:1876,0
DA:1878,0
DA:1880,0
DA:1881,0
DA:1884,0
DA:1887,0
DA:1889,0
DA:1891,0
DA:1892,0
DA:1895,0
DA:1898,0
DA:1902,0
DA:1904,0
DA:1907,0
DA:1909,0
DA:1911,0
DA:1912,0
DA:1915,0
DA:1918,0
DA:1920,0
DA:1923,0
LF:653
LH:0
end_of_record
SF:lib/features/subjects/data/models/subject_model.dart
DA:35,0
DA:46,0
DA:47,0
DA:49,0
DA:50,0
DA:51,0
DA:52,0
DA:53,0
DA:54,0
DA:55,0
DA:56,0
DA:57,0
DA:58,0
DA:59,0
DA:62,0
DA:63,0
DA:64,0
DA:65,0
DA:66,0
DA:67,0
DA:68,0
DA:69,0
DA:70,0
DA:71,0
DA:72,0
DA:75,0
DA:87,0
DA:88,0
DA:89,0
DA:90,0
DA:91,0
DA:92,0
DA:93,0
DA:94,0
DA:95,0
DA:96,0
DA:97,0
DA:101,0
DA:102,0
LF:39
LH:0
end_of_record
SF:lib/features/subjects/data/repositories/subject_repository.dart
DA:7,0
DA:9,0
DA:10,0
DA:13,0
DA:14,0
DA:15,0
DA:17,0
DA:20,0
DA:21,0
DA:24,0
DA:25,0
DA:28,0
DA:29,0
DA:32,0
DA:33,0
DA:36,0
DA:37,0
DA:38,0
DA:39,0
DA:40,0
DA:43,0
DA:44,0
DA:46,0
DA:49,0
DA:50,0
DA:52,0
DA:56,0
DA:57,0
DA:59,0
DA:60,0
DA:62,0
DA:66,0
DA:67,0
DA:68,0
DA:71,0
DA:72,0
LF:36
LH:0
end_of_record
SF:lib/core/constants/app_api_config.dart
DA:4,0
DA:14,0
DA:19,0
DA:20,0
DA:22,0
DA:29,0
DA:36,0
DA:37,0
DA:40,0
DA:42,0
DA:43,0
DA:49,0
DA:63,0
DA:64,0
DA:66,0
DA:68,0
DA:69,0
DA:70,0
DA:72,0
DA:75,0
DA:76,0
DA:77,0
DA:79,0
DA:82,0
DA:83,0
DA:84,0
DA:86,0
LF:27
LH:0
end_of_record
SF:lib/core/constants/app_build_config.dart
DA:6,0
DA:18,0
DA:20,0
DA:21,0
DA:22,0
DA:24,0
DA:26,0
DA:27,0
DA:31,0
DA:37,0
DA:38,0
DA:40,0
DA:41,0
DA:43,0
DA:44,0
DA:46,0
DA:47,0
LF:17
LH:0
end_of_record
SF:lib/core/constants/app_config.dart
DA:10,0
DA:12,0
DA:22,0
DA:23,0
DA:24,0
DA:25,0
DA:27,0
DA:28,0
DA:32,0
DA:33,0
DA:37,0
DA:38,0
DA:39,0
DA:40,0
DA:41,0
DA:42,0
DA:44,0
DA:48,0
DA:49,0
DA:52,0
DA:57,0
DA:59,0
DA:60,0
DA:61,0
DA:62,0
DA:64,0
DA:70,0
DA:71,0
DA:72,0
DA:74,0
DA:79,0
DA:83,0
DA:86,0
DA:91,0
DA:92,0
DA:95,0
DA:99,0
LF:37
LH:0
end_of_record
SF:lib/core/utils/logger.dart
DA:8,1
DA:10,0
DA:11,0
DA:12,0
DA:13,4
DA:15,2
DA:16,2
DA:17,2
DA:18,4
DA:19,4
DA:21,2
DA:23,0
DA:25,4
DA:28,0
DA:32,2
DA:34,2
DA:35,2
DA:36,2
DA:37,2
DA:43,0
DA:45,2
DA:46,2
DA:47,0
LF:23
LH:16
end_of_record
SF:lib/core/constants/app_runtime_config.dart
DA:4,0
DA:14,0
LF:2
LH:0
end_of_record
SF:lib/core/constants/security_config.dart
DA:5,0
DA:8,0
DA:12,0
DA:17,0
DA:21,0
DA:23,0
DA:24,0
DA:28,0
DA:38,0
DA:39,0
DA:40,0
DA:42,0
DA:43,0
DA:47,0
DA:48,0
DA:50,0
DA:57,0
DA:58,0
DA:59,0
DA:62,0
DA:63,0
DA:64,0
DA:65,0
DA:66,0
DA:67,0
DA:68,0
LF:26
LH:0
end_of_record
SF:lib/core/constants/app_storage_config.dart
DA:7,0
DA:15,0
DA:16,0
DA:17,0
DA:18,0
DA:22,0
DA:23,0
DA:24,0
DA:25,0
DA:29,0
DA:30,0
DA:31,0
DA:32,0
LF:13
LH:0
end_of_record
SF:lib/core/data/adapters/conversation_message_adapter.dart
DA:9,0
DA:11,0
DA:12,0
DA:13,0
DA:14,0
DA:15,0
DA:16,0
DA:18,0
DA:19,0
DA:20,0
DA:21,0
DA:22,0
DA:23,0
DA:24,0
DA:25,0
DA:26,0
DA:27,0
DA:31,0
DA:33,0
DA:34,0
DA:35,0
DA:36,0
DA:37,0
DA:38,0
DA:39,0
DA:40,0
DA:41,0
DA:42,0
DA:43,0
DA:44,0
DA:45,0
DA:46,0
DA:47,0
DA:48,0
DA:49,0
DA:50,0
DA:51,0
DA:59,0
DA:61,0
DA:62,0
DA:63,0
DA:64,0
DA:65,0
DA:66,0
DA:68,0
DA:69,0
DA:70,0
DA:71,0
DA:72,0
DA:73,0
DA:74,0
DA:75,0
DA:76,0
DA:77,0
DA:78,0
DA:79,0
DA:80,0
DA:81,0
DA:82,0
DA:83,0
DA:84,0
DA:85,0
DA:89,0
DA:91,0
DA:92,0
DA:93,0
DA:94,0
DA:95,0
DA:96,0
DA:97,0
DA:98,0
DA:99,0
DA:100,0
DA:101,0
DA:102,0
DA:103,0
DA:104,0
DA:105,0
DA:106,0
DA:107,0
DA:108,0
DA:109,0
DA:110,0
DA:111,0
DA:112,0
DA:113,0
DA:114,0
DA:115,0
DA:116,0
DA:117,0
DA:118,0
DA:119,0
DA:120,0
DA:121,0
DA:122,0
DA:123,0
DA:124,0
DA:125,0
LF:98
LH:0
end_of_record
SF:lib/core/data/models/conversation_message_model.dart
DA:36,3
DA:48,3
DA:59,3
DA:60,3
DA:61,3
DA:62,3
DA:63,3
DA:64,0
DA:65,3
DA:66,3
DA:67,3
DA:68,0
DA:72,0
DA:73,0
DA:74,0
DA:75,0
DA:76,0
DA:77,0
DA:78,0
DA:79,0
DA:80,0
DA:81,0
DA:84,0
DA:85,0
DA:86,0
DA:87,0
DA:88,0
DA:89,0
DA:90,0
DA:91,0
DA:92,0
DA:93,0
LF:32
LH:10
end_of_record
SF:lib/core/data/models/tutor_session_model.dart
DA:58,0
DA:78,0
DA:79,0
DA:81,0
DA:82,0
DA:84,0
DA:85,0
DA:87,0
DA:89,0
DA:108,0
DA:109,0
DA:110,0
DA:111,0
DA:112,0
DA:113,0
DA:114,0
DA:115,0
DA:116,0
DA:117,0
DA:118,0
DA:119,0
DA:120,0
DA:121,0
DA:122,0
DA:123,0
DA:124,0
DA:125,0
DA:129,0
DA:130,0
DA:131,0
DA:132,0
DA:133,0
DA:134,0
DA:135,0
DA:136,0
DA:137,0
DA:138,0
DA:139,0
DA:140,0
DA:141,0
DA:142,0
DA:143,0
DA:144,0
DA:145,0
DA:146,0
DA:149,0
DA:150,0
DA:151,0
DA:152,0
DA:153,0
DA:154,0
DA:155,0
DA:156,0
DA:157,0
DA:158,0
DA:159,0
DA:160,0
DA:161,0
DA:162,0
DA:163,0
DA:164,0
DA:165,0
DA:166,0
LF:63
LH:0
end_of_record
SF:lib/core/data/adapters/markscheme_adapter.dart
DA:8,0
DA:10,0
DA:11,0
DA:12,0
DA:14,0
DA:15,0
DA:16,0
DA:17,0
DA:18,0
DA:19,0
DA:20,0
DA:24,0
DA:27,0
DA:28,0
DA:29,0
DA:30,0
DA:31,0
DA:32,0
DA:33,0
DA:34,0
DA:35,0
DA:36,0
DA:37,0
DA:38,0
DA:39,0
DA:42,0
DA:43,0
DA:45,0
DA:48,0
DA:49,0
DA:50,0
DA:57,0
DA:59,0
DA:60,0
DA:61,0
DA:63,0
DA:64,0
DA:65,0
DA:66,0
DA:67,0
DA:71,0
DA:74,0
DA:75,0
DA:76,0
DA:77,0
DA:78,0
DA:79,0
DA:80,0
DA:81,0
DA:82,0
DA:85,0
DA:86,0
DA:88,0
DA:91,0
DA:92,0
DA:93,0
LF:56
LH:0
end_of_record
SF:lib/core/data/models/markscheme_model.dart
DA:23,0
DA:30,0
DA:31,0
DA:33,0
DA:34,0
DA:35,0
DA:36,0
DA:37,0
DA:38,0
DA:39,0
DA:42,0
DA:43,0
DA:44,0
DA:45,0
DA:46,0
DA:47,0
DA:48,0
DA:49,0
DA:50,0
DA:53,0
DA:54,0
DA:55,0
DA:56,0
DA:59,0
DA:60,0
DA:67,0
DA:75,0
DA:76,0
DA:77,0
DA:78,0
DA:79,0
DA:80,0
DA:81,0
DA:100,0
DA:107,0
DA:108,0
DA:109,0
DA:110,0
DA:111,0
DA:114,0
DA:115,0
DA:116,0
DA:117,0
DA:118,0
LF:44
LH:0
end_of_record
SF:lib/core/data/adapters/mastery_improvement_adapter.dart
DA:9,0
DA:11,0
DA:12,0
DA:13,0
DA:15,0
DA:16,0
DA:17,0
DA:18,0
DA:19,0
DA:20,0
DA:21,0
DA:22,0
DA:23,0
DA:24,0
DA:25,0
DA:26,0
DA:30,0
DA:32,0
DA:33,0
DA:34,0
DA:35,0
DA:36,0
DA:37,0
DA:38,0
DA:39,0
DA:40,0
DA:41,0
DA:42,0
DA:43,0
DA:44,0
DA:45,0
DA:46,0
DA:47,0
DA:48,0
DA:49,0
DA:50,0
DA:51,0
DA:52,0
DA:53,0
DA:54,0
LF:40
LH:0
end_of_record
SF:lib/core/data/models/mastery_state_model.dart
DA:70,0
DA:92,0
DA:96,0
DA:97,0
DA:105,0
DA:106,0
DA:107,0
DA:108,0
DA:109,0
DA:110,0
DA:111,0
DA:112,0
DA:113,0
DA:114,0
DA:115,0
DA:116,0
DA:117,0
DA:118,0
DA:119,0
DA:120,0
DA:121,0
DA:122,0
DA:123,0
DA:124,0
DA:127,0
DA:128,0
DA:129,0
DA:130,0
DA:131,0
DA:132,0
DA:133,0
DA:134,0
DA:135,0
DA:136,0
DA:137,0
DA:138,0
DA:139,0
DA:140,0
DA:141,0
DA:142,0
DA:143,0
DA:144,0
DA:145,0
DA:146,0
DA:149,0
DA:170,0
DA:171,0
DA:172,0
DA:173,0
DA:174,0
DA:175,0
DA:176,0
DA:177,0
DA:178,0
DA:179,0
DA:180,0
DA:181,0
DA:182,0
DA:183,0
DA:184,0
DA:185,0
DA:186,0
DA:187,0
DA:188,0
DA:189,0
LF:65
LH:0
end_of_record
SF:lib/core/services/instrumentation_service.dart
DA:17,0
DA:28,0
DA:29,0
DA:30,0
DA:31,0
DA:32,0
DA:33,0
DA:34,0
DA:35,0
DA:36,0
DA:53,0
DA:67,0
DA:69,0
DA:70,0
DA:71,0
DA:72,0
DA:73,0
DA:74,0
DA:75,0
DA:76,0
DA:77,0
DA:78,0
DA:79,0
DA:80,0
DA:81,0
DA:90,0
DA:91,0
DA:92,0
DA:93,0
DA:94,0
DA:97,0
DA:106,0
DA:113,0
DA:123,0
DA:124,0
DA:127,0
DA:133,0
DA:135,0
DA:136,0
DA:138,0
DA:139,0
DA:142,0
DA:145,0
DA:146,0
DA:147,0
DA:148,0
DA:151,0
DA:152,0
DA:153,0
DA:154,0
DA:155,0
DA:156,0
DA:157,0
DA:160,0
DA:161,0
DA:164,0
DA:165,0
DA:166,0
DA:169,0
DA:170,0
DA:171,0
DA:186,0
DA:187,0
DA:188,0
DA:189,0
DA:190,0
DA:193,0
DA:197,0
DA:198,0
DA:200,0
DA:201,0
DA:202,0
DA:204,0
DA:205,0
DA:206,0
DA:207,0
DA:208,0
DA:209,0
DA:210,0
DA:211,0
DA:213,0
DA:214,0
DA:217,0
DA:220,0
DA:221,0
DA:224,0
DA:225,0
DA:226,0
DA:227,0
DA:228,0
DA:229,0
DA:232,0
DA:233,0
DA:236,0
DA:237,0
DA:238,0
DA:239,0
DA:242,0
DA:243,0
DA:253,0
DA:255,0
DA:256,0
DA:257,0
DA:259,0
DA:260,0
DA:261,0
DA:262,0
DA:265,0
DA:273,0
DA:275,0
DA:283,0
DA:284,0
DA:285,0
DA:286,0
DA:289,0
DA:290,0
DA:294,0
DA:297,0
DA:299,0
DA:300,0
DA:301,0
DA:302,0
DA:303,0
DA:304,0
DA:306,0
DA:308,0
DA:309,0
DA:311,0
DA:312,0
DA:314,0
DA:317,0
DA:318,0
DA:321,0
DA:322,0
DA:324,0
DA:325,0
DA:328,0
DA:331,0
DA:335,0
DA:336,0
DA:339,0
DA:340,0
DA:343,0
DA:345,0
DA:346,0
DA:348,0
DA:350,0
DA:351,0
DA:352,0
DA:355,0
DA:356,0
DA:358,0
LF:152
LH:0
end_of_record
SF:lib/core/data/adapters/mastery_state_adapter.dart
DA:8,0
DA:10,0
DA:11,0
DA:12,0
DA:14,0
DA:15,0
DA:16,0
DA:17,0
DA:18,0
DA:19,0
DA:20,0
DA:21,0
DA:22,0
DA:23,0
DA:24,0
DA:25,0
DA:26,0
DA:27,0
DA:28,0
DA:29,0
DA:30,0
DA:31,0
DA:32,0
DA:33,0
DA:37,0
DA:40,0
DA:41,0
DA:42,0
DA:43,0
DA:44,0
DA:45,0
DA:46,0
DA:47,0
DA:48,0
DA:49,0
DA:50,0
DA:51,0
DA:52,0
DA:53,0
DA:54,0
DA:55,0
DA:56,0
DA:57,0
DA:58,0
DA:59,0
DA:60,0
DA:61,0
DA:62,0
DA:63,0
DA:64,0
DA:65,0
DA:66,0
DA:67,0
DA:68,0
DA:69,0
DA:70,0
DA:71,0
DA:72,0
DA:73,0
DA:74,0
DA:75,0
DA:76,0
DA:77,0
DA:78,0
DA:81,0
DA:82,0
DA:84,0
DA:87,0
DA:88,0
DA:89,0
LF:70
LH:0
end_of_record
SF:lib/core/data/adapters/personal_learning_plan_adapter.dart
DA:8,0
DA:10,0
DA:11,0
DA:12,0
DA:14,0
DA:15,0
DA:16,0
DA:17,0
DA:18,0
DA:19,0
DA:20,0
DA:21,0
DA:22,0
DA:23,0
DA:27,0
DA:30,0
DA:31,0
DA:32,0
DA:33,0
DA:34,0
DA:35,0
DA:36,0
DA:37,0
DA:38,0
DA:39,0
DA:40,0
DA:41,0
DA:42,0
DA:43,0
DA:44,0
DA:45,0
DA:46,0
DA:47,0
DA:48,0
DA:51,0
DA:52,0
DA:54,0
DA:57,0
DA:58,0
DA:59,0
DA:66,0
DA:68,0
DA:69,0
DA:70,0
DA:72,0
DA:73,0
DA:74,0
DA:75,0
DA:76,0
DA:77,0
DA:78,0
DA:79,0
DA:80,0
DA:81,0
DA:85,0
DA:88,0
DA:89,0
DA:90,0
DA:91,0
DA:92,0
DA:93,0
DA:94,0
DA:95,0
DA:96,0
DA:97,0
DA:98,0
DA:99,0
DA:100,0
DA:101,0
DA:102,0
DA:103,0
DA:104,0
DA:105,0
DA:106,0
DA:109,0
DA:110,0
DA:112,0
DA:115,0
DA:116,0
DA:117,0
DA:124,0
DA:126,0
DA:127,0
DA:128,0
DA:130,0
DA:131,0
DA:132,0
DA:133,0
DA:134,0
DA:135,0
DA:136,0
DA:137,0
DA:138,0
DA:139,0
DA:143,0
DA:146,0
DA:147,0
DA:148,0
DA:149,0
DA:150,0
DA:151,0
DA:152,0
DA:153,0
DA:154,0
DA:155,0
DA:156,0
DA:157,0
DA:158,0
DA:159,0
DA:160,0
DA:161,0
DA:162,0
DA:163,0
DA:164,0
DA:167,0
DA:168,0
DA:170,0
DA:173,0
DA:174,0
DA:175,0
DA:182,0
DA:184,0
DA:185,0
DA:186,0
DA:188,0
DA:189,0
DA:190,0
DA:191,0
DA:192,0
DA:193,0
DA:194,0
DA:195,0
DA:199,0
DA:202,0
DA:203,0
DA:204,0
DA:205,0
DA:206,0
DA:207,0
DA:208,0
DA:209,0
DA:210,0
DA:211,0
DA:212,0
DA:213,0
DA:214,0
DA:215,0
DA:216,0
DA:219,0
DA:220,0
DA:222,0
DA:225,0
DA:226,0
DA:227,0
DA:234,0
DA:236,0
DA:237,0
DA:238,0
DA:240,0
DA:241,0
DA:242,0
DA:243,0
DA:244,0
DA:245,0
DA:246,0
DA:247,0
DA:248,0
DA:252,0
DA:255,0
DA:256,0
DA:257,0
DA:258,0
DA:259,0
DA:260,0
DA:261,0
DA:262,0
DA:263,0
DA:264,0
DA:265,0
DA:266,0
DA:267,0
DA:268,0
DA:269,0
DA:270,0
DA:271,0
DA:274,0
DA:275,0
DA:277,0
DA:280,0
DA:281,0
DA:282,0
LF:191
LH:0
end_of_record
SF:lib/core/data/models/personal_learning_plan_model.dart
DA:32,0
DA:44,0
DA:45,0
DA:46,0
DA:47,0
DA:48,0
DA:49,0
DA:50,0
DA:51,0
DA:52,0
DA:53,0
DA:56,0
DA:57,0
DA:58,0
DA:59,0
DA:60,0
DA:61,0
DA:62,0
DA:63,0
DA:64,0
DA:65,0
DA:98,0
DA:110,0
DA:111,0
DA:112,0
DA:113,0
DA:114,0
DA:115,0
DA:116,0
DA:117,0
DA:118,0
DA:119,0
DA:122,0
DA:123,0
DA:124,0
DA:125,0
DA:126,0
DA:127,0
DA:128,0
DA:129,0
DA:130,0
DA:131,0
DA:164,0
DA:176,0
DA:177,0
DA:178,0
DA:179,0
DA:180,0
DA:181,0
DA:182,0
DA:183,0
DA:184,0
DA:185,0
DA:188,0
DA:189,0
DA:190,0
DA:191,0
DA:192,0
DA:193,0
DA:194,0
DA:195,0
DA:196,0
DA:197,0
DA:224,0
DA:234,0
DA:235,0
DA:236,0
DA:237,0
DA:238,0
DA:239,0
DA:240,0
DA:241,0
DA:244,0
DA:245,0
DA:246,0
DA:247,0
DA:248,0
DA:249,0
DA:250,0
DA:251,0
DA:252,0
DA:283,0
DA:294,0
DA:295,0
DA:296,0
DA:297,0
DA:298,0
DA:299,0
DA:300,0
DA:301,0
DA:302,0
DA:305,0
DA:306,0
DA:307,0
DA:308,0
DA:309,0
DA:310,0
DA:311,0
DA:312,0
DA:313,0
LF:100
LH:0
end_of_record
SF:lib/core/data/adapters/plan_adherence_adapter.dart
DA:8,0
DA:10,0
DA:11,0
DA:12,0
DA:14,0
DA:15,0
DA:16,0
DA:17,0
DA:18,0
DA:19,0
DA:20,0
DA:21,0
DA:22,0
DA:26,0
DA:28,0
DA:29,0
DA:30,0
DA:31,0
DA:32,0
DA:33,0
DA:34,0
DA:35,0
DA:36,0
DA:37,0
DA:38,0
DA:39,0
DA:40,0
DA:41,0
DA:42,0
DA:43,0
DA:44,0
LF:31
LH:0
end_of_record
SF:lib/core/data/adapters/question_evaluation_adapter.dart
DA:8,0
DA:10,0
DA:11,0
DA:12,0
DA:14,0
DA:15,0
DA:16,0
DA:17,0
DA:18,0
DA:19,0
DA:20,0
DA:21,0
DA:22,0
DA:23,0
DA:27,0
DA:30,0
DA:31,0
DA:32,0
DA:33,0
DA:34,0
DA:35,0
DA:36,0
DA:37,0
DA:38,0
DA:39,0
DA:40,0
DA:41,0
DA:42,0
DA:43,0
DA:44,0
DA:45,0
DA:46,0
DA:47,0
DA:48,0
DA:51,0
DA:52,0
DA:54,0
DA:57,0
DA:58,0
DA:59,0
DA:66,0
DA:68,0
DA:69,0
DA:70,0
DA:72,0
DA:73,0
DA:74,0
DA:75,0
DA:76,0
DA:77,0
DA:81,0
DA:84,0
DA:85,0
DA:86,0
DA:87,0
DA:88,0
DA:89,0
DA:90,0
DA:91,0
DA:92,0
DA:93,0
DA:94,0
DA:97,0
DA:98,0
DA:100,0
DA:103,0
DA:104,0
DA:105,0
LF:68
LH:0
end_of_record
SF:lib/core/data/models/question_evaluation_model.dart
DA:40,0
DA:52,0
DA:53,0
DA:54,0
DA:55,0
DA:56,0
DA:57,0
DA:58,0
DA:59,0
DA:60,0
DA:61,0
DA:64,0
DA:65,0
DA:66,0
DA:67,0
DA:68,0
DA:69,0
DA:70,0
DA:71,0
DA:72,0
DA:73,0
DA:76,0
DA:82,0
DA:85,0
DA:90,0
DA:96,0
DA:99,0
DA:100,0
DA:104,0
DA:105,0
DA:106,0
DA:108,0
DA:111,0
DA:122,0
DA:123,0
DA:124,0
DA:125,0
DA:126,0
DA:127,0
DA:128,0
DA:129,0
DA:130,0
DA:131,0
DA:135,0
DA:136,0
DA:137,0
DA:139,0
DA:141,0
DA:142,0
DA:145,0
DA:146,0
DA:147,0
DA:148,0
DA:149,0
DA:150,0
DA:154,0
DA:155,0
DA:156,0
DA:180,0
DA:188,0
DA:189,0
DA:190,0
DA:191,0
DA:192,0
DA:193,0
DA:196,0
DA:197,0
DA:198,0
DA:199,0
DA:200,0
DA:201,0
LF:71
LH:0
end_of_record
SF:lib/core/data/adapters/question_mastery_state_adapter.dart
DA:8,0
DA:10,0
DA:11,0
DA:12,0
DA:14,0
DA:15,0
DA:16,0
DA:17,0
DA:18,0
DA:19,0
DA:20,0
DA:21,0
DA:22,0
DA:23,0
DA:24,0
DA:25,0
DA:26,0
DA:27,0
DA:28,0
DA:29,0
DA:33,0
DA:36,0
DA:37,0
DA:38,0
DA:39,0
DA:40,0
DA:41,0
DA:42,0
DA:43,0
DA:44,0
DA:45,0
DA:46,0
DA:47,0
DA:48,0
DA:49,0
DA:50,0
DA:51,0
DA:52,0
DA:53,0
DA:54,0
DA:55,0
DA:56,0
DA:57,0
DA:58,0
DA:59,0
DA:60,0
DA:61,0
DA:62,0
DA:63,0
DA:64,0
DA:65,0
DA:66,0
DA:69,0
DA:70,0
DA:72,0
DA:75,0
DA:76,0
DA:77,0
LF:58
LH:0
end_of_record
SF:lib/core/data/models/question_mastery_state_model.dart
DA:50,0
DA:68,0
DA:72,0
DA:73,0
DA:81,0
DA:83,0
DA:85,0
DA:87,0
DA:89,0
DA:94,0
DA:95,0
DA:96,0
DA:99,0
DA:100,0
DA:101,0
DA:102,0
DA:104,0
DA:105,0
DA:106,0
DA:109,0
DA:110,0
DA:112,0
DA:113,0
DA:114,0
DA:117,0
DA:122,0
DA:123,0
DA:125,0
DA:126,0
DA:127,0
DA:130,0
DA:131,0
DA:132,0
DA:133,0
DA:134,0
DA:135,0
DA:139,0
DA:140,0
DA:142,0
DA:143,0
DA:144,0
DA:145,0
DA:147,0
DA:151,0
DA:152,0
DA:153,0
DA:154,0
DA:157,0
DA:158,0
DA:159,0
DA:160,0
DA:161,0
DA:162,0
DA:166,0
DA:167,0
DA:168,0
DA:169,0
DA:170,0
DA:171,0
DA:172,0
DA:173,0
DA:174,0
DA:175,0
DA:176,0
DA:177,0
DA:178,0
DA:179,0
DA:180,0
DA:181,0
DA:184,0
DA:185,0
DA:186,0
DA:187,0
DA:188,0
DA:189,0
DA:190,0
DA:191,0
DA:192,0
DA:193,0
DA:194,0
DA:195,0
DA:196,0
DA:197,0
DA:198,0
DA:199,0
DA:202,0
DA:219,0
DA:220,0
DA:221,0
DA:222,0
DA:223,0
DA:224,0
DA:225,0
DA:226,0
DA:227,0
DA:228,0
DA:229,0
DA:230,0
DA:231,0
DA:232,0
DA:233,0
DA:234,0
LF:102
LH:0
end_of_record
SF:lib/core/data/adapters/topic_dependency_adapter.dart
DA:8,0
DA:10,0
DA:11,0
DA:12,0
DA:14,0
DA:15,0
DA:16,0
DA:17,0
DA:18,0
DA:19,0
DA:20,0
DA:21,0
DA:22,0
DA:23,0
DA:24,0
DA:25,0
DA:29,0
DA:32,0
DA:33,0
DA:34,0
DA:35,0
DA:36,0
DA:37,0
DA:38,0
DA:39,0
DA:40,0
DA:41,0
DA:42,0
DA:43,0
DA:44,0
DA:45,0
DA:46,0
DA:47,0
DA:48,0
DA:49,0
DA:50,0
DA:51,0
DA:52,0
DA:53,0
DA:54,0
DA:57,0
DA:58,0
DA:60,0
DA:63,0
DA:64,0
DA:65,0
LF:46
LH:0
end_of_record
SF:lib/core/data/models/topic_dependency_model.dart
DA:38,0
DA:52,0
DA:53,0
DA:54,0
DA:56,0
DA:60,0
DA:65,0
DA:67,0
DA:68,0
DA:72,0
DA:75,0
DA:77,0
DA:80,0
DA:81,0
DA:82,0
DA:83,0
DA:84,0
DA:85,0
DA:86,0
DA:87,0
DA:88,0
DA:89,0
DA:90,0
DA:91,0
DA:94,0
DA:95,0
DA:96,0
DA:97,0
DA:98,0
DA:99,0
DA:100,0
DA:101,0
DA:102,0
DA:103,0
DA:104,0
DA:105,0
DA:106,0
DA:107,0
DA:110,0
DA:115,0
DA:122,0
DA:135,0
DA:136,0
DA:137,0
DA:138,0
DA:139,0
DA:140,0
DA:141,0
DA:142,0
DA:143,0
DA:144,0
DA:145,0
DA:146,0
LF:53
LH:0
end_of_record
SF:lib/core/data/hive_initializer.dart
DA:24,0
DA:26,0
DA:27,0
DA:28,0
DA:30,0
DA:31,0
DA:32,0
DA:33,0
DA:34,0
DA:36,0
DA:37,0
DA:38,0
DA:39,0
DA:40,0
DA:41,0
DA:42,0
DA:43,0
DA:44,0
DA:45,0
DA:46,0
DA:48,0
DA:49,0
DA:50,0
DA:51,0
DA:53,0
DA:56,0
DA:57,0
DA:58,0
DA:60,0
DA:61,0
DA:62,0
DA:64,0
DA:65,0
DA:67,0
DA:68,0
DA:70,0
DA:71,0
DA:73,0
DA:74,0
DA:75,0
DA:76,0
DA:77,0
DA:78,0
DA:80,0
DA:81,0
DA:82,0
DA:84,0
DA:85,0
DA:87,0
DA:88,0
DA:90,0
DA:91,0
DA:93,0
DA:94,0
LF:54
LH:0
end_of_record
SF:lib/core/data/database_service.dart
DA:16,0
DA:27,0
DA:29,0
DA:30,0
DA:31,0
DA:32,0
DA:33,0
DA:34,0
DA:35,0
DA:36,0
DA:37,0
DA:39,0
LF:12
LH:0
end_of_record
SF:lib/core/data/models/topic_model.dart
DA:29,0
DA:40,0
DA:41,0
DA:42,0
DA:43,0
DA:44,0
DA:45,0
DA:46,0
DA:47,0
DA:48,0
DA:51,0
DA:52,0
DA:53,0
DA:54,0
DA:55,0
DA:56,0
DA:57,0
DA:58,0
DA:59,0
DA:62,0
DA:72,0
DA:73,0
DA:74,0
DA:75,0
DA:76,0
DA:77,0
DA:78,0
DA:79,0
DA:80,0
LF:29
LH:0
end_of_record
SF:lib/core/data/models/topic_progress_model.dart
DA:20,0
DA:28,0
DA:30,0
DA:31,0
DA:32,0
DA:33,0
DA:34,0
DA:35,0
DA:38,0
DA:39,0
DA:40,0
DA:41,0
DA:42,0
DA:43,0
DA:46,0
DA:53,0
DA:54,0
DA:55,0
DA:56,0
DA:57,0
DA:58,0
LF:21
LH:0
end_of_record
SF:lib/core/data/models/question_model.dart
DA:64,0
DA:86,0
DA:87,0
DA:88,0
DA:89,0
DA:90,0
DA:91,0
DA:92,0
DA:93,0
DA:94,0
DA:95,0
DA:96,0
DA:97,0
DA:98,0
DA:99,0
DA:100,0
DA:101,0
DA:102,0
DA:103,0
DA:104,0
DA:105,0
DA:108,0
DA:109,0
DA:110,0
DA:111,0
DA:115,0
DA:117,0
DA:118,0
DA:119,0
DA:120,0
DA:121,0
DA:123,0
DA:124,0
DA:129,0
DA:130,0
DA:132,0
DA:133,0
DA:134,0
DA:136,0
DA:137,0
DA:138,0
DA:139,0
DA:140,0
DA:141,0
DA:142,0
DA:144,0
DA:145,0
DA:146,0
DA:147,0
DA:148,0
DA:149,0
DA:155,0
DA:176,0
DA:177,0
DA:178,0
DA:179,0
DA:180,0
DA:181,0
DA:182,0
DA:183,0
DA:184,0
DA:185,0
DA:186,0
DA:187,0
DA:188,0
DA:189,0
DA:190,0
DA:191,0
DA:192,0
DA:193,0
DA:194,0
DA:195,0
LF:72
LH:0
end_of_record
SF:lib/core/data/models/answer_model.dart
DA:26,0
DA:36,0
DA:37,0
DA:38,0
DA:39,0
DA:40,0
DA:41,0
DA:42,0
DA:43,0
DA:46,0
DA:47,0
DA:48,0
DA:49,0
DA:50,0
DA:51,0
DA:52,0
DA:53,0
LF:17
LH:0
end_of_record
SF:lib/core/data/models/source_model.dart
DA:39,0
DA:53,0
DA:54,0
DA:55,0
DA:56,0
DA:57,0
DA:58,0
DA:59,0
DA:60,0
DA:61,0
DA:62,0
DA:63,0
DA:64,0
DA:67,0
DA:68,0
DA:69,0
DA:70,0
DA:71,0
DA:72,0
DA:74,0
DA:75,0
DA:76,0
DA:77,0
DA:78,0
DA:79,0
DA:80,0
DA:81,0
DA:84,0
DA:97,0
DA:98,0
DA:99,0
DA:100,0
DA:101,0
DA:102,0
DA:103,0
DA:104,0
DA:105,0
DA:106,0
DA:107,0
DA:108,0
LF:40
LH:0
end_of_record
SF:lib/core/data/models/student_attempt_model.dart
DA:40,0
DA:54,0
DA:55,0
DA:56,0
DA:57,0
DA:58,0
DA:59,0
DA:60,0
DA:61,0
DA:62,0
DA:63,0
DA:64,0
DA:65,0
DA:68,0
DA:69,0
DA:70,0
DA:71,0
DA:72,0
DA:73,0
DA:74,0
DA:75,0
DA:76,0
DA:77,0
DA:78,0
DA:79,0
DA:82,0
DA:95,0
DA:96,0
DA:97,0
DA:98,0
DA:99,0
DA:100,0
DA:101,0
DA:102,0
DA:103,0
DA:104,0
DA:105,0
DA:106,0
LF:38
LH:0
end_of_record
SF:lib/core/data/models/student_attempt_model.g.dart
DA:13,0
DA:15,0
DA:16,0
DA:17,0
DA:19,0
DA:20,0
DA:21,0
DA:22,0
DA:23,0
DA:24,0
DA:25,0
DA:26,0
DA:27,0
DA:28,0
DA:29,0
DA:30,0
DA:34,0
DA:37,0
DA:38,0
DA:39,0
DA:40,0
DA:41,0
DA:42,0
DA:43,0
DA:44,0
DA:45,0
DA:46,0
DA:47,0
DA:48,0
DA:49,0
DA:50,0
DA:51,0
DA:52,0
DA:53,0
DA:54,0
DA:55,0
DA:56,0
DA:57,0
DA:58,0
DA:59,0
DA:62,0
DA:63,0
DA:65,0
DA:68,0
DA:69,0
DA:70,0
LF:46
LH:0
end_of_record
SF:lib/core/data/models/lesson_block_model.dart
DA:24,0
DA:33,0
DA:34,0
DA:35,0
DA:36,0
DA:37,0
DA:38,0
DA:39,0
DA:42,0
DA:43,0
DA:44,0
DA:45,0
DA:46,0
DA:47,0
DA:48,0
DA:51,0
DA:59,0
DA:60,0
DA:61,0
DA:62,0
DA:63,0
DA:64,0
DA:65,0
LF:23
LH:0
end_of_record
SF:lib/core/data/models/lesson_model.dart
DA:34,0
DA:44,0
DA:46,0
DA:47,0
DA:48,0
DA:49,0
DA:50,0
DA:51,0
DA:52,0
DA:53,0
DA:54,0
DA:55,0
DA:58,0
DA:59,0
DA:60,0
DA:61,0
DA:62,0
DA:63,0
DA:64,0
DA:65,0
DA:66,0
DA:67,0
DA:70,0
DA:81,0
DA:82,0
DA:83,0
DA:84,0
DA:85,0
DA:86,0
DA:87,0
DA:88,0
DA:89,0
DA:90,0
LF:33
LH:0
end_of_record
SF:lib/core/data/models/study_session_model.dart
DA:32,0
DA:44,0
DA:45,0
DA:46,0
DA:47,0
DA:48,0
DA:49,0
DA:50,0
DA:51,0
DA:52,0
DA:53,0
DA:56,0
DA:57,0
DA:58,0
DA:59,0
DA:60,0
DA:61,0
DA:62,0
DA:63,0
DA:64,0
DA:65,0
DA:68,0
DA:79,0
DA:80,0
DA:81,0
DA:82,0
DA:83,0
DA:84,0
DA:85,0
DA:86,0
DA:87,0
DA:88,0
LF:32
LH:0
end_of_record
SF:lib/core/data/repositories/topic_repository.dart
DA:7,0
DA:8,0
DA:11,0
DA:12,0
DA:15,0
DA:16,0
DA:19,0
DA:20,0
DA:23,0
DA:24,0
DA:25,0
DA:28,0
DA:29,0
DA:30,0
DA:33,0
DA:34,0
DA:35,0
DA:38,0
DA:39,0
DA:42,0
DA:43,0
DA:45,0
DA:46,0
LF:23
LH:0
end_of_record
SF:lib/core/data/repositories/question_repository.dart
DA:12,0
DA:14,0
DA:16,0
DA:21,0
DA:23,0
DA:24,0
DA:26,0
DA:27,0
DA:31,0
DA:33,0
DA:34,0
DA:36,0
DA:37,0
DA:41,0
DA:43,0
DA:44,0
DA:46,0
DA:48,0
DA:49,0
DA:53,0
DA:55,0
DA:56,0
DA:58,0
DA:59,0
DA:61,0
DA:62,0
DA:66,0
DA:68,0
DA:69,0
DA:71,0
DA:72,0
DA:74,0
DA:75,0
DA:79,0
DA:84,0
DA:85,0
DA:87,0
DA:88,0
DA:89,0
DA:90,0
DA:92,0
DA:93,0
DA:97,0
DA:99,0
DA:100,0
DA:102,0
DA:103,0
DA:105,0
DA:106,0
DA:110,0
DA:115,0
DA:116,0
DA:118,0
DA:119,0
DA:120,0
DA:121,0
DA:123,0
DA:124,0
DA:129,0
DA:131,0
DA:132,0
DA:134,0
DA:135,0
DA:137,0
DA:138,0
DA:141,0
DA:142,0
DA:144,0
DA:145,0
DA:148,0
DA:149,0
DA:153,0
DA:155,0
DA:157,0
DA:159,0
DA:160,0
DA:161,0
DA:163,0
DA:164,0
DA:168,0
DA:170,0
DA:171,0
DA:173,0
DA:174,0
DA:183,0
LF:85
LH:0
end_of_record
SF:lib/core/data/repositories/attempt_repository.dart
DA:7,0
DA:8,0
DA:11,0
DA:12,0
DA:15,0
DA:16,0
DA:19,0
DA:20,0
DA:23,0
DA:24,0
DA:25,0
DA:28,0
DA:29,0
DA:30,0
DA:31,0
DA:32,0
DA:35,0
DA:36,0
DA:37,0
DA:40,0
DA:41,0
DA:42,0
DA:46,0
DA:47,0
DA:48,0
DA:49,0
DA:51,0
DA:54,0
DA:55,0
DA:59,0
DA:60,0
LF:31
LH:0
end_of_record
SF:lib/core/data/repositories/lesson_repository.dart
DA:9,0
DA:10,0
DA:11,0
DA:14,0
DA:15,0
DA:18,0
DA:19,0
DA:22,0
DA:23,0
DA:26,0
DA:27,0
DA:28,0
DA:31,0
DA:32,0
DA:33,0
DA:36,0
DA:37,0
DA:38,0
DA:39,0
DA:40,0
DA:43,0
DA:44,0
DA:47,0
DA:48,0
DA:49,0
DA:52,0
DA:53,0
DA:54,0
DA:57,0
DA:58,0
LF:30
LH:0
end_of_record
SF:lib/core/data/repositories/study_session_repository.dart
DA:7,0
DA:8,0
DA:11,0
DA:12,0
DA:15,0
DA:16,0
DA:19,0
DA:20,0
DA:23,0
DA:24,0
DA:25,0
DA:28,0
DA:29,0
DA:30,0
DA:33,0
DA:34,0
DA:35,0
DA:36,0
DA:37,0
DA:41,0
DA:42,0
DA:43,0
DA:44,0
DA:48,0
DA:49,0
DA:50,0
DA:53,0
DA:54,0
DA:56,0
DA:57,0
DA:61,0
DA:62,0
LF:32
LH:0
end_of_record
SF:lib/core/data/repositories/answer_repository.dart
DA:7,0
DA:8,0
DA:11,0
DA:12,0
DA:15,0
DA:16,0
DA:19,0
DA:20,0
DA:21,0
LF:9
LH:0
end_of_record
SF:lib/core/data/repositories/source_repository.dart
DA:7,0
DA:8,0
DA:11,0
DA:12,0
DA:15,0
DA:16,0
DA:19,0
DA:20,0
DA:23,0
DA:24,0
DA:27,0
DA:28,0
DA:31,0
DA:32,0
DA:35,0
DA:36,0
DA:39,0
DA:40,0
LF:18
LH:0
end_of_record
SF:lib/core/data/repositories/conversation_repository.dart
DA:7,0
DA:10,0
DA:11,0
DA:14,0
DA:15,0
DA:16,0
DA:18,0
DA:21,0
DA:22,0
DA:25,0
DA:26,0
DA:29,0
DA:30,0
DA:31,0
DA:32,0
DA:35,0
DA:36,0
DA:37,0
DA:38,0
DA:39,0
DA:40,0
DA:43,0
DA:44,0
DA:47,0
DA:51,0
DA:52,0
DA:54,0
DA:56,0
DA:59,0
DA:60,0
LF:30
LH:0
end_of_record
SF:lib/core/data/repositories/tutor_session_repository.dart
DA:7,0
DA:10,0
DA:11,0
DA:14,0
DA:15,0
DA:16,0
DA:18,0
DA:21,0
DA:22,0
DA:25,0
DA:26,0
DA:29,0
DA:30,0
DA:31,0
DA:35,0
DA:36,0
DA:37,0
DA:38,0
DA:39,0
DA:43,0
DA:47,0
DA:48,0
DA:49,0
DA:52,0
DA:53,0
DA:54,0
DA:55,0
DA:58,0
DA:59,0
DA:60,0
DA:61,0
DA:62,0
DA:65,0
DA:66,0
DA:69,0
DA:70,0
DA:73,0
DA:74,0
DA:76,0
DA:78,0
DA:79,0
DA:80,0
DA:81,0
DA:82,0
DA:83,0
DA:84,0
DA:85,0
DA:87,0
DA:88,0
LF:49
LH:0
end_of_record
SF:lib/core/data/database_migration.dart
DA:7,0
DA:12,0
DA:14,0
DA:15,0
DA:18,0
DA:19,0
DA:22,0
DA:24,0
DA:25,0
DA:26,0
DA:29,0
DA:34,0
DA:35,0
DA:39,0
DA:40,0
DA:43,0
DA:44,0
DA:46,0
DA:47,0
DA:48,0
DA:51,0
DA:56,0
DA:65,0
DA:70,0
DA:73,0
DA:84,0
DA:85,0
DA:87,0
DA:89,0
DA:93,0
DA:94,0
DA:96,0
DA:99,0
DA:101,0
DA:113,0
DA:120,0
LF:36
LH:0
end_of_record
SF:lib/core/data/repositories/mastery_graph_repository.dart
DA:16,0
DA:18,0
DA:28,0
DA:30,0
DA:31,0
DA:32,0
DA:33,0
DA:35,0
DA:40,0
DA:42,0
DA:43,0
DA:45,0
DA:47,0
DA:48,0
DA:49,0
DA:51,0
DA:52,0
DA:56,0
DA:58,0
DA:59,0
DA:60,0
DA:62,0
DA:63,0
DA:67,0
DA:69,0
DA:70,0
DA:71,0
DA:72,0
DA:74,0
DA:75,0
DA:79,0
DA:84,0
DA:85,0
DA:87,0
DA:89,0
DA:90,0
DA:91,0
DA:93,0
DA:94,0
DA:98,0
DA:100,0
DA:101,0
DA:102,0
DA:104,0
DA:105,0
DA:109,0
DA:114,0
DA:115,0
DA:116,0
DA:117,0
DA:118,0
DA:119,0
DA:121,0
DA:122,0
DA:126,0
DA:131,0
DA:132,0
DA:133,0
DA:134,0
DA:135,0
DA:137,0
DA:138,0
DA:142,0
DA:144,0
DA:146,0
DA:148,0
DA:149,0
DA:150,0
DA:152,0
DA:153,0
DA:157,0
DA:159,0
DA:160,0
DA:162,0
DA:163,0
DA:167,0
DA:169,0
DA:171,0
DA:172,0
DA:176,0
DA:178,0
DA:180,0
DA:182,0
DA:184,0
DA:185,0
DA:189,0
DA:191,0
DA:192,0
DA:194,0
DA:195,0
DA:199,0
DA:207,0
DA:208,0
DA:210,0
DA:217,0
DA:218,0
DA:220,0
DA:221,0
DA:225,0
DA:227,0
DA:228,0
DA:229,0
DA:230,0
DA:231,0
DA:233,0
DA:234,0
DA:238,0
DA:240,0
DA:241,0
DA:242,0
DA:243,0
DA:244,0
DA:246,0
DA:247,0
DA:251,0
DA:253,0
DA:254,0
DA:256,0
DA:257,0
DA:259,0
DA:261,0
DA:262,0
DA:263,0
DA:265,0
DA:266,0
DA:271,0
DA:273,0
DA:274,0
DA:276,0
DA:279,0
DA:280,0
LF:131
LH:0
end_of_record
SF:lib/core/errors/result.dart
DA:5,0
DA:10,0
DA:11,0
DA:12,0
DA:16,0
DA:20,0
LF:6
LH:0
end_of_record
SF:lib/core/providers/app_providers.dart
DA:11,0
DA:12,0
DA:13,0
DA:14,0
DA:15,0
DA:16,0
DA:17,0
DA:18,0
DA:19,0
DA:22,0
DA:29,0
DA:31,0
DA:32,0
DA:34,0
DA:35,0
DA:36,0
DA:38,0
DA:42,0
DA:55,0
DA:56,0
DA:57,0
DA:58,0
DA:59,0
DA:60,0
DA:62,0
DA:64,0
DA:66,0
DA:68,0
DA:70,0
DA:72,0
DA:74,0
DA:78,0
DA:80,0
DA:81,0
DA:83,0
DA:87,0
DA:89,0
DA:90,0
DA:92,0
DA:96,0
DA:98,0
DA:99,0
DA:101,0
DA:105,0
DA:107,0
DA:108,0
DA:110,0
DA:114,0
DA:115,0
DA:118,0
DA:119,0
DA:122,0
DA:123,0
DA:126,0
DA:132,0
DA:137,0
DA:139,0
DA:143,0
DA:144,0
DA:147,0
DA:148,0
DA:152,0
DA:153,0
DA:156,0
DA:158,0
DA:160,0
DA:162,0
DA:164,0
DA:166,0
DA:168,0
DA:170,0
DA:171,0
DA:172,0
LF:73
LH:0
end_of_record
SF:lib/features/settings/data/models/settings_box.g.dart
DA:13,0
DA:15,0
DA:16,0
DA:17,0
DA:19,0
DA:20,0
DA:21,0
DA:22,0
DA:23,0
DA:24,0
DA:25,0
DA:26,0
DA:27,0
DA:28,0
DA:29,0
DA:30,0
DA:31,0
DA:32,0
DA:36,0
DA:39,0
DA:40,0
DA:41,0
DA:42,0
DA:43,0
DA:44,0
DA:45,0
DA:46,0
DA:47,0
DA:48,0
DA:49,0
DA:50,0
DA:51,0
DA:52,0
DA:53,0
DA:54,0
DA:55,0
DA:56,0
DA:57,0
DA:58,0
DA:59,0
DA:60,0
DA:61,0
DA:62,0
DA:63,0
DA:64,0
DA:65,0
DA:68,0
DA:69,0
DA:71,0
DA:74,0
DA:75,0
DA:76,0
LF:52
LH:0
end_of_record
SF:lib/features/settings/data/models/settings_box.dart
DA:48,0
DA:64,0
DA:65,0
DA:66,0
DA:69,0
DA:70,0
DA:73,0
DA:74,0
DA:75,0
DA:76,0
DA:77,0
DA:78,0
DA:79,0
DA:80,0
DA:81,0
DA:82,0
DA:83,0
DA:84,0
DA:85,0
DA:86,0
DA:87,0
DA:91,0
DA:92,0
DA:93,0
DA:94,0
DA:95,0
DA:98,0
DA:99,0
DA:100,0
DA:101,0
DA:102,0
DA:103,0
DA:104,0
DA:105,0
DA:108,0
DA:110,0
DA:111,0
DA:112,0
DA:114,0
DA:115,0
DA:120,0
DA:122,0
LF:42
LH:0
end_of_record
SF:lib/features/settings/data/repositories/settings_repository.dart
DA:9,0
DA:10,0
DA:11,0
DA:17,0
DA:18,0
DA:20,0
DA:25,0
DA:26,0
DA:28,0
DA:33,0
DA:34,0
DA:35,0
DA:39,0
DA:43,0
DA:46,0
DA:47,0
DA:48,0
DA:53,0
DA:54,0
DA:57,0
DA:58,0
DA:60,0
DA:65,0
DA:66,0
DA:67,0
DA:68,0
DA:72,0
DA:73,0
DA:74,0
DA:75,0
DA:76,0
DA:77,0
DA:80,0
DA:81,0
DA:87,0
DA:88,0
DA:89,0
DA:90,0
DA:98,0
DA:99,0
DA:101,0
DA:102,0
DA:103,0
DA:104,0
DA:105,0
DA:106,0
DA:107,0
DA:108,0
DA:109,0
DA:110,0
DA:111,0
DA:112,0
DA:113,0
DA:114,0
DA:119,0
DA:131,0
DA:132,0
DA:134,0
DA:135,0
DA:136,0
DA:137,0
DA:138,0
DA:139,0
DA:140,0
DA:141,0
DA:142,0
DA:144,0
DA:146,0
DA:148,0
DA:150,0
DA:152,0
DA:155,0
DA:156,0
DA:157,0
DA:158,0
DA:159,0
DA:160,0
DA:161,0
DA:162,0
DA:163,0
DA:164,0
DA:165,0
DA:166,0
DA:167,0
DA:171,0
DA:176,0
DA:177,0
DA:178,0
DA:179,0
DA:180,0
DA:181,0
DA:182,0
DA:183,0
DA:184,0
DA:185,0
DA:186,0
DA:187,0
DA:189,0
DA:190,0
DA:191,0
DA:192,0
DA:196,0
DA:197,0
DA:198,0
DA:202,0
DA:203,0
DA:204,0
DA:207,0
LF:108
LH:0
end_of_record
SF:lib/core/services/answer_validation_service.dart
DA:12,0
DA:24,0
DA:25,0
DA:28,0
DA:29,0
DA:30,0
DA:32,0
DA:33,0
DA:36,0
DA:37,0
DA:38,0
DA:42,0
DA:43,0
DA:44,0
DA:47,0
DA:48,0
DA:51,0
DA:52,0
DA:54,0
DA:59,0
DA:60,0
DA:63,0
DA:64,0
DA:65,0
DA:66,0
DA:70,0
DA:71,0
DA:78,0
DA:79,0
DA:82,0
DA:83,0
DA:84,0
DA:91,0
DA:92,0
DA:95,0
DA:96,0
DA:97,0
DA:100,0
DA:101,0
DA:102,0
DA:105,0
DA:109,0
DA:113,0
DA:114,0
DA:115,0
DA:117,0
DA:118,0
DA:119,0
DA:122,0
DA:123,0
DA:124,0
DA:127,0
DA:128,0
DA:129,0
DA:130,0
DA:131,0
DA:132,0
DA:133,0
DA:135,0
DA:139,0
DA:140,0
DA:141,0
DA:142,0
DA:143,0
DA:144,0
DA:153,0
DA:155,0
DA:156,0
DA:159,0
DA:161,0
DA:162,0
DA:163,0
DA:164,0
DA:165,0
DA:166,0
DA:167,0
DA:168,0
DA:169,0
DA:170,0
DA:171,0
DA:172,0
DA:173,0
DA:174,0
DA:175,0
DA:176,0
DA:177,0
DA:184,0
DA:186,0
DA:191,0
DA:192,0
DA:197,0
DA:198,0
DA:199,0
DA:200,0
DA:202,0
DA:205,0
DA:206,0
DA:207,0
DA:209,0
DA:213,0
DA:215,0
DA:219,0
DA:221,0
DA:224,0
DA:225,0
DA:226,0
DA:227,0
DA:228,0
DA:229,0
DA:231,0
DA:232,0
DA:233,0
DA:234,0
DA:235,0
DA:236,0
DA:238,0
DA:241,0
DA:245,0
DA:247,0
DA:249,0
DA:250,0
DA:251,0
DA:252,0
DA:253,0
DA:257,0
DA:258,0
DA:261,0
DA:262,0
DA:263,0
DA:265,0
DA:266,0
DA:268,0
DA:269,0
DA:270,0
DA:276,0
DA:277,0
DA:278,0
DA:280,0
DA:281,0
DA:282,0
DA:285,0
DA:288,0
DA:290,0
DA:292,0
DA:293,0
DA:295,0
LF:146
LH:0
end_of_record
SF:lib/core/services/mastery_calculation_service.dart
DA:4,0
DA:11,0
DA:12,0
DA:15,0
DA:17,0
DA:18,0
DA:21,0
DA:22,0
DA:27,0
DA:28,0
DA:31,0
DA:34,0
DA:36,0
DA:37,0
DA:38,0
DA:41,0
DA:42,0
DA:43,0
DA:44,0
DA:45,0
DA:46,0
DA:53,0
DA:55,0
DA:56,0
DA:57,0
DA:78,0
DA:79,0
DA:80,0
DA:83,0
DA:84,0
DA:85,0
DA:88,0
DA:90,0
DA:91,0
DA:96,0
DA:97,0
DA:98,0
DA:99,0
DA:102,0
DA:103,0
DA:105,0
DA:107,0
DA:109,0
DA:116,0
DA:117,0
DA:118,0
DA:119,0
DA:120,0
DA:121,0
DA:122,0
DA:126,0
DA:138,0
DA:139,0
DA:141,0
DA:142,0
DA:143,0
DA:144,0
DA:147,0
DA:148,0
DA:151,0
DA:153,0
DA:155,0
DA:156,0
DA:157,0
DA:158,0
DA:160,0
DA:163,0
LF:67
LH:0
end_of_record
SF:lib/core/services/mastery_graph_service.dart
DA:13,0
DA:16,0
DA:17,0
DA:19,0
DA:21,0
DA:30,0
DA:31,0
DA:32,0
DA:35,0
DA:36,0
DA:43,0
DA:44,0
DA:48,0
DA:49,0
DA:50,0
DA:53,0
DA:54,0
DA:60,0
DA:63,0
DA:64,0
DA:67,0
DA:68,0
DA:71,0
DA:75,0
DA:78,0
DA:82,0
DA:85,0
DA:86,0
DA:89,0
DA:90,0
DA:93,0
DA:94,0
DA:97,0
DA:104,0
DA:113,0
DA:114,0
DA:115,0
DA:116,0
DA:119,0
DA:120,0
DA:121,0
DA:123,0
DA:124,0
DA:125,0
DA:126,0
DA:127,0
DA:132,0
DA:133,0
DA:136,0
DA:137,0
DA:140,0
DA:141,0
DA:142,0
DA:143,0
DA:146,0
DA:147,0
DA:148,0
DA:149,0
LF:58
LH:0
end_of_record
SF:lib/core/services/student_id_service.dart
DA:6,0
DA:7,0
DA:8,0
DA:15,0
DA:16,0
DA:19,0
DA:20,0
DA:21,0
DA:22,0
DA:23,0
DA:24,0
DA:28,0
DA:29,0
DA:30,0
DA:34,0
DA:35,0
DA:36,0
DA:40,0
DA:41,0
DA:44,0
DA:45,0
DA:46,0
DA:47,0
DA:50,0
DA:51,0
LF:25
LH:0
end_of_record
SF:lib/core/utils/responsive.dart
DA:9,0
DA:10,0
DA:11,0
DA:12,0
DA:13,0
DA:14,0
DA:22,3
DA:23,6
DA:24,3
DA:25,3
DA:26,0
DA:30,3
DA:31,3
DA:33,3
DA:35,3
DA:37,0
DA:39,0
DA:44,3
DA:45,3
DA:47,3
DA:49,3
DA:51,0
DA:53,0
DA:58,0
DA:59,0
DA:61,0
DA:63,0
DA:65,0
DA:67,0
DA:72,0
DA:73,0
DA:75,0
DA:77,0
DA:79,0
DA:81,0
DA:86,3
DA:87,3
DA:89,3
DA:91,3
DA:93,0
DA:95,0
DA:100,3
DA:101,3
DA:103,3
DA:105,3
DA:107,0
DA:109,0
DA:114,0
DA:115,0
DA:117,0
DA:119,0
DA:121,0
DA:123,0
DA:130,0
DA:131,0
DA:133,0
DA:141,0
DA:142,0
DA:145,0
DA:146,0
DA:149,0
DA:157,0
DA:158,0
DA:159,0
DA:160,0
LF:65
LH:20
end_of_record
SF:lib/core/widgets/conversation_input.dart
DA:14,0
DA:27,0
DA:28,0
DA:32,0
DA:34,0
DA:36,0
DA:37,0
DA:41,0
DA:43,0
DA:44,0
DA:45,0
DA:46,0
DA:47,0
DA:52,0
DA:54,0
DA:55,0
DA:56,0
DA:59,0
DA:60,0
DA:61,0
DA:62,0
DA:66,0
DA:67,0
DA:68,0
DA:69,0
DA:70,0
DA:73,0
DA:74,0
DA:75,0
DA:76,0
DA:79,0
DA:80,0
DA:83,0
DA:84,0
DA:85,0
DA:86,0
DA:95,0
DA:98,0
DA:99,0
DA:100,0
DA:102,0
DA:104,0
DA:105,0
DA:106,0
DA:117,0
DA:118,0
DA:119,0
DA:120,0
DA:121,0
LF:49
LH:0
end_of_record
SF:lib/features/teaching/presentation/tutor_screen.dart
DA:23,1
DA:32,2
DA:33,2
DA:48,2
DA:50,2
DA:51,4
DA:52,4
DA:53,4
DA:54,2
DA:57,2
DA:58,4
DA:59,0
DA:61,6
DA:62,0
DA:65,0
DA:66,0
DA:73,0
DA:76,0
DA:77,0
DA:78,0
DA:80,0
DA:81,0
DA:82,0
DA:83,0
DA:86,0
DA:87,0
DA:90,0
DA:91,0
DA:92,0
DA:93,0
DA:96,0
DA:100,0
DA:101,0
DA:103,0
DA:104,0
DA:106,0
DA:107,0
DA:108,0
DA:109,0
DA:110,0
DA:111,0
DA:114,0
DA:115,0
DA:118,0
DA:119,0
DA:120,0
DA:122,0
DA:123,0
DA:125,0
DA:126,0
DA:127,0
DA:128,0
DA:129,0
DA:132,0
DA:133,0
DA:134,0
DA:137,0
DA:138,0
DA:139,0
DA:141,0
DA:144,0
DA:145,0
DA:146,0
DA:150,0
DA:151,0
DA:153,0
DA:154,0
DA:156,0
DA:157,0
DA:158,0
DA:159,0
DA:160,0
DA:161,0
DA:162,0
DA:165,0
DA:166,0
DA:168,0
DA:172,0
DA:173,0
DA:174,0
DA:175,0
DA:176,0
DA:178,0
DA:186,0
DA:187,0
DA:188,0
DA:189,0
DA:191,0
DA:192,0
DA:193,0
DA:194,0
DA:197,0
DA:198,0
DA:199,0
DA:201,0
DA:203,0
DA:210,0
DA:211,0
DA:213,0
DA:214,0
DA:215,0
DA:217,0
DA:219,0
DA:220,0
DA:222,0
DA:224,0
DA:231,0
DA:232,0
DA:233,0
DA:234,0
DA:235,0
DA:243,0
DA:245,0
DA:246,0
DA:247,0
DA:248,0
DA:249,0
DA:252,0
DA:254,0
DA:255,0
DA:256,0
DA:258,0
DA:259,0
DA:260,0
DA:261,0
DA:262,0
DA:263,0
DA:264,0
DA:266,0
DA:270,0
DA:271,0
DA:272,0
DA:273,0
DA:274,0
DA:275,0
DA:276,0
DA:277,0
DA:278,0
DA:280,0
DA:281,0
DA:282,0
DA:285,0
DA:286,0
DA:287,0
DA:288,0
DA:289,0
DA:290,0
DA:291,0
DA:292,0
DA:293,0
DA:295,0
DA:296,0
DA:297,0
DA:298,0
DA:299,0
DA:301,0
DA:302,0
DA:304,0
DA:306,0
DA:307,0
DA:317,0
DA:318,0
DA:319,0
DA:320,0
DA:321,0
DA:325,0
DA:326,0
DA:327,0
DA:328,0
DA:329,0
DA:330,0
DA:331,0
DA:333,0
DA:334,0
DA:335,0
DA:336,0
DA:337,0
DA:344,0
LF:178
LH:12
end_of_record
SF:lib/features/settings/data/models/accessibility_preferences.dart
DA:19,0
DA:26,0
DA:27,0
DA:28,0
DA:29,0
DA:30,0
DA:33,0
DA:34,0
DA:35,0
DA:37,0
DA:39,0
DA:40,0
DA:41,0
DA:45,0
DA:51,0
DA:52,0
DA:53,0
DA:54,0
DA:55,0
DA:59,0
DA:61,0
DA:62,0
LF:22
LH:0
end_of_record
SF:lib/features/settings/data/models/accessibility_preferences.g.dart
DA:14,0
DA:16,0
DA:17,0
DA:18,0
DA:20,0
DA:21,0
DA:22,0
DA:23,0
DA:24,0
DA:28,0
DA:31,0
DA:32,0
DA:33,0
DA:34,0
DA:35,0
DA:36,0
DA:37,0
DA:38,0
DA:39,0
DA:42,0
DA:43,0
DA:45,0
DA:48,0
DA:49,0
DA:50,0
LF:25
LH:0
end_of_record
SF:lib/features/settings/data/models/user_profile_model.dart
DA:35,0
DA:47,0
DA:48,0
DA:49,0
DA:50,0
DA:51,0
DA:52,0
DA:53,0
DA:54,0
DA:55,0
DA:56,0
DA:59,0
DA:60,0
DA:61,0
DA:62,0
DA:63,0
DA:64,0
DA:65,0
DA:66,0
DA:67,0
DA:69,0
DA:70,0
DA:71,0
DA:72,0
DA:76,0
DA:87,0
DA:88,0
DA:89,0
DA:90,0
DA:91,0
DA:92,0
DA:93,0
DA:94,0
DA:95,0
DA:96,0
LF:35
LH:0
end_of_record
SF:lib/features/settings/data/models/user_profile_model.g.dart
DA:13,0
DA:15,0
DA:16,0
DA:17,0
DA:19,0
DA:20,0
DA:21,0
DA:22,0
DA:23,0
DA:24,0
DA:25,0
DA:26,0
DA:27,0
DA:28,0
DA:32,0
DA:35,0
DA:36,0
DA:37,0
DA:38,0
DA:39,0
DA:40,0
DA:41,0
DA:42,0
DA:43,0
DA:44,0
DA:45,0
DA:46,0
DA:47,0
DA:48,0
DA:49,0
DA:50,0
DA:51,0
DA:52,0
DA:53,0
DA:56,0
DA:57,0
DA:59,0
DA:62,0
DA:63,0
DA:64,0
LF:40
LH:0
end_of_record
SF:lib/features/teaching/services/conversation_manager.dart
DA:35,0
DA:41,0
DA:43,0
DA:44,0
DA:45,0
DA:46,0
DA:47,0
DA:48,0
DA:50,0
DA:56,0
DA:57,0
DA:58,0
DA:59,0
DA:60,0
DA:63,0
DA:83,0
DA:85,0
DA:87,0
DA:95,0
DA:96,0
DA:97,0
DA:98,0
DA:102,0
DA:104,0
DA:105,0
DA:107,0
DA:108,0
DA:109,0
DA:110,0
DA:111,0
DA:112,0
DA:113,0
DA:115,0
DA:119,0
DA:120,0
DA:121,0
DA:123,0
DA:125,0
DA:127,0
DA:130,0
DA:132,0
DA:134,0
DA:136,0
DA:137,0
DA:139,0
DA:140,0
DA:141,0
DA:142,0
DA:144,0
DA:145,0
DA:146,0
DA:151,0
DA:152,0
DA:153,0
DA:154,0
DA:156,0
DA:159,0
DA:162,0
DA:163,0
DA:164,0
DA:166,0
DA:167,0
DA:168,0
DA:170,0
DA:171,0
DA:176,0
DA:177,0
DA:178,0
DA:180,0
DA:182,0
DA:184,0
DA:191,0
DA:192,0
DA:193,0
DA:194,0
DA:198,0
DA:199,0
DA:200,0
DA:201,0
DA:202,0
DA:203,0
DA:204,0
DA:208,0
DA:225,0
DA:228,0
DA:229,0
DA:230,0
DA:231,0
DA:235,0
DA:240,0
DA:241,0
DA:244,0
DA:245,0
DA:246,0
DA:248,0
DA:249,0
DA:251,0
DA:254,0
DA:257,0
DA:258,0
DA:259,0
DA:263,0
DA:264,0
DA:268,0
DA:269,0
DA:273,0
DA:274,0
DA:277,0
DA:278,0
DA:281,0
DA:282,0
DA:283,0
DA:284,0
DA:285,0
DA:288,0
DA:289,0
DA:290,0
DA:291,0
DA:294,0
DA:295,0
DA:296,0
DA:297,0
DA:300,0
DA:302,0
DA:305,0
DA:306,0
DA:307,0
DA:311,0
DA:313,0
DA:315,0
DA:320,0
DA:321,0
DA:322,0
DA:323,0
DA:324,0
DA:325,0
DA:326,0
DA:328,0
DA:329,0
DA:330,0
DA:331,0
DA:332,0
DA:333,0
DA:334,0
DA:335,0
DA:339,0
DA:340,0
DA:341,0
LF:148
LH:0
end_of_record
SF:lib/features/teaching/services/tutor_service.dart
DA:16,0
DA:26,0
DA:28,0
DA:35,0
DA:37,0
DA:44,0
DA:47,0
DA:49,0
DA:50,0
DA:51,0
DA:55,0
DA:62,0
DA:68,0
DA:69,0
DA:72,0
DA:76,0
DA:77,0
DA:79,0
DA:80,0
DA:82,0
DA:83,0
DA:86,0
DA:88,0
DA:89,0
DA:90,0
DA:91,0
DA:92,0
DA:93,0
DA:94,0
DA:95,0
DA:99,0
DA:102,0
DA:103,0
DA:106,0
DA:107,0
DA:110,0
DA:111,0
DA:114,0
DA:115,0
DA:118,0
DA:119,0
DA:120,0
LF:42
LH:0
end_of_record
SF:lib/features/teaching/presentation/widgets/chat_bubble.dart
DA:10,0
DA:16,0
DA:18,0
DA:19,0
DA:21,0
DA:22,0
DA:23,0
DA:24,0
DA:27,0
DA:31,0
DA:32,0
DA:33,0
DA:34,0
DA:35,0
DA:37,0
DA:39,0
DA:40,0
DA:41,0
DA:44,0
DA:45,0
DA:48,0
DA:50,0
DA:51,0
DA:52,0
DA:54,0
DA:55,0
DA:56,0
DA:58,0
DA:59,0
DA:60,0
DA:61,0
DA:62,0
DA:63,0
DA:68,0
DA:73,0
DA:74,0
DA:80,0
DA:81,0
DA:84,0
DA:85,0
DA:86,0
DA:90,0
DA:91,0
DA:96,0
DA:97,0
DA:99,0
DA:103,0
DA:105,0
DA:106,0
DA:107,0
DA:108,0
DA:115,1
DA:117,0
DA:118,0
DA:125,0
DA:127,0
DA:128,0
DA:131,0
DA:134,0
DA:136,0
DA:137,0
DA:140,0
DA:142,0
DA:144,0
DA:145,0
DA:146,0
DA:147,0
DA:148,0
DA:154,0
DA:155,0
DA:156,0
DA:157,0
DA:158,0
DA:159,0
DA:160,0
DA:162,0
DA:164,0
DA:168,0
DA:169,0
DA:170,0
DA:171,0
DA:172,0
DA:181,0
DA:182,0
DA:183,0
LF:85
LH:1
end_of_record
SF:lib/features/teaching/presentation/widgets/lesson_progress_bar.dart
DA:12,0
DA:21,0
DA:23,0
DA:25,0
DA:26,0
DA:27,0
DA:28,0
DA:30,0
DA:31,0
DA:32,0
DA:33,0
DA:34,0
DA:35,0
DA:36,0
DA:40,0
DA:42,0
DA:43,0
DA:44,0
DA:45,0
DA:46,0
DA:47,0
DA:48,0
DA:54,0
DA:56,0
DA:57,0
DA:58,0
DA:60,0
DA:61,0
DA:62,0
DA:63,0
DA:70,0
DA:71,0
DA:72,0
DA:76,0
DA:77,0
DA:79,0
DA:80,0
DA:82,0
DA:87,0
DA:88,0
DA:89,0
DA:91,0
DA:94,0
DA:95,0
DA:96,0
DA:100,0
DA:101,0
DA:102,0
DA:103,0
DA:113,0
DA:114,0
DA:116,0
DA:117,0
DA:120,0
DA:123,0
DA:125,0
DA:126,0
LF:57
LH:0
end_of_record
